[32mINFO    [0m integration.test_backups:test_backups.py:84 deleting the previously created backups
[32mINFO    [0m pytest_operator.plugin:plugin.py:862 Model status:

Model  Controller           Cloud/Region         Version  SLA          Timestamp
test   localhost-localhost  localhost/localhost  3.1.8    unsupported  02:01:00Z

App                       Version  Status  Scale  Charm                     Channel        Rev  Exposed  Message
postgresql-aws            14.11    active      2  postgresql                                 0  no       
s3-integrator                      active      1  s3-integrator             latest/stable   24  no       
self-signed-certificates           active      1  self-signed-certificates  latest/stable  155  no       

Unit                         Workload  Agent      Machine  Public address  Ports     Message
postgresql-aws/0*            waiting   executing  2        10.55.52.212    5432/tcp  awaiting for member to start
postgresql-aws/1             active    idle       3        10.55.52.68     5432/tcp  
s3-integrator/0*             active    idle       0        10.55.52.211              
self-signed-certificates/0*  active    idle       1        10.55.52.213              

Machine  State    Address       Inst id        Base          AZ  Message
0        started  10.55.52.211  juju-ce312e-0  ubuntu@22.04      Running
1        started  10.55.52.213  juju-ce312e-1  ubuntu@22.04      Running
2        started  10.55.52.212  juju-ce312e-2  ubuntu@22.04      Running
3        started  10.55.52.68   juju-ce312e-3  ubuntu@22.04      Running

[32mINFO    [0m pytest_operator.plugin:plugin.py:868 Juju error logs:

machine-0: 01:35:45 ERROR juju.worker.dependency "lxd-container-provisioner" manifold worker returned unexpected error: container types not yet available
machine-0: 01:35:45 ERROR juju.worker.dependency "broker-tracker" manifold worker returned unexpected error: no container types determined
machine-0: 01:35:45 ERROR juju.worker.dependency "kvm-container-provisioner" manifold worker returned unexpected error: container types not yet available
unit-s3-integrator-0: 01:35:45 ERROR juju.worker.meterstatus error running "meter-status-changed": charm missing from disk
machine-1: 01:35:47 ERROR juju.worker.dependency "kvm-container-provisioner" manifold worker returned unexpected error: container types not yet available
machine-1: 01:35:47 ERROR juju.worker.dependency "broker-tracker" manifold worker returned unexpected error: no container types determined
machine-1: 01:35:47 ERROR juju.worker.dependency "lxd-container-provisioner" manifold worker returned unexpected error: container types not yet available
unit-self-signed-certificates-0: 01:35:47 ERROR juju.worker.meterstatus error running "meter-status-changed": charm missing from disk
machine-3: 01:36:15 ERROR juju.worker.dependency "broker-tracker" manifold worker returned unexpected error: no container types determined
machine-3: 01:36:15 ERROR juju.worker.dependency "kvm-container-provisioner" manifold worker returned unexpected error: container types not yet available
machine-3: 01:36:15 ERROR juju.worker.dependency "lxd-container-provisioner" manifold worker returned unexpected error: container types not yet available
machine-2: 01:36:15 ERROR juju.worker.dependency "lxd-container-provisioner" manifold worker returned unexpected error: container types not yet available
machine-2: 01:36:15 ERROR juju.worker.dependency "kvm-container-provisioner" manifold worker returned unexpected error: container types not yet available
machine-2: 01:36:15 ERROR juju.worker.dependency "broker-tracker" manifold worker returned unexpected error: no container types determined
unit-postgresql-aws-1: 01:36:15 ERROR juju.worker.meterstatus error running "meter-status-changed": charm missing from disk
unit-postgresql-aws-0: 01:36:15 ERROR juju.worker.meterstatus error running "meter-status-changed": charm missing from disk
unit-postgresql-aws-0: 01:37:47 ERROR unit.postgresql-aws/0.juju-log s3-parameters:4: Failed to list PostgreSQL database users: could not translate host name "None" to address: Temporary failure in name resolution

unit-postgresql-aws-0: 01:40:18 ERROR unit.postgresql-aws/0.juju-log certificates:5: TLS files failed to push. Error in config update
Traceback (most recent call last):
  File "/var/lib/juju/agents/unit-postgresql-aws-0/charm/venv/urllib3/connectionpool.py", line 789, in urlopen
    response = self._make_request(
  File "/var/lib/juju/agents/unit-postgresql-aws-0/charm/venv/urllib3/connectionpool.py", line 536, in _make_request
    response = conn.getresponse()
  File "/var/lib/juju/agents/unit-postgresql-aws-0/charm/venv/urllib3/connection.py", line 464, in getresponse
    httplib_response = super().getresponse()
  File "/usr/lib/python3.10/http/client.py", line 1375, in getresponse
    response.begin()
  File "/usr/lib/python3.10/http/client.py", line 318, in begin
    version, status, reason = self._read_status()
  File "/usr/lib/python3.10/http/client.py", line 279, in _read_status
    line = str(self.fp.readline(_MAXLINE + 1), "iso-8859-1")
  File "/usr/lib/python3.10/socket.py", line 705, in readinto
    return self._sock.recv_into(b)
ConnectionResetError: [Errno 104] Connection reset by peer

During handling of the above exception, another exception occurred:

Traceback (most recent call last):
  File "/var/lib/juju/agents/unit-postgresql-aws-0/charm/venv/requests/adapters.py", line 667, in send
    resp = conn.urlopen(
  File "/var/lib/juju/agents/unit-postgresql-aws-0/charm/venv/urllib3/connectionpool.py", line 843, in urlopen
    retries = retries.increment(
  File "/var/lib/juju/agents/unit-postgresql-aws-0/charm/venv/urllib3/util/retry.py", line 474, in increment
    raise reraise(type(error), error, _stacktrace)
  File "/var/lib/juju/agents/unit-postgresql-aws-0/charm/venv/urllib3/util/util.py", line 38, in reraise
    raise value.with_traceback(tb)
  File "/var/lib/juju/agents/unit-postgresql-aws-0/charm/venv/urllib3/connectionpool.py", line 789, in urlopen
    response = self._make_request(
  File "/var/lib/juju/agents/unit-postgresql-aws-0/charm/venv/urllib3/connectionpool.py", line 536, in _make_request
    response = conn.getresponse()
  File "/var/lib/juju/agents/unit-postgresql-aws-0/charm/venv/urllib3/connection.py", line 464, in getresponse
    httplib_response = super().getresponse()
  File "/usr/lib/python3.10/http/client.py", line 1375, in getresponse
    response.begin()
  File "/usr/lib/python3.10/http/client.py", line 318, in begin
    version, status, reason = self._read_status()
  File "/usr/lib/python3.10/http/client.py", line 279, in _read_status
    line = str(self.fp.readline(_MAXLINE + 1), "iso-8859-1")
  File "/usr/lib/python3.10/socket.py", line 705, in readinto
    return self._sock.recv_into(b)
urllib3.exceptions.ProtocolError: ('Connection aborted.', ConnectionResetError(104, 'Connection reset by peer'))

During handling of the above exception, another exception occurred:

Traceback (most recent call last):
  File "/var/lib/juju/agents/unit-postgresql-aws-0/charm/venv/tenacity/__init__.py", line 472, in __call__
    result = fn(*args, **kwargs)
  File "/var/lib/juju/agents/unit-postgresql-aws-0/charm/src/cluster.py", line 667, in reload_patroni_configuration
    requests.post(f"{self._patroni_url}/reload", verify=self.verify)
  File "/var/lib/juju/agents/unit-postgresql-aws-0/charm/venv/requests/api.py", line 115, in post
    return request("post", url, data=data, json=json, **kwargs)
  File "/var/lib/juju/agents/unit-postgresql-aws-0/charm/venv/requests/api.py", line 59, in request
    return session.request(method=method, url=url, **kwargs)
  File "/var/lib/juju/agents/unit-postgresql-aws-0/charm/venv/requests/sessions.py", line 589, in request
    resp = self.send(prep, **send_kwargs)
  File "/var/lib/juju/agents/unit-postgresql-aws-0/charm/venv/requests/sessions.py", line 703, in send
    r = adapter.send(request, **kwargs)
  File "/var/lib/juju/agents/unit-postgresql-aws-0/charm/venv/requests/adapters.py", line 682, in send
    raise ConnectionError(err, request=request)
requests.exceptions.ConnectionError: ('Connection aborted.', ConnectionResetError(104, 'Connection reset by peer'))

The above exception was the direct cause of the following exception:

Traceback (most recent call last):
  File "/var/lib/juju/agents/unit-postgresql-aws-0/charm/./src/charm.py", line 1492, in push_tls_files_to_workload
    return self.update_config()
  File "/var/lib/juju/agents/unit-postgresql-aws-0/charm/lib/charms/tempo_k8s/v1/charm_tracing.py", line 544, in wrapped_function
    return callable(*args, **kwargs)  # type: ignore
  File "/var/lib/juju/agents/unit-postgresql-aws-0/charm/./src/charm.py", line 1620, in update_config
    self._handle_postgresql_restart_need(enable_tls)
  File "/var/lib/juju/agents/unit-postgresql-aws-0/charm/lib/charms/tempo_k8s/v1/charm_tracing.py", line 544, in wrapped_function
    return callable(*args, **kwargs)  # type: ignore
  File "/var/lib/juju/agents/unit-postgresql-aws-0/charm/./src/charm.py", line 1657, in _handle_postgresql_restart_need
    self._patroni.reload_patroni_configuration()
  File "/var/lib/juju/agents/unit-postgresql-aws-0/charm/lib/charms/tempo_k8s/v1/charm_tracing.py", line 544, in wrapped_function
    return callable(*args, **kwargs)  # type: ignore
  File "/var/lib/juju/agents/unit-postgresql-aws-0/charm/venv/tenacity/__init__.py", line 332, in wrapped_f
    return self(f, *args, **kw)
  File "/var/lib/juju/agents/unit-postgresql-aws-0/charm/venv/tenacity/__init__.py", line 469, in __call__
    do = self.iter(retry_state=retry_state)
  File "/var/lib/juju/agents/unit-postgresql-aws-0/charm/venv/tenacity/__init__.py", line 370, in iter
    result = action(retry_state)
  File "/var/lib/juju/agents/unit-postgresql-aws-0/charm/venv/tenacity/__init__.py", line 413, in exc_check
    raise retry_exc from fut.exception()
tenacity.RetryError: RetryError[<Future at 0x77606d747100 state=finished raised ConnectionError>]

[32mINFO    [0m pytest_operator.plugin:plugin.py:947 Forgetting model main...