[32mINFO    [0m pytest_operator.plugin:plugin.py:862 Model status:

Model  Controller           Cloud/Region         Version  SLA          Timestamp
test   localhost-localhost  localhost/localhost  3.4.4    unsupported  01:53:39Z

App                   Version  Status  Scale  Charm                Channel        Rev  Exposed  Message
mailman3-core                  active      1  mailman3-core        latest/stable   18  no       Ready (source version/commit e1d5a03)
postgresql            14.12    active      2  postgresql                            0  no       
postgresql-test-app            active      1  postgresql-test-app  latest/edge    188  no       
postgresql-test-app2           active      1  postgresql-test-app  latest/edge    188  no       

Unit                     Workload  Agent      Machine  Public address  Ports     Message
mailman3-core/0*         active    idle       2        10.244.153.126  25/tcp    Ready (source version/commit e1d5a03)
postgresql-test-app2/0*  active    executing  6        10.244.153.49             
postgresql-test-app/0*   active    executing  5        10.244.153.58             
postgresql/2             active    executing  3        10.244.153.52   5432/tcp  Primary
postgresql/3*            blocked   executing  4        10.244.153.93   5432/tcp  extensions requested through relation, enable them through config options

Machine  State    Address         Inst id        Base          AZ  Message
2        started  10.244.153.126  juju-3592a5-2  ubuntu@20.04      Running
3        started  10.244.153.52   juju-3592a5-3  ubuntu@22.04      Running
4        started  10.244.153.93   juju-3592a5-4  ubuntu@22.04      Running
5        started  10.244.153.58   juju-3592a5-5  ubuntu@22.04      Running
6        started  10.244.153.49   juju-3592a5-6  ubuntu@22.04      Running

[32mINFO    [0m pytest_operator.plugin:plugin.py:868 Juju error logs:

machine-0: 01:30:51 ERROR juju.worker.dependency "lxd-container-provisioner" manifold worker returned unexpected error: container types not yet available
machine-0: 01:30:51 ERROR juju.worker.dependency "kvm-container-provisioner" manifold worker returned unexpected error: container types not yet available
unit-postgresql-0: 01:30:51 ERROR juju.worker.meterstatus error running "meter-status-changed": charm missing from disk
machine-1: 01:30:59 ERROR juju.worker.dependency "lxd-container-provisioner" manifold worker returned unexpected error: container types not yet available
machine-1: 01:30:59 ERROR juju.worker.dependency "kvm-container-provisioner" manifold worker returned unexpected error: container types not yet available
unit-postgresql-1: 01:30:59 ERROR juju.worker.meterstatus error running "meter-status-changed": charm missing from disk
machine-2: 01:35:46 ERROR juju.worker.dependency "kvm-container-provisioner" manifold worker returned unexpected error: container types not yet available
machine-2: 01:35:46 ERROR juju.worker.dependency "lxd-container-provisioner" manifold worker returned unexpected error: container types not yet available
unit-mailman3-core-0: 01:35:46 ERROR juju.worker.meterstatus error running "meter-status-changed": charm missing from disk
machine-3: 01:43:01 ERROR juju.worker.dependency "lxd-container-provisioner" manifold worker returned unexpected error: container types not yet available
machine-3: 01:43:01 ERROR juju.worker.dependency "kvm-container-provisioner" manifold worker returned unexpected error: container types not yet available
unit-postgresql-2: 01:43:01 ERROR juju.worker.meterstatus error running "meter-status-changed": charm missing from disk
machine-4: 01:43:05 ERROR juju.worker.dependency "lxd-container-provisioner" manifold worker returned unexpected error: container types not yet available
machine-4: 01:43:05 ERROR juju.worker.dependency "kvm-container-provisioner" manifold worker returned unexpected error: container types not yet available
unit-postgresql-3: 01:43:05 ERROR juju.worker.meterstatus error running "meter-status-changed": charm missing from disk
unit-postgresql-3: 01:49:11 ERROR unit.postgresql/3.juju-log Failed to get PostgreSQL version: connection to server at "10.244.153.151", port 5432 failed: server closed the connection unexpectedly
	This probably means the server terminated abnormally
	before or while processing the request.

unit-postgresql-3: 01:49:11 ERROR unit.postgresql/3.juju-log 
Traceback (most recent call last):
  File "/var/lib/juju/agents/unit-postgresql-3/charm/lib/charms/postgresql_k8s/v0/postgresql.py", line 433, in get_postgresql_version
    with self._connect_to_database() as connection, connection.cursor() as cursor:
  File "/var/lib/juju/agents/unit-postgresql-3/charm/lib/charms/tempo_k8s/v1/charm_tracing.py", line 647, in wrapped_function
    return callable(*args, **kwargs)  # type: ignore
  File "/var/lib/juju/agents/unit-postgresql-3/charm/lib/charms/postgresql_k8s/v0/postgresql.py", line 131, in _connect_to_database
    connection = psycopg2.connect(
  File "/var/lib/juju/agents/unit-postgresql-3/charm/venv/psycopg2/__init__.py", line 122, in connect
    conn = _connect(dsn, connection_factory=connection_factory, **kwasync)
psycopg2.OperationalError: connection to server at "10.244.153.151", port 5432 failed: server closed the connection unexpectedly
	This probably means the server terminated abnormally
	before or while processing the request.


During handling of the above exception, another exception occurred:

Traceback (most recent call last):
  File "/var/lib/juju/agents/unit-postgresql-3/charm/src/relations/db.py", line 323, in update_endpoints
    postgresql_version = self.charm.postgresql.get_postgresql_version()
  File "/var/lib/juju/agents/unit-postgresql-3/charm/lib/charms/tempo_k8s/v1/charm_tracing.py", line 647, in wrapped_function
    return callable(*args, **kwargs)  # type: ignore
  File "/var/lib/juju/agents/unit-postgresql-3/charm/lib/charms/postgresql_k8s/v0/postgresql.py", line 439, in get_postgresql_version
    raise PostgreSQLGetPostgreSQLVersionError()
charms.postgresql_k8s.v0.postgresql.PostgreSQLGetPostgreSQLVersionError
machine-5: 01:52:30 ERROR juju.worker.dependency "kvm-container-provisioner" manifold worker returned unexpected error: container types not yet available
machine-5: 01:52:30 ERROR juju.worker.dependency "lxd-container-provisioner" manifold worker returned unexpected error: container types not yet available
unit-postgresql-test-app-0: 01:52:30 ERROR juju.worker.meterstatus error running "meter-status-changed": charm missing from disk
machine-6: 01:52:31 ERROR juju.worker.dependency "kvm-container-provisioner" manifold worker returned unexpected error: container types not yet available
machine-6: 01:52:31 ERROR juju.worker.dependency "lxd-container-provisioner" manifold worker returned unexpected error: container types not yet available
unit-postgresql-test-app2-0: 01:52:31 ERROR juju.worker.meterstatus error running "meter-status-changed": charm missing from disk

[32mINFO    [0m pytest_operator.plugin:plugin.py:947 Forgetting model main...