{"uid":"79c3006c5c2edfc5","name":"test_pitr_backup_aws","fullName":"tests.integration.test_backups_pitr#test_pitr_backup_aws","historyId":"ef43715c92cd9caf093556bb9ee9cad6","time":{"start":1731461548717,"stop":1731461771427,"duration":222710},"description":"Build, deploy two units of PostgreSQL and do backup in AWS. Then, write new data into DB, switch WAL file and test point-in-time-recovery restore action.","descriptionHtml":"<p>Build, deploy two units of PostgreSQL and do backup in AWS. Then, write new data into DB, switch WAL file and test point-in-time-recovery restore action.</p>\n","status":"broken","statusMessage":"juju.errors.JujuUnitError: Unit in error: postgresql-aws/0","statusTrace":"Traceback (most recent call last):\n  File \"/home/ubuntu/actions-runner/_work/test-runners-2-is-x64-postgresql-operator/test-runners-2-is-x64-postgresql-operator/.tox/integration/lib/python3.10/site-packages/_pytest/runner.py\", line 341, in from_call\n    result: TResult | None = func()\n  File \"/home/ubuntu/actions-runner/_work/test-runners-2-is-x64-postgresql-operator/test-runners-2-is-x64-postgresql-operator/.tox/integration/lib/python3.10/site-packages/_pytest/runner.py\", line 242, in <lambda>\n    lambda: runtest_hook(item=item, **kwds), when=when, reraise=reraise\n  File \"/home/ubuntu/actions-runner/_work/test-runners-2-is-x64-postgresql-operator/test-runners-2-is-x64-postgresql-operator/.tox/integration/lib/python3.10/site-packages/pluggy/_hooks.py\", line 513, in __call__\n    return self._hookexec(self.name, self._hookimpls.copy(), kwargs, firstresult)\n  File \"/home/ubuntu/actions-runner/_work/test-runners-2-is-x64-postgresql-operator/test-runners-2-is-x64-postgresql-operator/.tox/integration/lib/python3.10/site-packages/pluggy/_manager.py\", line 120, in _hookexec\n    return self._inner_hookexec(hook_name, methods, kwargs, firstresult)\n  File \"/home/ubuntu/actions-runner/_work/test-runners-2-is-x64-postgresql-operator/test-runners-2-is-x64-postgresql-operator/.tox/integration/lib/python3.10/site-packages/pluggy/_callers.py\", line 182, in _multicall\n    return outcome.get_result()\n  File \"/home/ubuntu/actions-runner/_work/test-runners-2-is-x64-postgresql-operator/test-runners-2-is-x64-postgresql-operator/.tox/integration/lib/python3.10/site-packages/pluggy/_result.py\", line 100, in get_result\n    raise exc.with_traceback(exc.__traceback__)\n  File \"/home/ubuntu/actions-runner/_work/test-runners-2-is-x64-postgresql-operator/test-runners-2-is-x64-postgresql-operator/.tox/integration/lib/python3.10/site-packages/pluggy/_callers.py\", line 167, in _multicall\n    teardown.throw(outcome._exception)\n  File \"/home/ubuntu/actions-runner/_work/test-runners-2-is-x64-postgresql-operator/test-runners-2-is-x64-postgresql-operator/.tox/integration/lib/python3.10/site-packages/_pytest/threadexception.py\", line 92, in pytest_runtest_call\n    yield from thread_exception_runtest_hook()\n  File \"/home/ubuntu/actions-runner/_work/test-runners-2-is-x64-postgresql-operator/test-runners-2-is-x64-postgresql-operator/.tox/integration/lib/python3.10/site-packages/_pytest/threadexception.py\", line 68, in thread_exception_runtest_hook\n    yield\n  File \"/home/ubuntu/actions-runner/_work/test-runners-2-is-x64-postgresql-operator/test-runners-2-is-x64-postgresql-operator/.tox/integration/lib/python3.10/site-packages/pluggy/_callers.py\", line 167, in _multicall\n    teardown.throw(outcome._exception)\n  File \"/home/ubuntu/actions-runner/_work/test-runners-2-is-x64-postgresql-operator/test-runners-2-is-x64-postgresql-operator/.tox/integration/lib/python3.10/site-packages/_pytest/unraisableexception.py\", line 95, in pytest_runtest_call\n    yield from unraisable_exception_runtest_hook()\n  File \"/home/ubuntu/actions-runner/_work/test-runners-2-is-x64-postgresql-operator/test-runners-2-is-x64-postgresql-operator/.tox/integration/lib/python3.10/site-packages/_pytest/unraisableexception.py\", line 70, in unraisable_exception_runtest_hook\n    yield\n  File \"/home/ubuntu/actions-runner/_work/test-runners-2-is-x64-postgresql-operator/test-runners-2-is-x64-postgresql-operator/.tox/integration/lib/python3.10/site-packages/pluggy/_callers.py\", line 167, in _multicall\n    teardown.throw(outcome._exception)\n  File \"/home/ubuntu/actions-runner/_work/test-runners-2-is-x64-postgresql-operator/test-runners-2-is-x64-postgresql-operator/.tox/integration/lib/python3.10/site-packages/_pytest/logging.py\", line 846, in pytest_runtest_call\n    yield from self._runtest_for(item, \"call\")\n  File \"/home/ubuntu/actions-runner/_work/test-runners-2-is-x64-postgresql-operator/test-runners-2-is-x64-postgresql-operator/.tox/integration/lib/python3.10/site-packages/_pytest/logging.py\", line 829, in _runtest_for\n    yield\n  File \"/home/ubuntu/actions-runner/_work/test-runners-2-is-x64-postgresql-operator/test-runners-2-is-x64-postgresql-operator/.tox/integration/lib/python3.10/site-packages/pluggy/_callers.py\", line 167, in _multicall\n    teardown.throw(outcome._exception)\n  File \"/home/ubuntu/actions-runner/_work/test-runners-2-is-x64-postgresql-operator/test-runners-2-is-x64-postgresql-operator/.tox/integration/lib/python3.10/site-packages/_pytest/capture.py\", line 880, in pytest_runtest_call\n    return (yield)\n  File \"/home/ubuntu/actions-runner/_work/test-runners-2-is-x64-postgresql-operator/test-runners-2-is-x64-postgresql-operator/.tox/integration/lib/python3.10/site-packages/pluggy/_callers.py\", line 167, in _multicall\n    teardown.throw(outcome._exception)\n  File \"/home/ubuntu/actions-runner/_work/test-runners-2-is-x64-postgresql-operator/test-runners-2-is-x64-postgresql-operator/.tox/integration/lib/python3.10/site-packages/_pytest/skipping.py\", line 257, in pytest_runtest_call\n    return (yield)\n  File \"/home/ubuntu/actions-runner/_work/test-runners-2-is-x64-postgresql-operator/test-runners-2-is-x64-postgresql-operator/.tox/integration/lib/python3.10/site-packages/pluggy/_callers.py\", line 103, in _multicall\n    res = hook_impl.function(*args)\n  File \"/home/ubuntu/actions-runner/_work/test-runners-2-is-x64-postgresql-operator/test-runners-2-is-x64-postgresql-operator/.tox/integration/lib/python3.10/site-packages/_pytest/runner.py\", line 174, in pytest_runtest_call\n    item.runtest()\n  File \"/home/ubuntu/actions-runner/_work/test-runners-2-is-x64-postgresql-operator/test-runners-2-is-x64-postgresql-operator/.tox/integration/lib/python3.10/site-packages/_pytest/python.py\", line 1627, in runtest\n    self.ihook.pytest_pyfunc_call(pyfuncitem=self)\n  File \"/home/ubuntu/actions-runner/_work/test-runners-2-is-x64-postgresql-operator/test-runners-2-is-x64-postgresql-operator/.tox/integration/lib/python3.10/site-packages/pluggy/_hooks.py\", line 513, in __call__\n    return self._hookexec(self.name, self._hookimpls.copy(), kwargs, firstresult)\n  File \"/home/ubuntu/actions-runner/_work/test-runners-2-is-x64-postgresql-operator/test-runners-2-is-x64-postgresql-operator/.tox/integration/lib/python3.10/site-packages/pluggy/_manager.py\", line 120, in _hookexec\n    return self._inner_hookexec(hook_name, methods, kwargs, firstresult)\n  File \"/home/ubuntu/actions-runner/_work/test-runners-2-is-x64-postgresql-operator/test-runners-2-is-x64-postgresql-operator/.tox/integration/lib/python3.10/site-packages/pluggy/_callers.py\", line 182, in _multicall\n    return outcome.get_result()\n  File \"/home/ubuntu/actions-runner/_work/test-runners-2-is-x64-postgresql-operator/test-runners-2-is-x64-postgresql-operator/.tox/integration/lib/python3.10/site-packages/pluggy/_result.py\", line 100, in get_result\n    raise exc.with_traceback(exc.__traceback__)\n  File \"/home/ubuntu/actions-runner/_work/test-runners-2-is-x64-postgresql-operator/test-runners-2-is-x64-postgresql-operator/.tox/integration/lib/python3.10/site-packages/pluggy/_callers.py\", line 103, in _multicall\n    res = hook_impl.function(*args)\n  File \"/home/ubuntu/actions-runner/_work/test-runners-2-is-x64-postgresql-operator/test-runners-2-is-x64-postgresql-operator/.tox/integration/lib/python3.10/site-packages/_pytest/python.py\", line 159, in pytest_pyfunc_call\n    result = testfunction(**testargs)\n  File \"/home/ubuntu/actions-runner/_work/test-runners-2-is-x64-postgresql-operator/test-runners-2-is-x64-postgresql-operator/.tox/integration/lib/python3.10/site-packages/pytest_asyncio/plugin.py\", line 529, in inner\n    _loop.run_until_complete(task)\n  File \"/usr/lib/python3.10/asyncio/base_events.py\", line 649, in run_until_complete\n    return future.result()\n  File \"/home/ubuntu/actions-runner/_work/test-runners-2-is-x64-postgresql-operator/test-runners-2-is-x64-postgresql-operator/tests/integration/test_backups_pitr.py\", line 294, in test_pitr_backup_aws\n    await pitr_backup_operations(\n  File \"/home/ubuntu/actions-runner/_work/test-runners-2-is-x64-postgresql-operator/test-runners-2-is-x64-postgresql-operator/tests/integration/test_backups_pitr.py\", line 123, in pitr_backup_operations\n    await ops_test.model.wait_for_idle(apps=[database_app_name], status=\"active\", timeout=1000)\n  File \"/home/ubuntu/actions-runner/_work/test-runners-2-is-x64-postgresql-operator/test-runners-2-is-x64-postgresql-operator/.tox/integration/lib/python3.10/site-packages/juju/model.py\", line 2963, in wait_for_idle\n    _raise_for_status(errors, \"error\")\n  File \"/home/ubuntu/actions-runner/_work/test-runners-2-is-x64-postgresql-operator/test-runners-2-is-x64-postgresql-operator/.tox/integration/lib/python3.10/site-packages/juju/model.py\", line 2869, in _raise_for_status\n    raise error_type(\"{}{} in {}: {}\".format(\njuju.errors.JujuUnitError: Unit in error: postgresql-aws/0","flaky":false,"newFailed":false,"newBroken":false,"newPassed":false,"retriesCount":1,"retriesStatusChange":true,"beforeStages":[{"name":"event_loop","time":{"start":1731461548457,"stop":1731461548457,"duration":0},"status":"passed","steps":[],"attachments":[],"parameters":[],"stepsCount":0,"shouldDisplayMessage":false,"attachmentsCount":0,"hasContent":false,"attachmentStep":false},{"name":"tmp_path_factory","time":{"start":1731461548457,"stop":1731461548457,"duration":0},"status":"passed","steps":[],"attachments":[],"parameters":[],"stepsCount":0,"shouldDisplayMessage":false,"attachmentsCount":0,"hasContent":false,"attachmentStep":false},{"name":"github_secrets","time":{"start":1731461548458,"stop":1731461548458,"duration":0},"status":"passed","steps":[],"attachments":[],"parameters":[],"stepsCount":0,"shouldDisplayMessage":false,"attachmentsCount":0,"hasContent":false,"attachmentStep":false},{"name":"ops_test","time":{"start":1731461548458,"stop":1731461548647,"duration":189},"status":"passed","steps":[],"attachments":[],"parameters":[],"stepsCount":0,"shouldDisplayMessage":false,"attachmentsCount":0,"hasContent":false,"attachmentStep":false},{"name":"cloud_configs","time":{"start":1731461548648,"stop":1731461548714,"duration":66},"status":"passed","steps":[],"attachments":[],"parameters":[],"stepsCount":0,"shouldDisplayMessage":false,"attachmentsCount":0,"hasContent":false,"attachmentStep":false},{"name":"charm","time":{"start":1731461548714,"stop":1731461548717,"duration":3},"status":"passed","steps":[],"attachments":[],"parameters":[],"stepsCount":0,"shouldDisplayMessage":false,"attachmentsCount":0,"hasContent":false,"attachmentStep":false},{"name":"abort_on_fail","time":{"start":1731461548717,"stop":1731461548717,"duration":0},"status":"passed","steps":[],"attachments":[],"parameters":[],"stepsCount":0,"shouldDisplayMessage":false,"attachmentsCount":0,"hasContent":false,"attachmentStep":false}],"testStage":{"description":"Build, deploy two units of PostgreSQL and do backup in AWS. Then, write new data into DB, switch WAL file and test point-in-time-recovery restore action.","status":"broken","statusMessage":"juju.errors.JujuUnitError: Unit in error: postgresql-aws/0","statusTrace":"Traceback (most recent call last):\n  File \"/home/ubuntu/actions-runner/_work/test-runners-2-is-x64-postgresql-operator/test-runners-2-is-x64-postgresql-operator/.tox/integration/lib/python3.10/site-packages/_pytest/runner.py\", line 341, in from_call\n    result: TResult | None = func()\n  File \"/home/ubuntu/actions-runner/_work/test-runners-2-is-x64-postgresql-operator/test-runners-2-is-x64-postgresql-operator/.tox/integration/lib/python3.10/site-packages/_pytest/runner.py\", line 242, in <lambda>\n    lambda: runtest_hook(item=item, **kwds), when=when, reraise=reraise\n  File \"/home/ubuntu/actions-runner/_work/test-runners-2-is-x64-postgresql-operator/test-runners-2-is-x64-postgresql-operator/.tox/integration/lib/python3.10/site-packages/pluggy/_hooks.py\", line 513, in __call__\n    return self._hookexec(self.name, self._hookimpls.copy(), kwargs, firstresult)\n  File \"/home/ubuntu/actions-runner/_work/test-runners-2-is-x64-postgresql-operator/test-runners-2-is-x64-postgresql-operator/.tox/integration/lib/python3.10/site-packages/pluggy/_manager.py\", line 120, in _hookexec\n    return self._inner_hookexec(hook_name, methods, kwargs, firstresult)\n  File \"/home/ubuntu/actions-runner/_work/test-runners-2-is-x64-postgresql-operator/test-runners-2-is-x64-postgresql-operator/.tox/integration/lib/python3.10/site-packages/pluggy/_callers.py\", line 182, in _multicall\n    return outcome.get_result()\n  File \"/home/ubuntu/actions-runner/_work/test-runners-2-is-x64-postgresql-operator/test-runners-2-is-x64-postgresql-operator/.tox/integration/lib/python3.10/site-packages/pluggy/_result.py\", line 100, in get_result\n    raise exc.with_traceback(exc.__traceback__)\n  File \"/home/ubuntu/actions-runner/_work/test-runners-2-is-x64-postgresql-operator/test-runners-2-is-x64-postgresql-operator/.tox/integration/lib/python3.10/site-packages/pluggy/_callers.py\", line 167, in _multicall\n    teardown.throw(outcome._exception)\n  File \"/home/ubuntu/actions-runner/_work/test-runners-2-is-x64-postgresql-operator/test-runners-2-is-x64-postgresql-operator/.tox/integration/lib/python3.10/site-packages/_pytest/threadexception.py\", line 92, in pytest_runtest_call\n    yield from thread_exception_runtest_hook()\n  File \"/home/ubuntu/actions-runner/_work/test-runners-2-is-x64-postgresql-operator/test-runners-2-is-x64-postgresql-operator/.tox/integration/lib/python3.10/site-packages/_pytest/threadexception.py\", line 68, in thread_exception_runtest_hook\n    yield\n  File \"/home/ubuntu/actions-runner/_work/test-runners-2-is-x64-postgresql-operator/test-runners-2-is-x64-postgresql-operator/.tox/integration/lib/python3.10/site-packages/pluggy/_callers.py\", line 167, in _multicall\n    teardown.throw(outcome._exception)\n  File \"/home/ubuntu/actions-runner/_work/test-runners-2-is-x64-postgresql-operator/test-runners-2-is-x64-postgresql-operator/.tox/integration/lib/python3.10/site-packages/_pytest/unraisableexception.py\", line 95, in pytest_runtest_call\n    yield from unraisable_exception_runtest_hook()\n  File \"/home/ubuntu/actions-runner/_work/test-runners-2-is-x64-postgresql-operator/test-runners-2-is-x64-postgresql-operator/.tox/integration/lib/python3.10/site-packages/_pytest/unraisableexception.py\", line 70, in unraisable_exception_runtest_hook\n    yield\n  File \"/home/ubuntu/actions-runner/_work/test-runners-2-is-x64-postgresql-operator/test-runners-2-is-x64-postgresql-operator/.tox/integration/lib/python3.10/site-packages/pluggy/_callers.py\", line 167, in _multicall\n    teardown.throw(outcome._exception)\n  File \"/home/ubuntu/actions-runner/_work/test-runners-2-is-x64-postgresql-operator/test-runners-2-is-x64-postgresql-operator/.tox/integration/lib/python3.10/site-packages/_pytest/logging.py\", line 846, in pytest_runtest_call\n    yield from self._runtest_for(item, \"call\")\n  File \"/home/ubuntu/actions-runner/_work/test-runners-2-is-x64-postgresql-operator/test-runners-2-is-x64-postgresql-operator/.tox/integration/lib/python3.10/site-packages/_pytest/logging.py\", line 829, in _runtest_for\n    yield\n  File \"/home/ubuntu/actions-runner/_work/test-runners-2-is-x64-postgresql-operator/test-runners-2-is-x64-postgresql-operator/.tox/integration/lib/python3.10/site-packages/pluggy/_callers.py\", line 167, in _multicall\n    teardown.throw(outcome._exception)\n  File \"/home/ubuntu/actions-runner/_work/test-runners-2-is-x64-postgresql-operator/test-runners-2-is-x64-postgresql-operator/.tox/integration/lib/python3.10/site-packages/_pytest/capture.py\", line 880, in pytest_runtest_call\n    return (yield)\n  File \"/home/ubuntu/actions-runner/_work/test-runners-2-is-x64-postgresql-operator/test-runners-2-is-x64-postgresql-operator/.tox/integration/lib/python3.10/site-packages/pluggy/_callers.py\", line 167, in _multicall\n    teardown.throw(outcome._exception)\n  File \"/home/ubuntu/actions-runner/_work/test-runners-2-is-x64-postgresql-operator/test-runners-2-is-x64-postgresql-operator/.tox/integration/lib/python3.10/site-packages/_pytest/skipping.py\", line 257, in pytest_runtest_call\n    return (yield)\n  File \"/home/ubuntu/actions-runner/_work/test-runners-2-is-x64-postgresql-operator/test-runners-2-is-x64-postgresql-operator/.tox/integration/lib/python3.10/site-packages/pluggy/_callers.py\", line 103, in _multicall\n    res = hook_impl.function(*args)\n  File \"/home/ubuntu/actions-runner/_work/test-runners-2-is-x64-postgresql-operator/test-runners-2-is-x64-postgresql-operator/.tox/integration/lib/python3.10/site-packages/_pytest/runner.py\", line 174, in pytest_runtest_call\n    item.runtest()\n  File \"/home/ubuntu/actions-runner/_work/test-runners-2-is-x64-postgresql-operator/test-runners-2-is-x64-postgresql-operator/.tox/integration/lib/python3.10/site-packages/_pytest/python.py\", line 1627, in runtest\n    self.ihook.pytest_pyfunc_call(pyfuncitem=self)\n  File \"/home/ubuntu/actions-runner/_work/test-runners-2-is-x64-postgresql-operator/test-runners-2-is-x64-postgresql-operator/.tox/integration/lib/python3.10/site-packages/pluggy/_hooks.py\", line 513, in __call__\n    return self._hookexec(self.name, self._hookimpls.copy(), kwargs, firstresult)\n  File \"/home/ubuntu/actions-runner/_work/test-runners-2-is-x64-postgresql-operator/test-runners-2-is-x64-postgresql-operator/.tox/integration/lib/python3.10/site-packages/pluggy/_manager.py\", line 120, in _hookexec\n    return self._inner_hookexec(hook_name, methods, kwargs, firstresult)\n  File \"/home/ubuntu/actions-runner/_work/test-runners-2-is-x64-postgresql-operator/test-runners-2-is-x64-postgresql-operator/.tox/integration/lib/python3.10/site-packages/pluggy/_callers.py\", line 182, in _multicall\n    return outcome.get_result()\n  File \"/home/ubuntu/actions-runner/_work/test-runners-2-is-x64-postgresql-operator/test-runners-2-is-x64-postgresql-operator/.tox/integration/lib/python3.10/site-packages/pluggy/_result.py\", line 100, in get_result\n    raise exc.with_traceback(exc.__traceback__)\n  File \"/home/ubuntu/actions-runner/_work/test-runners-2-is-x64-postgresql-operator/test-runners-2-is-x64-postgresql-operator/.tox/integration/lib/python3.10/site-packages/pluggy/_callers.py\", line 103, in _multicall\n    res = hook_impl.function(*args)\n  File \"/home/ubuntu/actions-runner/_work/test-runners-2-is-x64-postgresql-operator/test-runners-2-is-x64-postgresql-operator/.tox/integration/lib/python3.10/site-packages/_pytest/python.py\", line 159, in pytest_pyfunc_call\n    result = testfunction(**testargs)\n  File \"/home/ubuntu/actions-runner/_work/test-runners-2-is-x64-postgresql-operator/test-runners-2-is-x64-postgresql-operator/.tox/integration/lib/python3.10/site-packages/pytest_asyncio/plugin.py\", line 529, in inner\n    _loop.run_until_complete(task)\n  File \"/usr/lib/python3.10/asyncio/base_events.py\", line 649, in run_until_complete\n    return future.result()\n  File \"/home/ubuntu/actions-runner/_work/test-runners-2-is-x64-postgresql-operator/test-runners-2-is-x64-postgresql-operator/tests/integration/test_backups_pitr.py\", line 294, in test_pitr_backup_aws\n    await pitr_backup_operations(\n  File \"/home/ubuntu/actions-runner/_work/test-runners-2-is-x64-postgresql-operator/test-runners-2-is-x64-postgresql-operator/tests/integration/test_backups_pitr.py\", line 123, in pitr_backup_operations\n    await ops_test.model.wait_for_idle(apps=[database_app_name], status=\"active\", timeout=1000)\n  File \"/home/ubuntu/actions-runner/_work/test-runners-2-is-x64-postgresql-operator/test-runners-2-is-x64-postgresql-operator/.tox/integration/lib/python3.10/site-packages/juju/model.py\", line 2963, in wait_for_idle\n    _raise_for_status(errors, \"error\")\n  File \"/home/ubuntu/actions-runner/_work/test-runners-2-is-x64-postgresql-operator/test-runners-2-is-x64-postgresql-operator/.tox/integration/lib/python3.10/site-packages/juju/model.py\", line 2869, in _raise_for_status\n    raise error_type(\"{}{} in {}: {}\".format(\njuju.errors.JujuUnitError: Unit in error: postgresql-aws/0","steps":[],"attachments":[{"uid":"66b35e85395c9d0e","name":"log","source":"66b35e85395c9d0e.txt","type":"text/plain","size":8121}],"parameters":[],"stepsCount":0,"shouldDisplayMessage":true,"attachmentsCount":1,"hasContent":true,"attachmentStep":false},"afterStages":[{"name":"abort_on_fail::0","time":{"start":1731461771430,"stop":1731461771430,"duration":0},"status":"passed","steps":[],"attachments":[],"parameters":[],"stepsCount":0,"shouldDisplayMessage":false,"attachmentsCount":0,"hasContent":false,"attachmentStep":false},{"name":"cloud_configs::finalizer","time":{"start":1731461771431,"stop":1731461773260,"duration":1829},"status":"broken","statusMessage":"botocore.exceptions.NoCredentialsError: Unable to locate credentials\n","statusTrace":"  File \"/home/ubuntu/actions-runner/_work/test-runners-2-is-x64-postgresql-operator/test-runners-2-is-x64-postgresql-operator/.tox/integration/lib/python3.10/site-packages/allure_commons/_allure.py\", line 221, in __call__\n    return self._fixture_function(*args, **kwargs)\n  File \"/home/ubuntu/actions-runner/_work/test-runners-2-is-x64-postgresql-operator/test-runners-2-is-x64-postgresql-operator/.tox/integration/lib/python3.10/site-packages/pytest_asyncio/plugin.py\", line 300, in finalizer\n    event_loop.run_until_complete(async_finalizer())\n  File \"/usr/lib/python3.10/asyncio/base_events.py\", line 649, in run_until_complete\n    return future.result()\n  File \"/home/ubuntu/actions-runner/_work/test-runners-2-is-x64-postgresql-operator/test-runners-2-is-x64-postgresql-operator/.tox/integration/lib/python3.10/site-packages/pytest_asyncio/plugin.py\", line 292, in async_finalizer\n    await gen_obj.__anext__()\n  File \"/home/ubuntu/actions-runner/_work/test-runners-2-is-x64-postgresql-operator/test-runners-2-is-x64-postgresql-operator/tests/integration/test_backups_pitr.py\", line 90, in cloud_configs\n    for bucket_object in bucket.objects.filter(Prefix=config[\"path\"].lstrip(\"/\")):\n  File \"/home/ubuntu/actions-runner/_work/test-runners-2-is-x64-postgresql-operator/test-runners-2-is-x64-postgresql-operator/.tox/integration/lib/python3.10/site-packages/boto3/resources/collection.py\", line 79, in __iter__\n    for page in self.pages():\n  File \"/home/ubuntu/actions-runner/_work/test-runners-2-is-x64-postgresql-operator/test-runners-2-is-x64-postgresql-operator/.tox/integration/lib/python3.10/site-packages/boto3/resources/collection.py\", line 169, in pages\n    for page in pages:\n  File \"/home/ubuntu/actions-runner/_work/test-runners-2-is-x64-postgresql-operator/test-runners-2-is-x64-postgresql-operator/.tox/integration/lib/python3.10/site-packages/botocore/paginate.py\", line 269, in __iter__\n    response = self._make_request(current_kwargs)\n  File \"/home/ubuntu/actions-runner/_work/test-runners-2-is-x64-postgresql-operator/test-runners-2-is-x64-postgresql-operator/.tox/integration/lib/python3.10/site-packages/botocore/paginate.py\", line 357, in _make_request\n    return self._method(**current_kwargs)\n  File \"/home/ubuntu/actions-runner/_work/test-runners-2-is-x64-postgresql-operator/test-runners-2-is-x64-postgresql-operator/.tox/integration/lib/python3.10/site-packages/botocore/client.py\", line 569, in _api_call\n    return self._make_api_call(operation_name, kwargs)\n  File \"/home/ubuntu/actions-runner/_work/test-runners-2-is-x64-postgresql-operator/test-runners-2-is-x64-postgresql-operator/.tox/integration/lib/python3.10/site-packages/botocore/client.py\", line 1005, in _make_api_call\n    http, parsed_response = self._make_request(\n  File \"/home/ubuntu/actions-runner/_work/test-runners-2-is-x64-postgresql-operator/test-runners-2-is-x64-postgresql-operator/.tox/integration/lib/python3.10/site-packages/botocore/client.py\", line 1029, in _make_request\n    return self._endpoint.make_request(operation_model, request_dict)\n  File \"/home/ubuntu/actions-runner/_work/test-runners-2-is-x64-postgresql-operator/test-runners-2-is-x64-postgresql-operator/.tox/integration/lib/python3.10/site-packages/botocore/endpoint.py\", line 119, in make_request\n    return self._send_request(request_dict, operation_model)\n  File \"/home/ubuntu/actions-runner/_work/test-runners-2-is-x64-postgresql-operator/test-runners-2-is-x64-postgresql-operator/.tox/integration/lib/python3.10/site-packages/botocore/endpoint.py\", line 196, in _send_request\n    request = self.create_request(request_dict, operation_model)\n  File \"/home/ubuntu/actions-runner/_work/test-runners-2-is-x64-postgresql-operator/test-runners-2-is-x64-postgresql-operator/.tox/integration/lib/python3.10/site-packages/botocore/endpoint.py\", line 132, in create_request\n    self._event_emitter.emit(\n  File \"/home/ubuntu/actions-runner/_work/test-runners-2-is-x64-postgresql-operator/test-runners-2-is-x64-postgresql-operator/.tox/integration/lib/python3.10/site-packages/botocore/hooks.py\", line 412, in emit\n    return self._emitter.emit(aliased_event_name, **kwargs)\n  File \"/home/ubuntu/actions-runner/_work/test-runners-2-is-x64-postgresql-operator/test-runners-2-is-x64-postgresql-operator/.tox/integration/lib/python3.10/site-packages/botocore/hooks.py\", line 256, in emit\n    return self._emit(event_name, kwargs)\n  File \"/home/ubuntu/actions-runner/_work/test-runners-2-is-x64-postgresql-operator/test-runners-2-is-x64-postgresql-operator/.tox/integration/lib/python3.10/site-packages/botocore/hooks.py\", line 239, in _emit\n    response = handler(**kwargs)\n  File \"/home/ubuntu/actions-runner/_work/test-runners-2-is-x64-postgresql-operator/test-runners-2-is-x64-postgresql-operator/.tox/integration/lib/python3.10/site-packages/botocore/signers.py\", line 105, in handler\n    return self.sign(operation_name, request)\n  File \"/home/ubuntu/actions-runner/_work/test-runners-2-is-x64-postgresql-operator/test-runners-2-is-x64-postgresql-operator/.tox/integration/lib/python3.10/site-packages/botocore/signers.py\", line 197, in sign\n    auth.add_auth(request)\n  File \"/home/ubuntu/actions-runner/_work/test-runners-2-is-x64-postgresql-operator/test-runners-2-is-x64-postgresql-operator/.tox/integration/lib/python3.10/site-packages/botocore/auth.py\", line 423, in add_auth\n    raise NoCredentialsError()\n","steps":[],"attachments":[],"parameters":[],"stepsCount":0,"shouldDisplayMessage":true,"attachmentsCount":0,"hasContent":true,"attachmentStep":false},{"name":"charm::finalizer","time":{"start":1731461771431,"stop":1731461771431,"duration":0},"status":"passed","steps":[],"attachments":[],"parameters":[],"stepsCount":0,"shouldDisplayMessage":false,"attachmentsCount":0,"hasContent":false,"attachmentStep":false},{"name":"ops_test::finalizer","time":{"start":1731461773260,"stop":1731461773669,"duration":409},"status":"passed","steps":[],"attachments":[],"parameters":[],"stepsCount":0,"shouldDisplayMessage":false,"attachmentsCount":0,"hasContent":false,"attachmentStep":false},{"name":"event_loop::2","time":{"start":1731461773670,"stop":1731461773670,"duration":0},"status":"passed","steps":[],"attachments":[],"parameters":[],"stepsCount":0,"shouldDisplayMessage":false,"attachmentsCount":0,"hasContent":false,"attachmentStep":false},{"name":"event_loop::_close_event_loop","time":{"start":1731461773670,"stop":1731461773670,"duration":0},"status":"passed","steps":[],"attachments":[],"parameters":[],"stepsCount":0,"shouldDisplayMessage":false,"attachmentsCount":0,"hasContent":false,"attachmentStep":false},{"name":"event_loop::_provide_clean_event_loop","time":{"start":1731461773670,"stop":1731461773670,"duration":0},"status":"passed","steps":[],"attachments":[],"parameters":[],"stepsCount":0,"shouldDisplayMessage":false,"attachmentsCount":0,"hasContent":false,"attachmentStep":false}],"labels":[{"name":"tag","value":"abort_on_fail"},{"name":"tag","value":"group(1)"},{"name":"tag","value":"asyncio"},{"name":"parentSuite","value":"tests.integration"},{"name":"suite","value":"test_backups_pitr"},{"name":"host","value":"github-runner"},{"name":"thread","value":"22429-MainThread"},{"name":"framework","value":"pytest"},{"name":"language","value":"cpython3"},{"name":"package","value":"tests.integration.test_backups_pitr"},{"name":"resultFormat","value":"allure2"}],"parameters":[],"links":[],"hidden":false,"retry":false,"extra":{"severity":"normal","retries":[{"uid":"d733adda2a04c59","status":"unknown","time":{}}],"categories":[{"name":"Test defects","matchedStatuses":[],"flaky":false}],"history":{"statistic":{"failed":0,"broken":47,"skipped":0,"passed":0,"unknown":1,"total":48},"items":[{"uid":"7a32cfcf1620f9f1","reportUrl":"../233//#testresult/7a32cfcf1620f9f1","status":"broken","statusDetails":"juju.errors.JujuUnitError: Unit in error: postgresql-aws/0","time":{"start":1731375384255,"stop":1731375704971,"duration":320716}},{"uid":"94c13ba1694c34ff","reportUrl":"../232//#testresult/94c13ba1694c34ff","status":"broken","statusDetails":"juju.errors.JujuUnitError: Unit in error: postgresql-aws/1","time":{"start":1731288964498,"stop":1731289210336,"duration":245838}},{"uid":"c39853fc43156cea","reportUrl":"../231//#testresult/c39853fc43156cea","status":"broken","statusDetails":"juju.errors.JujuUnitError: Unit in error: postgresql-aws/0","time":{"start":1731208549031,"stop":1731208785036,"duration":236005}},{"uid":"4d87ae48000862a4","reportUrl":"../230//#testresult/4d87ae48000862a4","status":"broken","statusDetails":"juju.errors.JujuUnitError: Unit in error: postgresql-aws/1","time":{"start":1731115989250,"stop":1731116129512,"duration":140262}},{"uid":"7dba2e651a6b67cd","reportUrl":"../229//#testresult/7dba2e651a6b67cd","status":"broken","statusDetails":"juju.errors.JujuUnitError: Unit in error: postgresql-aws/1","time":{"start":1731029606178,"stop":1731029736512,"duration":130334}},{"uid":"8fb53e35939affd5","reportUrl":"../228//#testresult/8fb53e35939affd5","status":"broken","statusDetails":"juju.errors.JujuUnitError: Unit in error: postgresql-aws/0","time":{"start":1730943138995,"stop":1730943351330,"duration":212335}},{"uid":"afa82a304081369c","reportUrl":"../227//#testresult/afa82a304081369c","status":"broken","statusDetails":"juju.errors.JujuUnitError: Unit in error: postgresql-aws/1","time":{"start":1730856742550,"stop":1730856893494,"duration":150944}},{"uid":"6050159f8edc8efe","reportUrl":"../226//#testresult/6050159f8edc8efe","status":"broken","statusDetails":"juju.errors.JujuUnitError: Unit in error: postgresql-aws/1","time":{"start":1730770404558,"stop":1730770638867,"duration":234309}},{"uid":"5a5d396c6fff5662","reportUrl":"../225//#testresult/5a5d396c6fff5662","status":"broken","statusDetails":"juju.errors.JujuUnitError: Unit in error: postgresql-aws/0","time":{"start":1730684158708,"stop":1730684384584,"duration":225876}},{"uid":"ba086d8732744001","reportUrl":"../224//#testresult/ba086d8732744001","status":"broken","statusDetails":"juju.errors.JujuUnitError: Unit in error: postgresql-aws/0","time":{"start":1730597880457,"stop":1730598198190,"duration":317733}},{"uid":"7d56bb264ef907e8","reportUrl":"../223//#testresult/7d56bb264ef907e8","status":"broken","statusDetails":"juju.errors.JujuUnitError: Unit in error: postgresql-aws/0","time":{"start":1730516483777,"stop":1730516646468,"duration":162691}},{"uid":"566cc6c23b3ef003","reportUrl":"../222//#testresult/566cc6c23b3ef003","status":"broken","statusDetails":"juju.errors.JujuUnitError: Unit in error: postgresql-aws/1","time":{"start":1730424953186,"stop":1730425310894,"duration":357708}},{"uid":"4a3bb54ef85cd7fe","reportUrl":"../221//#testresult/4a3bb54ef85cd7fe","status":"broken","statusDetails":"juju.errors.JujuUnitError: Unit in error: postgresql-aws/1","time":{"start":1730338554684,"stop":1730338838721,"duration":284037}},{"uid":"e9f873166d77d7ae","reportUrl":"../219//#testresult/e9f873166d77d7ae","status":"broken","statusDetails":"juju.errors.JujuUnitError: Unit in error: postgresql-aws/0","time":{"start":1730165699946,"stop":1730165921900,"duration":221954}},{"uid":"d169ecd9a5352d5e","reportUrl":"../218//#testresult/d169ecd9a5352d5e","status":"broken","statusDetails":"juju.errors.JujuUnitError: Unit in error: postgresql-aws/1","time":{"start":1730086170377,"stop":1730086378451,"duration":208074}},{"uid":"6d2dfab27c4a205b","reportUrl":"../217//#testresult/6d2dfab27c4a205b","status":"broken","statusDetails":"juju.errors.JujuUnitError: Unit in error: postgresql-aws/0","time":{"start":1729992887458,"stop":1729993131462,"duration":244004}},{"uid":"1d3c026bdc6e29","reportUrl":"../216//#testresult/1d3c026bdc6e29","status":"broken","statusDetails":"juju.errors.JujuUnitError: Unit in error: postgresql-aws/0","time":{"start":1729906548947,"stop":1729906766499,"duration":217552}},{"uid":"27b917181c37aa30","reportUrl":"../215//#testresult/27b917181c37aa30","status":"broken","statusDetails":"juju.errors.JujuUnitError: Unit in error: postgresql-aws/1","time":{"start":1729820190489,"stop":1729820532691,"duration":342202}},{"uid":"eaf5d07b23d7fd88","reportUrl":"../214//#testresult/eaf5d07b23d7fd88","status":"broken","statusDetails":"juju.errors.JujuUnitError: Unit in error: postgresql-aws/0","time":{"start":1729733738902,"stop":1729733988894,"duration":249992}},{"uid":"b2665fccd75f11ac","reportUrl":"../213//#testresult/b2665fccd75f11ac","status":"broken","statusDetails":"juju.errors.JujuUnitError: Unit in error: postgresql-aws/0","time":{"start":1729647422400,"stop":1729647610569,"duration":188169}}]},"tags":["asyncio","abort_on_fail","group(1)"]},"source":"79c3006c5c2edfc5.json","parameterValues":[]}