[32mINFO    [0m integration.test_backups:test_backups.py:84 deleting the previously created backups
[32mINFO    [0m pytest_operator.plugin:plugin.py:862 Model status:

Model  Controller           Cloud/Region         Version  SLA          Timestamp
test   localhost-localhost  localhost/localhost  3.1.8    unsupported  01:55:26Z

App                       Version  Status  Scale  Charm                     Channel        Rev  Exposed  Message
postgresql-aws            14.11    active      2  postgresql                                 0  no       
s3-integrator                      active      1  s3-integrator             latest/stable   24  no       
self-signed-certificates           active      1  self-signed-certificates  latest/stable  155  no       

Unit                         Workload  Agent  Machine  Public address  Ports     Message
postgresql-aws/0             active    idle   2        10.86.56.103    5432/tcp  
postgresql-aws/1*            active    idle   3        10.86.56.37     5432/tcp  Primary
s3-integrator/0*             active    idle   0        10.86.56.171              
self-signed-certificates/0*  active    idle   1        10.86.56.4                

Machine  State    Address       Inst id        Base          AZ  Message
0        started  10.86.56.171  juju-e35db9-0  ubuntu@22.04      Running
1        started  10.86.56.4    juju-e35db9-1  ubuntu@22.04      Running
2        started  10.86.56.103  juju-e35db9-2  ubuntu@22.04      Running
3        started  10.86.56.37   juju-e35db9-3  ubuntu@22.04      Running

[32mINFO    [0m pytest_operator.plugin:plugin.py:868 Juju error logs:

machine-0: 01:36:11 ERROR juju.worker.dependency "kvm-container-provisioner" manifold worker returned unexpected error: container types not yet available
machine-0: 01:36:11 ERROR juju.worker.dependency "lxd-container-provisioner" manifold worker returned unexpected error: container types not yet available
machine-0: 01:36:11 ERROR juju.worker.dependency "broker-tracker" manifold worker returned unexpected error: no container types determined
unit-s3-integrator-0: 01:36:11 ERROR juju.worker.meterstatus error running "meter-status-changed": charm missing from disk
machine-1: 01:36:22 ERROR juju.worker.dependency "broker-tracker" manifold worker returned unexpected error: no container types determined
machine-1: 01:36:22 ERROR juju.worker.dependency "lxd-container-provisioner" manifold worker returned unexpected error: container types not yet available
machine-1: 01:36:22 ERROR juju.worker.dependency "kvm-container-provisioner" manifold worker returned unexpected error: container types not yet available
unit-self-signed-certificates-0: 01:36:22 ERROR juju.worker.meterstatus error running "meter-status-changed": charm missing from disk
machine-3: 01:36:41 ERROR juju.worker.dependency "kvm-container-provisioner" manifold worker returned unexpected error: container types not yet available
machine-3: 01:36:41 ERROR juju.worker.dependency "lxd-container-provisioner" manifold worker returned unexpected error: container types not yet available
machine-3: 01:36:41 ERROR juju.worker.dependency "broker-tracker" manifold worker returned unexpected error: no container types determined
unit-postgresql-aws-1: 01:36:41 ERROR juju.worker.meterstatus error running "meter-status-changed": charm missing from disk
machine-2: 01:36:44 ERROR juju.worker.dependency "kvm-container-provisioner" manifold worker returned unexpected error: container types not yet available
machine-2: 01:36:44 ERROR juju.worker.dependency "broker-tracker" manifold worker returned unexpected error: no container types determined
machine-2: 01:36:44 ERROR juju.worker.dependency "lxd-container-provisioner" manifold worker returned unexpected error: container types not yet available
unit-postgresql-aws-0: 01:36:44 ERROR juju.worker.meterstatus error running "meter-status-changed": charm missing from disk
unit-postgresql-aws-1: 01:51:39 ERROR unit.postgresql-aws/1.juju-log RetryError[<Future at 0x783c5cef9570 state=finished raised Exception>]
Traceback (most recent call last):
  File "/var/lib/juju/agents/unit-postgresql-aws-1/charm/src/backups.py", line 493, in check_stanza
    raise Exception(stderr)
Exception: WARN: unable to check pg2: [HostConnectError] unable to connect to '10.86.56.103:8432': [111] Connection refused
          [HostConnectError] on 12 retries from 101-60001ms: unable to connect to '10.86.56.103:8432': [111] Connection refused
ERROR: [049]: unable to connect to '10.86.56.103:8432': [111] Connection refused
           [HostConnectError] on 12 retries from 100-60001ms: unable to connect to '10.86.56.103:8432': [111] Connection refused


The above exception was the direct cause of the following exception:

Traceback (most recent call last):
  File "/var/lib/juju/agents/unit-postgresql-aws-1/charm/src/backups.py", line 482, in check_stanza
    for attempt in Retrying(stop=stop_after_attempt(5), wait=wait_fixed(3)):
  File "/var/lib/juju/agents/unit-postgresql-aws-1/charm/venv/tenacity/__init__.py", line 437, in __iter__
    do = self.iter(retry_state=retry_state)
  File "/var/lib/juju/agents/unit-postgresql-aws-1/charm/venv/tenacity/__init__.py", line 370, in iter
    result = action(retry_state)
  File "/var/lib/juju/agents/unit-postgresql-aws-1/charm/venv/tenacity/__init__.py", line 413, in exc_check
    raise retry_exc from fut.exception()
tenacity.RetryError: RetryError[<Future at 0x783c5cef9570 state=finished raised Exception>]
unit-postgresql-aws-0: 01:55:23 ERROR unit.postgresql-aws/0.juju-log Backup failed: Stanza was not initialised

[32mINFO    [0m pytest_operator.plugin:plugin.py:947 Forgetting model main...