[32mINFO    [0m integration.ha_tests.test_self_healing:test_self_healing.py:486 checking whether the connectivity to the database is working
[32mINFO    [0m integration.ha_tests.test_self_healing:test_self_healing.py:491 Cutting network for postgresql/2
[32mINFO    [0m integration.ha_tests.test_self_healing:test_self_healing.py:497 checking for no connectivity between postgresql/2 and postgresql/0
[32mINFO    [0m integration.ha_tests.test_self_healing:test_self_healing.py:497 checking for no connectivity between postgresql/2 and postgresql/3
[32mINFO    [0m integration.ha_tests.test_self_healing:test_self_healing.py:504 checking for no connectivity between postgresql/2 and the controller
[32mINFO    [0m integration.ha_tests.test_self_healing:test_self_healing.py:511 checking whether the connectivity to the database is not working
[32mINFO    [0m integration.ha_tests.test_self_healing:test_self_healing.py:517 checking whether writes are increasing
[32mINFO    [0m integration.ha_tests.test_self_healing:test_self_healing.py:520 checking whether a new primary was elected
[32mINFO    [0m integration.ha_tests.test_self_healing:test_self_healing.py:527 Restoring network for postgresql/2
[32mINFO    [0m integration.ha_tests.test_self_healing:test_self_healing.py:531 waiting for cluster to become idle
[32mINFO    [0m juju.model:model.py:2971 Waiting for model:
  postgresql/0 [idle] active: Primary
  postgresql/2 [idle] active: Primary
  postgresql/3 [idle] active: 
[32mINFO    [0m integration.ha_tests.test_self_healing:test_self_healing.py:536 waiting for the database service to be ready on postgresql/2
[32mINFO    [0m integration.ha_tests.test_self_healing:test_self_healing.py:540 checking whether the connectivity to the database is working
[32mINFO    [0m integration.ha_tests.helpers:helpers.py:196 checking that the former primary is now a replica
[32mINFO    [0m integration.ha_tests.helpers:helpers.py:202 checking that all units are part of the same cluster
[32mINFO    [0m integration.ha_tests.helpers:helpers.py:216 checking that no writes to the database were missed after stopping the writes
[32mINFO    [0m integration.ha_tests.helpers:helpers.py:220 checking that the former primary is up to date with the cluster after restarting
[32mINFO    [0m pytest_operator.plugin:plugin.py:862 Model status:

Model  Controller           Cloud/Region         Version  SLA          Timestamp
test   localhost-localhost  localhost/localhost  3.1.8    unsupported  02:20:24Z

App                  Version  Status  Scale  Charm                Channel  Rev  Exposed  Message
postgresql           14.11    active      3  postgresql                      0  no       
postgresql-test-app           active      1  postgresql-test-app  edge     166  no       received database credentials of the first database

Unit                    Workload  Agent  Machine  Public address  Ports     Message
postgresql-test-app/0*  active    idle   3        10.241.184.97             received database credentials of the first database
postgresql/0*           active    idle   0        10.241.184.210  5432/tcp  Primary
postgresql/2            active    idle   2        10.241.184.231  5432/tcp  
postgresql/3            active    idle   4        10.241.184.189  5432/tcp  

Machine  State    Address         Inst id        Base          AZ  Message
0        started  10.241.184.210  juju-b47e5c-0  ubuntu@22.04      Running
2        started  10.241.184.231  juju-b47e5c-2  ubuntu@22.04      Running
3        started  10.241.184.97   juju-b47e5c-3  ubuntu@22.04      Running
4        started  10.241.184.189  juju-b47e5c-4  ubuntu@22.04      Running

[32mINFO    [0m pytest_operator.plugin:plugin.py:868 Juju error logs:

machine-0: 01:34:00 ERROR juju.worker.dependency "broker-tracker" manifold worker returned unexpected error: no container types determined
machine-0: 01:34:00 ERROR juju.worker.dependency "lxd-container-provisioner" manifold worker returned unexpected error: container types not yet available
machine-0: 01:34:00 ERROR juju.worker.dependency "kvm-container-provisioner" manifold worker returned unexpected error: container types not yet available
machine-3: 01:34:00 ERROR juju.worker.dependency "broker-tracker" manifold worker returned unexpected error: no container types determined
machine-3: 01:34:00 ERROR juju.worker.dependency "kvm-container-provisioner" manifold worker returned unexpected error: container types not yet available
machine-3: 01:34:00 ERROR juju.worker.dependency "lxd-container-provisioner" manifold worker returned unexpected error: container types not yet available
unit-postgresql-0: 01:34:00 ERROR juju.worker.meterstatus error running "meter-status-changed": charm missing from disk
unit-postgresql-test-app-0: 01:34:00 ERROR juju.worker.meterstatus error running "meter-status-changed": charm missing from disk
machine-1: 01:34:05 ERROR juju.worker.dependency "kvm-container-provisioner" manifold worker returned unexpected error: container types not yet available
machine-1: 01:34:05 ERROR juju.worker.dependency "lxd-container-provisioner" manifold worker returned unexpected error: container types not yet available
machine-1: 01:34:05 ERROR juju.worker.dependency "broker-tracker" manifold worker returned unexpected error: no container types determined
machine-2: 01:34:05 ERROR juju.worker.dependency "lxd-container-provisioner" manifold worker returned unexpected error: container types not yet available
machine-2: 01:34:05 ERROR juju.worker.dependency "kvm-container-provisioner" manifold worker returned unexpected error: container types not yet available
machine-2: 01:34:05 ERROR juju.worker.dependency "broker-tracker" manifold worker returned unexpected error: no container types determined
unit-postgresql-2: 01:34:05 ERROR juju.worker.meterstatus error running "meter-status-changed": charm missing from disk
unit-postgresql-1: 01:34:06 ERROR juju.worker.meterstatus error running "meter-status-changed": charm missing from disk
unit-postgresql-0: 01:36:07 ERROR unit.postgresql/0.juju-log database-peers:1: Failed to list PostgreSQL database users: could not translate host name "None" to address: Temporary failure in name resolution

machine-4: 01:48:22 ERROR juju.worker.dependency "kvm-container-provisioner" manifold worker returned unexpected error: container types not yet available
machine-4: 01:48:22 ERROR juju.worker.dependency "broker-tracker" manifold worker returned unexpected error: no container types determined
machine-4: 01:48:22 ERROR juju.worker.dependency "lxd-container-provisioner" manifold worker returned unexpected error: container types not yet available
unit-postgresql-3: 01:48:22 ERROR juju.worker.meterstatus error running "meter-status-changed": charm missing from disk
unit-postgresql-0: 01:54:21 ERROR unit.postgresql/0.juju-log Failed to list PostgreSQL database users: connection to server at "10.241.184.33", port 5432 failed: timeout expired

unit-postgresql-0: 01:54:30 ERROR unit.postgresql/0.juju-log Failed to list PostgreSQL database users: connection to server at "10.241.184.33", port 5432 failed: timeout expired

unit-postgresql-test-app-0: 01:58:30 ERROR unit.postgresql-test-app/0.juju-log first-database:4: Unable to read result
Traceback (most recent call last):
  File "/var/lib/juju/agents/unit-postgresql-test-app-0/charm/./src/charm.py", line 371, in _stop_continuous_writes
    with open(LAST_WRITTEN_FILE, "r") as fd:
FileNotFoundError: [Errno 2] No such file or directory: '/tmp/last_written_value'

The above exception was the direct cause of the following exception:

Traceback (most recent call last):
  File "/var/lib/juju/agents/unit-postgresql-test-app-0/charm/./src/charm.py", line 369, in _stop_continuous_writes
    for attempt in Retrying(stop=stop_after_delay(60), wait=wait_fixed(5)):
  File "/var/lib/juju/agents/unit-postgresql-test-app-0/charm/venv/tenacity/__init__.py", line 443, in __iter__
    do = self.iter(retry_state=retry_state)
  File "/var/lib/juju/agents/unit-postgresql-test-app-0/charm/venv/tenacity/__init__.py", line 376, in iter
    result = action(retry_state)
  File "/var/lib/juju/agents/unit-postgresql-test-app-0/charm/venv/tenacity/__init__.py", line 419, in exc_check
    raise retry_exc from fut.exception()
tenacity.RetryError: RetryError[<Future at 0x7b157c766e00 state=finished raised FileNotFoundError>]
machine-4: 02:07:55 ERROR juju.worker.dependency "api-caller" manifold worker returned unexpected error: [4e02b2] "machine-4" cannot open api: unable to connect to API: dial tcp 10.241.184.98:17070: connect: network is unreachable
machine-4: 02:07:59 ERROR juju.worker.dependency "api-caller" manifold worker returned unexpected error: [4e02b2] "machine-4" cannot open api: unable to connect to API: dial tcp 10.241.184.98:17070: connect: network is unreachable
machine-4: 02:08:03 ERROR juju.worker.dependency "api-caller" manifold worker returned unexpected error: [4e02b2] "machine-4" cannot open api: unable to connect to API: dial tcp 10.241.184.98:17070: connect: network is unreachable
machine-4: 02:08:08 ERROR juju.worker.dependency "api-caller" manifold worker returned unexpected error: [4e02b2] "machine-4" cannot open api: unable to connect to API: dial tcp 10.241.184.98:17070: connect: network is unreachable
machine-4: 02:08:15 ERROR juju.worker.dependency "api-caller" manifold worker returned unexpected error: [4e02b2] "machine-4" cannot open api: unable to connect to API: dial tcp 10.241.184.98:17070: connect: network is unreachable
machine-4: 02:08:22 ERROR juju.worker.dependency "api-caller" manifold worker returned unexpected error: [4e02b2] "machine-4" cannot open api: unable to connect to API: dial tcp 10.241.184.98:17070: connect: network is unreachable
machine-4: 02:08:31 ERROR juju.worker.dependency "api-caller" manifold worker returned unexpected error: [4e02b2] "machine-4" cannot open api: unable to connect to API: dial tcp 10.241.184.98:17070: connect: network is unreachable
machine-2: 02:18:40 ERROR juju.api.watcher error trying to stop watcher: websocket: close sent
machine-2: 02:18:40 ERROR juju.worker.uniter.metrics failed to close the collect-metrics listener: close unix /var/lib/juju/agents/unit-postgresql-2/1358598340/s: use of closed network connection
machine-2: 02:18:46 ERROR juju.worker.dependency "api-caller" manifold worker returned unexpected error: [4e02b2] "machine-2" cannot open api: unable to connect to API: dial tcp 10.241.184.98:17070: connect: no route to host
machine-2: 02:18:53 ERROR juju.worker.dependency "api-caller" manifold worker returned unexpected error: [4e02b2] "machine-2" cannot open api: unable to connect to API: dial tcp 10.241.184.98:17070: i/o timeout
machine-2: 02:18:59 ERROR juju.worker.dependency "api-caller" manifold worker returned unexpected error: [4e02b2] "machine-2" cannot open api: unable to connect to API: dial tcp 10.241.184.98:17070: connect: no route to host
machine-2: 02:19:07 ERROR juju.worker.dependency "api-caller" manifold worker returned unexpected error: [4e02b2] "machine-2" cannot open api: unable to connect to API: dial tcp 10.241.184.98:17070: connect: no route to host

[32mINFO    [0m pytest_operator.plugin:plugin.py:947 Forgetting model main...