[32mINFO    [0m pytest_operator.plugin:plugin.py:903 Model status:

Model  Controller           Cloud/Region         Version  SLA          Timestamp
test   localhost-localhost  localhost/localhost  3.4.5    unsupported  02:37:57Z

App                  Version  Status   Scale  Charm                Channel      Rev  Exposed  Message
postgresql                    blocked      3  postgresql                          0  no       failed to install snap packages
postgresql-test-app           active       1  postgresql-test-app  latest/edge  263  no       

Unit                    Workload  Agent      Machine  Public address  Ports  Message
postgresql-test-app/0*  active    idle       3        10.137.199.183         
postgresql/0            blocked   idle       0        10.137.199.130         failed to install snap packages
postgresql/1*           blocked   executing  1        10.137.199.138         (leader-elected) failed to install snap packages
postgresql/2            blocked   idle       2        10.137.199.126         failed to install snap packages

Machine  State    Address         Inst id        Base          AZ  Message
0        started  10.137.199.130  juju-970fe9-0  ubuntu@22.04      Running
1        started  10.137.199.138  juju-970fe9-1  ubuntu@22.04      Running
2        started  10.137.199.126  juju-970fe9-2  ubuntu@22.04      Running
3        started  10.137.199.183  juju-970fe9-3  ubuntu@22.04      Running

[32mINFO    [0m pytest_operator.plugin:plugin.py:909 Juju error logs:

machine-1: 02:34:22 ERROR juju.worker.dependency "kvm-container-provisioner" manifold worker returned unexpected error: container types not yet available
machine-1: 02:34:22 ERROR juju.worker.dependency "lxd-container-provisioner" manifold worker returned unexpected error: container types not yet available
unit-postgresql-1: 02:34:22 ERROR juju.worker.meterstatus error running "meter-status-changed": charm missing from disk
machine-2: 02:34:31 ERROR juju.worker.dependency "lxd-container-provisioner" manifold worker returned unexpected error: container types not yet available
machine-2: 02:34:31 ERROR juju.worker.dependency "kvm-container-provisioner" manifold worker returned unexpected error: container types not yet available
unit-postgresql-2: 02:34:31 ERROR juju.worker.meterstatus error running "meter-status-changed": charm missing from disk
unit-postgresql-1: 02:34:39 ERROR unit.postgresql/1.juju-log An exception occurred when installing charmed-postgresql. Reason: Snap: 'charmed-postgresql'; command ['snap', 'install', 'charmed-postgresql', '--channel="14/stable"', '--revision="124"'] failed with output = ''
unit-postgresql-2: 02:34:48 ERROR unit.postgresql/2.juju-log An exception occurred when installing charmed-postgresql. Reason: Snap: 'charmed-postgresql'; command ['snap', 'install', 'charmed-postgresql', '--channel="14/stable"', '--revision="124"'] failed with output = ''
unit-postgresql-1: 02:34:51 ERROR unit.postgresql/1.juju-log Uncaught exception while in charm code:
Traceback (most recent call last):
  File "/var/lib/juju/agents/unit-postgresql-1/charm/./src/charm.py", line 1879, in <module>
    main(PostgresqlOperatorCharm)
  File "/var/lib/juju/agents/unit-postgresql-1/charm/venv/ops/main.py", line 553, in main
    manager.run()
  File "/var/lib/juju/agents/unit-postgresql-1/charm/venv/ops/main.py", line 529, in run
    self._emit()
  File "/var/lib/juju/agents/unit-postgresql-1/charm/venv/ops/main.py", line 518, in _emit
    _emit_charm_event(self.charm, self.dispatcher.event_name, self._juju_context)
  File "/var/lib/juju/agents/unit-postgresql-1/charm/venv/ops/main.py", line 139, in _emit_charm_event
    event_to_emit.emit(*args, **kwargs)
  File "/var/lib/juju/agents/unit-postgresql-1/charm/venv/ops/framework.py", line 347, in emit
    framework._emit(event)
  File "/var/lib/juju/agents/unit-postgresql-1/charm/venv/ops/framework.py", line 853, in _emit
    self._reemit(event_path)
  File "/var/lib/juju/agents/unit-postgresql-1/charm/venv/ops/framework.py", line 943, in _reemit
    custom_handler(event)
  File "/var/lib/juju/agents/unit-postgresql-1/charm/lib/charms/tempo_k8s/v1/charm_tracing.py", line 735, in wrapped_function
    return callable(*args, **kwargs)  # type: ignore
  File "/var/lib/juju/agents/unit-postgresql-1/charm/./src/charm.py", line 925, in _on_leader_elected
    self.update_config()
  File "/var/lib/juju/agents/unit-postgresql-1/charm/lib/charms/tempo_k8s/v1/charm_tracing.py", line 735, in wrapped_function
    return callable(*args, **kwargs)  # type: ignore
  File "/var/lib/juju/agents/unit-postgresql-1/charm/./src/charm.py", line 1634, in update_config
    self._patroni.render_patroni_yml_file(
  File "/var/lib/juju/agents/unit-postgresql-1/charm/lib/charms/tempo_k8s/v1/charm_tracing.py", line 735, in wrapped_function
    return callable(*args, **kwargs)  # type: ignore
  File "/var/lib/juju/agents/unit-postgresql-1/charm/src/cluster.py", line 606, in render_patroni_yml_file
    version=self.get_postgresql_version().split(".")[0],
AttributeError: 'NoneType' object has no attribute 'split'
unit-postgresql-1: 02:34:51 ERROR juju.worker.uniter.operation hook "leader-elected" (via hook dispatching script: dispatch) failed: exit status 1
machine-0: 02:34:54 ERROR juju.worker.dependency "kvm-container-provisioner" manifold worker returned unexpected error: container types not yet available
machine-0: 02:34:54 ERROR juju.worker.dependency "lxd-container-provisioner" manifold worker returned unexpected error: container types not yet available
unit-postgresql-0: 02:34:54 ERROR juju.worker.meterstatus error running "meter-status-changed": charm missing from disk
unit-postgresql-1: 02:35:03 ERROR unit.postgresql/1.juju-log Uncaught exception while in charm code:
Traceback (most recent call last):
  File "/var/lib/juju/agents/unit-postgresql-1/charm/./src/charm.py", line 1879, in <module>
    main(PostgresqlOperatorCharm)
  File "/var/lib/juju/agents/unit-postgresql-1/charm/venv/ops/main.py", line 553, in main
    manager.run()
  File "/var/lib/juju/agents/unit-postgresql-1/charm/venv/ops/main.py", line 529, in run
    self._emit()
  File "/var/lib/juju/agents/unit-postgresql-1/charm/venv/ops/main.py", line 518, in _emit
    _emit_charm_event(self.charm, self.dispatcher.event_name, self._juju_context)
  File "/var/lib/juju/agents/unit-postgresql-1/charm/venv/ops/main.py", line 139, in _emit_charm_event
    event_to_emit.emit(*args, **kwargs)
  File "/var/lib/juju/agents/unit-postgresql-1/charm/venv/ops/framework.py", line 347, in emit
    framework._emit(event)
  File "/var/lib/juju/agents/unit-postgresql-1/charm/venv/ops/framework.py", line 853, in _emit
    self._reemit(event_path)
  File "/var/lib/juju/agents/unit-postgresql-1/charm/venv/ops/framework.py", line 943, in _reemit
    custom_handler(event)
  File "/var/lib/juju/agents/unit-postgresql-1/charm/lib/charms/tempo_k8s/v1/charm_tracing.py", line 735, in wrapped_function
    return callable(*args, **kwargs)  # type: ignore
  File "/var/lib/juju/agents/unit-postgresql-1/charm/./src/charm.py", line 925, in _on_leader_elected
    self.update_config()
  File "/var/lib/juju/agents/unit-postgresql-1/charm/lib/charms/tempo_k8s/v1/charm_tracing.py", line 735, in wrapped_function
    return callable(*args, **kwargs)  # type: ignore
  File "/var/lib/juju/agents/unit-postgresql-1/charm/./src/charm.py", line 1634, in update_config
    self._patroni.render_patroni_yml_file(
  File "/var/lib/juju/agents/unit-postgresql-1/charm/lib/charms/tempo_k8s/v1/charm_tracing.py", line 735, in wrapped_function
    return callable(*args, **kwargs)  # type: ignore
  File "/var/lib/juju/agents/unit-postgresql-1/charm/src/cluster.py", line 606, in render_patroni_yml_file
    version=self.get_postgresql_version().split(".")[0],
AttributeError: 'NoneType' object has no attribute 'split'
unit-postgresql-1: 02:35:03 ERROR juju.worker.uniter.operation hook "leader-elected" (via hook dispatching script: dispatch) failed: exit status 1
unit-postgresql-0: 02:35:09 ERROR unit.postgresql/0.juju-log An exception occurred when installing charmed-postgresql. Reason: Snap: 'charmed-postgresql'; command ['snap', 'install', 'charmed-postgresql', '--channel="14/stable"', '--revision="124"'] failed with output = ''
unit-postgresql-0: 02:35:14 ERROR unit.postgresql/0.juju-log failed to get primary with error RetryError[<Future at 0x7723b28690f0 state=finished raised ConnectionError>]
unit-postgresql-1: 02:35:21 ERROR unit.postgresql/1.juju-log Uncaught exception while in charm code:
Traceback (most recent call last):
  File "/var/lib/juju/agents/unit-postgresql-1/charm/./src/charm.py", line 1879, in <module>
    main(PostgresqlOperatorCharm)
  File "/var/lib/juju/agents/unit-postgresql-1/charm/venv/ops/main.py", line 553, in main
    manager.run()
  File "/var/lib/juju/agents/unit-postgresql-1/charm/venv/ops/main.py", line 529, in run
    self._emit()
  File "/var/lib/juju/agents/unit-postgresql-1/charm/venv/ops/main.py", line 518, in _emit
    _emit_charm_event(self.charm, self.dispatcher.event_name, self._juju_context)
  File "/var/lib/juju/agents/unit-postgresql-1/charm/venv/ops/main.py", line 139, in _emit_charm_event
    event_to_emit.emit(*args, **kwargs)
  File "/var/lib/juju/agents/unit-postgresql-1/charm/venv/ops/framework.py", line 347, in emit
    framework._emit(event)
  File "/var/lib/juju/agents/unit-postgresql-1/charm/venv/ops/framework.py", line 853, in _emit
    self._reemit(event_path)
  File "/var/lib/juju/agents/unit-postgresql-1/charm/venv/ops/framework.py", line 943, in _reemit
    custom_handler(event)
  File "/var/lib/juju/agents/unit-postgresql-1/charm/lib/charms/tempo_k8s/v1/charm_tracing.py", line 735, in wrapped_function
    return callable(*args, **kwargs)  # type: ignore
  File "/var/lib/juju/agents/unit-postgresql-1/charm/./src/charm.py", line 925, in _on_leader_elected
    self.update_config()
  File "/var/lib/juju/agents/unit-postgresql-1/charm/lib/charms/tempo_k8s/v1/charm_tracing.py", line 735, in wrapped_function
    return callable(*args, **kwargs)  # type: ignore
  File "/var/lib/juju/agents/unit-postgresql-1/charm/./src/charm.py", line 1634, in update_config
    self._patroni.render_patroni_yml_file(
  File "/var/lib/juju/agents/unit-postgresql-1/charm/lib/charms/tempo_k8s/v1/charm_tracing.py", line 735, in wrapped_function
    return callable(*args, **kwargs)  # type: ignore
  File "/var/lib/juju/agents/unit-postgresql-1/charm/src/cluster.py", line 606, in render_patroni_yml_file
    version=self.get_postgresql_version().split(".")[0],
AttributeError: 'NoneType' object has no attribute 'split'
unit-postgresql-1: 02:35:21 ERROR juju.worker.uniter.operation hook "leader-elected" (via hook dispatching script: dispatch) failed: exit status 1
unit-postgresql-1: 02:35:22 ERROR unit.postgresql/1.juju-log failed to get primary with error RetryError[<Future at 0x74cf2eeaca90 state=finished raised ConnectionError>]
unit-postgresql-2: 02:35:24 ERROR unit.postgresql/2.juju-log failed to get primary with error RetryError[<Future at 0x7bc6b4af92d0 state=finished raised ConnectionError>]
machine-3: 02:35:35 ERROR juju.worker.dependency "kvm-container-provisioner" manifold worker returned unexpected error: container types not yet available
machine-3: 02:35:35 ERROR juju.worker.dependency "lxd-container-provisioner" manifold worker returned unexpected error: container types not yet available
unit-postgresql-test-app-0: 02:35:36 ERROR juju.worker.meterstatus error running "meter-status-changed": charm missing from disk
unit-postgresql-1: 02:35:50 ERROR unit.postgresql/1.juju-log Uncaught exception while in charm code:
Traceback (most recent call last):
  File "/var/lib/juju/agents/unit-postgresql-1/charm/./src/charm.py", line 1879, in <module>
    main(PostgresqlOperatorCharm)
  File "/var/lib/juju/agents/unit-postgresql-1/charm/venv/ops/main.py", line 553, in main
    manager.run()
  File "/var/lib/juju/agents/unit-postgresql-1/charm/venv/ops/main.py", line 529, in run
    self._emit()
  File "/var/lib/juju/agents/unit-postgresql-1/charm/venv/ops/main.py", line 518, in _emit
    _emit_charm_event(self.charm, self.dispatcher.event_name, self._juju_context)
  File "/var/lib/juju/agents/unit-postgresql-1/charm/venv/ops/main.py", line 139, in _emit_charm_event
    event_to_emit.emit(*args, **kwargs)
  File "/var/lib/juju/agents/unit-postgresql-1/charm/venv/ops/framework.py", line 347, in emit
    framework._emit(event)
  File "/var/lib/juju/agents/unit-postgresql-1/charm/venv/ops/framework.py", line 853, in _emit
    self._reemit(event_path)
  File "/var/lib/juju/agents/unit-postgresql-1/charm/venv/ops/framework.py", line 943, in _reemit
    custom_handler(event)
  File "/var/lib/juju/agents/unit-postgresql-1/charm/lib/charms/tempo_k8s/v1/charm_tracing.py", line 735, in wrapped_function
    return callable(*args, **kwargs)  # type: ignore
  File "/var/lib/juju/agents/unit-postgresql-1/charm/./src/charm.py", line 925, in _on_leader_elected
    self.update_config()
  File "/var/lib/juju/agents/unit-postgresql-1/charm/lib/charms/tempo_k8s/v1/charm_tracing.py", line 735, in wrapped_function
    return callable(*args, **kwargs)  # type: ignore
  File "/var/lib/juju/agents/unit-postgresql-1/charm/./src/charm.py", line 1634, in update_config
    self._patroni.render_patroni_yml_file(
  File "/var/lib/juju/agents/unit-postgresql-1/charm/lib/charms/tempo_k8s/v1/charm_tracing.py", line 735, in wrapped_function
    return callable(*args, **kwargs)  # type: ignore
  File "/var/lib/juju/agents/unit-postgresql-1/charm/src/cluster.py", line 606, in render_patroni_yml_file
    version=self.get_postgresql_version().split(".")[0],
AttributeError: 'NoneType' object has no attribute 'split'
unit-postgresql-1: 02:35:50 ERROR juju.worker.uniter.operation hook "leader-elected" (via hook dispatching script: dispatch) failed: exit status 1
unit-postgresql-1: 02:36:37 ERROR unit.postgresql/1.juju-log Uncaught exception while in charm code:
Traceback (most recent call last):
  File "/var/lib/juju/agents/unit-postgresql-1/charm/./src/charm.py", line 1879, in <module>
    main(PostgresqlOperatorCharm)
  File "/var/lib/juju/agents/unit-postgresql-1/charm/venv/ops/main.py", line 553, in main
    manager.run()
  File "/var/lib/juju/agents/unit-postgresql-1/charm/venv/ops/main.py", line 529, in run
    self._emit()
  File "/var/lib/juju/agents/unit-postgresql-1/charm/venv/ops/main.py", line 518, in _emit
    _emit_charm_event(self.charm, self.dispatcher.event_name, self._juju_context)
  File "/var/lib/juju/agents/unit-postgresql-1/charm/venv/ops/main.py", line 139, in _emit_charm_event
    event_to_emit.emit(*args, **kwargs)
  File "/var/lib/juju/agents/unit-postgresql-1/charm/venv/ops/framework.py", line 347, in emit
    framework._emit(event)
  File "/var/lib/juju/agents/unit-postgresql-1/charm/venv/ops/framework.py", line 853, in _emit
    self._reemit(event_path)
  File "/var/lib/juju/agents/unit-postgresql-1/charm/venv/ops/framework.py", line 943, in _reemit
    custom_handler(event)
  File "/var/lib/juju/agents/unit-postgresql-1/charm/lib/charms/tempo_k8s/v1/charm_tracing.py", line 735, in wrapped_function
    return callable(*args, **kwargs)  # type: ignore
  File "/var/lib/juju/agents/unit-postgresql-1/charm/./src/charm.py", line 925, in _on_leader_elected
    self.update_config()
  File "/var/lib/juju/agents/unit-postgresql-1/charm/lib/charms/tempo_k8s/v1/charm_tracing.py", line 735, in wrapped_function
    return callable(*args, **kwargs)  # type: ignore
  File "/var/lib/juju/agents/unit-postgresql-1/charm/./src/charm.py", line 1634, in update_config
    self._patroni.render_patroni_yml_file(
  File "/var/lib/juju/agents/unit-postgresql-1/charm/lib/charms/tempo_k8s/v1/charm_tracing.py", line 735, in wrapped_function
    return callable(*args, **kwargs)  # type: ignore
  File "/var/lib/juju/agents/unit-postgresql-1/charm/src/cluster.py", line 606, in render_patroni_yml_file
    version=self.get_postgresql_version().split(".")[0],
AttributeError: 'NoneType' object has no attribute 'split'
unit-postgresql-1: 02:36:38 ERROR juju.worker.uniter.operation hook "leader-elected" (via hook dispatching script: dispatch) failed: exit status 1

[32mINFO    [0m pytest_operator.plugin:plugin.py:991 Forgetting model main...