[32mINFO    [0m juju.model:model.py:2971 Waiting for model:
  pg (waiting for exactly 3 units, current : 4)
[32mINFO    [0m juju.model:model.py:2971 Waiting for model:
  pg/1 [executing] active: 
  pg/2 [executing] maintenance: reconfiguring cluster
  pg/3 [executing] active: 
[32mINFO    [0m juju.model:model.py:2971 Waiting for model:
  pg/2 [idle] active: 
[32mINFO    [0m juju.model:model.py:2971 Waiting for model:
  landscape-client/0 [idle] active: Client registered!
  landscape-client/2 [idle] active: Client registered!
  landscape-client/4 [idle] blocked: Registration failed!
  ubuntu-advantage/0 [idle] active: Attached (esm-apps,esm-infra)
  ubuntu-advantage/1 [idle] active: Attached (esm-apps,esm-infra)
  ubuntu-advantage/3 [idle] active: Attached (esm-apps,esm-infra)
  pg/1 [idle] active: 
  pg/2 [idle] active: 
  pg/3 [idle] active: 
[32mINFO    [0m juju.model:model.py:2971 Waiting for model:
  landscape-client/0 [idle] active: Client registered!
  landscape-client/2 [idle] active: Client registered!
  landscape-client/4 [idle] blocked: Registration failed!
[32mINFO    [0m juju.model:model.py:2971 Waiting for model:
  landscape-client/0 [idle] active: Client registered!
  landscape-client/2 [idle] active: Client registered!
  landscape-client/4 [idle] blocked: Registration failed!
[32mINFO    [0m juju.model:model.py:2971 Waiting for model:
  landscape-client/0 [idle] active: Client registered!
  landscape-client/2 [idle] active: Client registered!
  landscape-client/4 [idle] blocked: Registration failed!
[32mINFO    [0m juju.model:model.py:2971 Waiting for model:
  landscape-client/0 [idle] active: Client registered!
  landscape-client/2 [idle] active: Client registered!
  landscape-client/4 [idle] blocked: Registration failed!
[32mINFO    [0m juju.model:model.py:2971 Waiting for model:
  landscape-client/0 [idle] active: Client registered!
  landscape-client/2 [idle] active: Client registered!
  landscape-client/4 [idle] blocked: Registration failed!
[32mINFO    [0m juju.model:model.py:2971 Waiting for model:
  landscape-client/0 [idle] active: Client registered!
  landscape-client/2 [idle] active: Client registered!
  landscape-client/4 [idle] blocked: Registration failed!
[32mINFO    [0m juju.model:model.py:2971 Waiting for model:
  landscape-client/0 [idle] active: Client registered!
  landscape-client/2 [idle] active: Client registered!
  landscape-client/4 [idle] blocked: Registration failed!
[32mINFO    [0m juju.model:model.py:2971 Waiting for model:
  landscape-client/0 [idle] active: Client registered!
  landscape-client/2 [idle] active: Client registered!
  landscape-client/4 [idle] blocked: Registration failed!
[32mINFO    [0m juju.model:model.py:2971 Waiting for model:
  landscape-client/0 [idle] active: Client registered!
  landscape-client/2 [idle] active: Client registered!
  landscape-client/4 [idle] blocked: Registration failed!
[32mINFO    [0m juju.model:model.py:2971 Waiting for model:
  landscape-client/0 [idle] active: Client registered!
  landscape-client/2 [idle] active: Client registered!
  landscape-client/4 [idle] blocked: Registration failed!
[32mINFO    [0m juju.model:model.py:2971 Waiting for model:
  landscape-client/0 [idle] active: Client registered!
  landscape-client/2 [idle] active: Client registered!
  landscape-client/4 [idle] blocked: Registration failed!
[32mINFO    [0m juju.model:model.py:2971 Waiting for model:
  landscape-client/0 [idle] active: Client registered!
  landscape-client/2 [idle] active: Client registered!
  landscape-client/4 [idle] blocked: Registration failed!
[32mINFO    [0m juju.model:model.py:2971 Waiting for model:
  landscape-client/0 [idle] active: Client registered!
  landscape-client/2 [idle] active: Client registered!
  landscape-client/4 [idle] blocked: Registration failed!
[32mINFO    [0m juju.model:model.py:2971 Waiting for model:
  landscape-client/0 [idle] active: Client registered!
  landscape-client/2 [idle] active: Client registered!
  landscape-client/4 [idle] blocked: Registration failed!
[32mINFO    [0m juju.model:model.py:2971 Waiting for model:
  landscape-client/0 [idle] active: Client registered!
  landscape-client/2 [idle] active: Client registered!
  landscape-client/4 [idle] blocked: Registration failed!
[32mINFO    [0m juju.model:model.py:2971 Waiting for model:
  landscape-client/0 [idle] active: Client registered!
  landscape-client/2 [idle] active: Client registered!
  landscape-client/4 [idle] blocked: Registration failed!
[32mINFO    [0m juju.model:model.py:2971 Waiting for model:
  landscape-client/0 [idle] active: Client registered!
  landscape-client/2 [idle] active: Client registered!
  landscape-client/4 [idle] blocked: Registration failed!
[32mINFO    [0m juju.model:model.py:2971 Waiting for model:
  landscape-client/0 [idle] active: Client registered!
  landscape-client/2 [idle] active: Client registered!
  landscape-client/4 [idle] blocked: Registration failed!
[32mINFO    [0m juju.model:model.py:2971 Waiting for model:
  landscape-client/0 [idle] active: Client registered!
  landscape-client/2 [idle] active: Client registered!
  landscape-client/4 [idle] blocked: Registration failed!
[32mINFO    [0m juju.model:model.py:2971 Waiting for model:
  landscape-client/0 [idle] active: Client registered!
  landscape-client/2 [idle] active: Client registered!
  landscape-client/4 [idle] blocked: Registration failed!
[32mINFO    [0m juju.model:model.py:2971 Waiting for model:
  landscape-client/0 [idle] active: Client registered!
  landscape-client/2 [idle] active: Client registered!
  landscape-client/4 [idle] blocked: Registration failed!
[32mINFO    [0m juju.model:model.py:2971 Waiting for model:
  landscape-client/0 [idle] active: Client registered!
  landscape-client/2 [idle] active: Client registered!
  landscape-client/4 [idle] blocked: Registration failed!
[32mINFO    [0m juju.model:model.py:2971 Waiting for model:
  landscape-client/0 [idle] active: Client registered!
  landscape-client/2 [idle] active: Client registered!
  landscape-client/4 [idle] blocked: Registration failed!
[32mINFO    [0m juju.model:model.py:2971 Waiting for model:
  landscape-client/0 [idle] active: Client registered!
  landscape-client/2 [idle] active: Client registered!
  landscape-client/4 [idle] blocked: Registration failed!
[32mINFO    [0m juju.model:model.py:2971 Waiting for model:
  landscape-client/0 [idle] active: Client registered!
  landscape-client/2 [idle] active: Client registered!
  landscape-client/4 [idle] blocked: Registration failed!
[32mINFO    [0m juju.model:model.py:2971 Waiting for model:
  landscape-client/0 [idle] active: Client registered!
  landscape-client/2 [idle] active: Client registered!
  landscape-client/4 [idle] blocked: Registration failed!
[32mINFO    [0m juju.model:model.py:2971 Waiting for model:
  landscape-client/0 [idle] active: Client registered!
  landscape-client/2 [idle] active: Client registered!
  landscape-client/4 [idle] blocked: Registration failed!
[32mINFO    [0m juju.model:model.py:2971 Waiting for model:
  landscape-client/0 [idle] active: Client registered!
  landscape-client/2 [idle] active: Client registered!
  landscape-client/4 [idle] blocked: Registration failed!
[32mINFO    [0m juju.model:model.py:2971 Waiting for model:
  landscape-client/0 [idle] active: Client registered!
  landscape-client/2 [idle] active: Client registered!
  landscape-client/4 [idle] blocked: Registration failed!
[32mINFO    [0m juju.model:model.py:2971 Waiting for model:
  landscape-client/0 [idle] active: Client registered!
  landscape-client/2 [idle] active: Client registered!
  landscape-client/4 [idle] blocked: Registration failed!
[32mINFO    [0m juju.model:model.py:2971 Waiting for model:
  landscape-client/0 [idle] active: Client registered!
  landscape-client/2 [idle] active: Client registered!
  landscape-client/4 [idle] blocked: Registration failed!
[32mINFO    [0m juju.model:model.py:2971 Waiting for model:
  landscape-client/0 [idle] active: Client registered!
  landscape-client/2 [idle] active: Client registered!
  landscape-client/4 [idle] blocked: Registration failed!
[32mINFO    [0m juju.model:model.py:2971 Waiting for model:
  landscape-client/0 [idle] active: Client registered!
  landscape-client/2 [idle] active: Client registered!
  landscape-client/4 [idle] blocked: Registration failed!
[32mINFO    [0m juju.model:model.py:2971 Waiting for model:
  landscape-client/0 [idle] active: Client registered!
  landscape-client/2 [idle] active: Client registered!
  landscape-client/4 [idle] blocked: Registration failed!
[32mINFO    [0m juju.model:model.py:2971 Waiting for model:
  landscape-client/0 [idle] active: Client registered!
  landscape-client/2 [idle] active: Client registered!
  landscape-client/4 [idle] blocked: Registration failed!
[32mINFO    [0m juju.model:model.py:2971 Waiting for model:
  landscape-client/0 [idle] active: Client registered!
  landscape-client/2 [idle] active: Client registered!
  landscape-client/4 [idle] blocked: Registration failed!
[32mINFO    [0m juju.model:model.py:2971 Waiting for model:
  landscape-client/0 [idle] active: Client registered!
  landscape-client/2 [idle] active: Client registered!
  landscape-client/4 [idle] blocked: Registration failed!
[32mINFO    [0m juju.model:model.py:2971 Waiting for model:
  landscape-client/0 [idle] active: Client registered!
  landscape-client/2 [idle] active: Client registered!
  landscape-client/4 [idle] blocked: Registration failed!
[32mINFO    [0m juju.model:model.py:2971 Waiting for model:
  landscape-client/0 [idle] active: Client registered!
  landscape-client/2 [idle] active: Client registered!
  landscape-client/4 [idle] blocked: Registration failed!
[32mINFO    [0m juju.model:model.py:2971 Waiting for model:
  landscape-client/0 [idle] active: Client registered!
  landscape-client/2 [idle] active: Client registered!
  landscape-client/4 [idle] blocked: Registration failed!
[32mINFO    [0m juju.model:model.py:2971 Waiting for model:
  landscape-client/0 [idle] active: Client registered!
  landscape-client/2 [idle] active: Client registered!
  landscape-client/4 [idle] blocked: Registration failed!
[32mINFO    [0m juju.model:model.py:2971 Waiting for model:
  landscape-client/0 [idle] active: Client registered!
  landscape-client/2 [idle] active: Client registered!
  landscape-client/4 [idle] blocked: Registration failed!
[32mINFO    [0m juju.model:model.py:2971 Waiting for model:
  landscape-client/0 [idle] active: Client registered!
  landscape-client/2 [idle] active: Client registered!
  landscape-client/4 [idle] blocked: Registration failed!
[32mINFO    [0m juju.model:model.py:2971 Waiting for model:
  landscape-client/0 [idle] active: Client registered!
  landscape-client/2 [idle] active: Client registered!
  landscape-client/4 [idle] blocked: Registration failed!
[32mINFO    [0m juju.model:model.py:2971 Waiting for model:
  landscape-client/0 [idle] active: Client registered!
  landscape-client/2 [idle] active: Client registered!
  landscape-client/4 [idle] blocked: Registration failed!
[32mINFO    [0m juju.model:model.py:2971 Waiting for model:
  landscape-client/0 [idle] active: Client registered!
  landscape-client/2 [idle] active: Client registered!
  landscape-client/4 [idle] blocked: Registration failed!
[32mINFO    [0m juju.model:model.py:2971 Waiting for model:
  landscape-client/0 [idle] active: Client registered!
  landscape-client/2 [idle] active: Client registered!
  landscape-client/4 [idle] blocked: Registration failed!
[32mINFO    [0m juju.model:model.py:2971 Waiting for model:
  landscape-client/0 [idle] active: Client registered!
  landscape-client/2 [idle] active: Client registered!
  landscape-client/4 [idle] blocked: Registration failed!
[32mINFO    [0m juju.model:model.py:2971 Waiting for model:
  landscape-client/0 [idle] active: Client registered!
  landscape-client/2 [idle] active: Client registered!
  landscape-client/4 [idle] blocked: Registration failed!
[32mINFO    [0m pytest_operator.plugin:plugin.py:862 Model status:

Model  Controller           Cloud/Region         Version  SLA          Timestamp
test   localhost-localhost  localhost/localhost  3.4.4    unsupported  02:42:10Z

App               Version  Status   Scale  Charm             Channel      Rev  Exposed  Message
landscape-client           blocked      3  landscape-client  latest/edge   69  no       Registration failed!
pg                14.12    active       3  postgresql                       0  no       
ubuntu-advantage           active       3  ubuntu-advantage  latest/edge   95  no       Attached (esm-apps,esm-infra)

Unit                   Workload  Agent  Machine  Public address  Ports     Message
pg/1                   active    idle   1        10.33.61.254    5432/tcp  
  landscape-client/2   active    idle            10.33.61.254              Client registered!
  ubuntu-advantage/1   active    idle            10.33.61.254              Attached (esm-apps,esm-infra)
pg/2*                  active    idle   2        10.33.61.122    5432/tcp  Primary
  landscape-client/0*  active    idle            10.33.61.122              Client registered!
  ubuntu-advantage/0*  active    idle            10.33.61.122              Attached (esm-apps,esm-infra)
pg/3                   active    idle   3        10.33.61.228    5432/tcp  
  landscape-client/4   blocked   idle            10.33.61.228              Registration failed!
  ubuntu-advantage/3   active    idle            10.33.61.228              Attached (esm-apps,esm-infra)

Machine  State    Address       Inst id        Base          AZ  Message
1        started  10.33.61.254  juju-c53c91-1  ubuntu@22.04      Running
2        started  10.33.61.122  juju-c53c91-2  ubuntu@22.04      Running
3        started  10.33.61.228  juju-c53c91-3  ubuntu@22.04      Running

[32mINFO    [0m pytest_operator.plugin:plugin.py:868 Juju error logs:

machine-2: 01:37:09 ERROR juju.worker.dependency "lxd-container-provisioner" manifold worker returned unexpected error: container types not yet available
machine-2: 01:37:09 ERROR juju.worker.dependency "kvm-container-provisioner" manifold worker returned unexpected error: container types not yet available
unit-pg-2: 01:37:09 ERROR juju.worker.meterstatus error running "meter-status-changed": charm missing from disk
machine-1: 01:37:09 ERROR juju.worker.dependency "kvm-container-provisioner" manifold worker returned unexpected error: container types not yet available
machine-1: 01:37:09 ERROR juju.worker.dependency "lxd-container-provisioner" manifold worker returned unexpected error: container types not yet available
unit-pg-1: 01:37:09 ERROR juju.worker.meterstatus error running "meter-status-changed": charm missing from disk
machine-0: 01:37:11 ERROR juju.worker.dependency "kvm-container-provisioner" manifold worker returned unexpected error: container types not yet available
machine-0: 01:37:11 ERROR juju.worker.dependency "lxd-container-provisioner" manifold worker returned unexpected error: container types not yet available
unit-pg-0: 01:37:11 ERROR juju.worker.meterstatus error running "meter-status-changed": charm missing from disk
unit-landscape-client-2: 01:42:36 ERROR juju.worker.meterstatus error running "meter-status-changed": charm missing from disk
unit-landscape-client-0: 01:42:36 ERROR juju.worker.meterstatus error running "meter-status-changed": charm missing from disk
unit-landscape-client-3: 01:42:36 ERROR juju.worker.meterstatus error running "meter-status-changed": charm missing from disk
unit-ubuntu-advantage-0: 01:42:36 ERROR juju.worker.meterstatus error running "meter-status-changed": charm missing from disk
unit-ubuntu-advantage-1: 01:42:36 ERROR juju.worker.meterstatus error running "meter-status-changed": charm missing from disk
unit-ubuntu-advantage-2: 01:42:52 ERROR unit.unit-ubuntu-advantage-2.juju-log Uncaught exception while in charm code:
Traceback (most recent call last):
  File "/var/lib/juju/agents/unit-ubuntu-advantage-2/charm/venv/ops/model.py", line 2183, in _run
    result = run(args, **kwargs)
  File "/usr/lib/python3.10/subprocess.py", line 526, in run
    raise CalledProcessError(retcode, process.args,
subprocess.CalledProcessError: Command '('/var/lib/juju/tools/unit-ubuntu-advantage-2/config-get', '--format=json')' returned non-zero exit status 1.

During handling of the above exception, another exception occurred:

Traceback (most recent call last):
  File "/var/lib/juju/agents/unit-ubuntu-advantage-2/charm/./src/charm.py", line 413, in <module>
    main(UbuntuAdvantageCharm)
  File "/var/lib/juju/agents/unit-ubuntu-advantage-2/charm/venv/ops/main.py", line 426, in main
    charm = charm_class(framework)
  File "/var/lib/juju/agents/unit-ubuntu-advantage-2/charm/./src/charm.py", line 228, in __init__
    self._setup_proxy_env()
  File "/var/lib/juju/agents/unit-ubuntu-advantage-2/charm/./src/charm.py", line 243, in _setup_proxy_env
    self.env["http_proxy"] = self.config.get("override-http-proxy") or self.env.get(
  File "/usr/lib/python3.10/_collections_abc.py", line 824, in get
    return self[key]
  File "/var/lib/juju/agents/unit-ubuntu-advantage-2/charm/venv/ops/model.py", line 547, in __getitem__
    return self._data[key]
  File "/var/lib/juju/agents/unit-ubuntu-advantage-2/charm/venv/ops/model.py", line 531, in _data
    data = self._lazy_data = self._load()
  File "/var/lib/juju/agents/unit-ubuntu-advantage-2/charm/venv/ops/model.py", line 1092, in _load
    return self._backend.config_get()
  File "/var/lib/juju/agents/unit-ubuntu-advantage-2/charm/venv/ops/model.py", line 2299, in config_get
    out = self._run('config-get', return_output=True, use_json=True)
  File "/var/lib/juju/agents/unit-ubuntu-advantage-2/charm/venv/ops/model.py", line 2189, in _run
    raise ModelError(e.stderr)
ops.model.ModelError: b'ERROR not implemented for restricted context not implemented\n'
unit-ubuntu-advantage-2: 01:42:53 ERROR juju.worker.meterstatus error running "meter-status-changed": exit status 1
machine-3: 01:45:12 ERROR juju.worker.dependency "kvm-container-provisioner" manifold worker returned unexpected error: container types not yet available
machine-3: 01:45:12 ERROR juju.worker.dependency "lxd-container-provisioner" manifold worker returned unexpected error: container types not yet available
unit-pg-3: 01:45:12 ERROR juju.worker.meterstatus error running "meter-status-changed": charm missing from disk
unit-ubuntu-advantage-3: 01:45:52 ERROR juju.worker.meterstatus error running "meter-status-changed": charm missing from disk
unit-landscape-client-4: 01:45:54 ERROR juju.worker.meterstatus error running "meter-status-changed": exit status 127
unit-landscape-client-4: 01:48:51 CRITICAL unit.landscape-client/4.juju-log   File "/var/lib/juju/agents/unit-landscape-client-4/charm/./src/charm.py", line 261, in <module>
    main(LandscapeClientCharm)
  File "/var/lib/juju/agents/unit-landscape-client-4/charm/venv/ops/main.py", line 436, in main
    _emit_charm_event(charm, dispatcher.event_name)
  File "/var/lib/juju/agents/unit-landscape-client-4/charm/venv/ops/main.py", line 144, in _emit_charm_event
    event_to_emit.emit(*args, **kwargs)
  File "/var/lib/juju/agents/unit-landscape-client-4/charm/venv/ops/framework.py", line 351, in emit
    framework._emit(event)
  File "/var/lib/juju/agents/unit-landscape-client-4/charm/venv/ops/framework.py", line 853, in _emit
    self._reemit(event_path)
  File "/var/lib/juju/agents/unit-landscape-client-4/charm/venv/ops/framework.py", line 942, in _reemit
    custom_handler(event)
  File "/var/lib/juju/agents/unit-landscape-client-4/charm/./src/charm.py", line 215, in _on_config_changed
    self.run_landscape_client()
  File "/var/lib/juju/agents/unit-landscape-client-4/charm/./src/charm.py", line 190, in run_landscape_client
    self.send_registration()
  File "/var/lib/juju/agents/unit-landscape-client-4/charm/./src/charm.py", line 178, in send_registration
    if process_helper([CLIENT_CONFIG_CMD, "--silent"]):
  File "/var/lib/juju/agents/unit-landscape-client-4/charm/./src/charm.py", line 104, in process_helper
    log_error("".join(traceback.format_stack()))

unit-landscape-client-4: 01:48:51 CRITICAL unit.landscape-client/4.juju-log Traceback (most recent call last):
Failure: landscape.lib.amp.MethodCallError: timeout


machine-0: 02:15:56 ERROR juju.api.watcher error trying to stop watcher: websocket: close sent

[32mINFO    [0m pytest_operator.plugin:plugin.py:947 Forgetting model main...