{"uid":"5a12b6dbcdc96989","name":"test_reelection","fullName":"tests.integration.ha_tests.test_replication#test_reelection","historyId":"c4fc3ed629099ecebc757c8005dc7207","time":{"start":1728438064395,"stop":1728438064395,"duration":0},"description":"Kill primary unit, check reelection.","descriptionHtml":"<p>Kill primary unit, check reelection.</p>\n","status":"broken","statusMessage":"tenacity.RetryError: RetryError[<Future at 0x72009b777220 state=finished raised AttributeError>]","statusTrace":"Traceback (most recent call last):\n  File \"/home/ubuntu/actions-runner/_work/test-runners-2-is-x64-postgresql-operator/test-runners-2-is-x64-postgresql-operator/tests/integration/ha_tests/helpers.py\", line 441, in get_patroni_setting\n    unit_ip = get_unit_address(ops_test, primary_name)\n  File \"/home/ubuntu/actions-runner/_work/test-runners-2-is-x64-postgresql-operator/test-runners-2-is-x64-postgresql-operator/.tox/integration/lib/python3.10/site-packages/tenacity/__init__.py\", line 336, in wrapped_f\n    return copy(f, *args, **kw)\n  File \"/home/ubuntu/actions-runner/_work/test-runners-2-is-x64-postgresql-operator/test-runners-2-is-x64-postgresql-operator/.tox/integration/lib/python3.10/site-packages/tenacity/__init__.py\", line 475, in __call__\n    do = self.iter(retry_state=retry_state)\n  File \"/home/ubuntu/actions-runner/_work/test-runners-2-is-x64-postgresql-operator/test-runners-2-is-x64-postgresql-operator/.tox/integration/lib/python3.10/site-packages/tenacity/__init__.py\", line 376, in iter\n    result = action(retry_state)\n  File \"/home/ubuntu/actions-runner/_work/test-runners-2-is-x64-postgresql-operator/test-runners-2-is-x64-postgresql-operator/.tox/integration/lib/python3.10/site-packages/tenacity/__init__.py\", line 418, in exc_check\n    raise retry_exc.reraise()\n  File \"/home/ubuntu/actions-runner/_work/test-runners-2-is-x64-postgresql-operator/test-runners-2-is-x64-postgresql-operator/.tox/integration/lib/python3.10/site-packages/tenacity/__init__.py\", line 185, in reraise\n    raise self.last_attempt.result()\n  File \"/usr/lib/python3.10/concurrent/futures/_base.py\", line 451, in result\n    return self.__get_result()\n  File \"/usr/lib/python3.10/concurrent/futures/_base.py\", line 403, in __get_result\n    raise self._exception\n  File \"/home/ubuntu/actions-runner/_work/test-runners-2-is-x64-postgresql-operator/test-runners-2-is-x64-postgresql-operator/.tox/integration/lib/python3.10/site-packages/tenacity/__init__.py\", line 478, in __call__\n    result = fn(*args, **kwargs)\n  File \"/home/ubuntu/actions-runner/_work/test-runners-2-is-x64-postgresql-operator/test-runners-2-is-x64-postgresql-operator/tests/integration/helpers.py\", line 697, in get_unit_address\n    return model.units.get(unit_name).public_address\nAttributeError: 'NoneType' object has no attribute 'public_address'\n\nThe above exception was the direct cause of the following exception:\n\nTraceback (most recent call last):\n  File \"/home/ubuntu/actions-runner/_work/test-runners-2-is-x64-postgresql-operator/test-runners-2-is-x64-postgresql-operator/.tox/integration/lib/python3.10/site-packages/_pytest/runner.py\", line 341, in from_call\n    result: TResult | None = func()\n  File \"/home/ubuntu/actions-runner/_work/test-runners-2-is-x64-postgresql-operator/test-runners-2-is-x64-postgresql-operator/.tox/integration/lib/python3.10/site-packages/_pytest/runner.py\", line 242, in <lambda>\n    lambda: runtest_hook(item=item, **kwds), when=when, reraise=reraise\n  File \"/home/ubuntu/actions-runner/_work/test-runners-2-is-x64-postgresql-operator/test-runners-2-is-x64-postgresql-operator/.tox/integration/lib/python3.10/site-packages/pluggy/_hooks.py\", line 513, in __call__\n    return self._hookexec(self.name, self._hookimpls.copy(), kwargs, firstresult)\n  File \"/home/ubuntu/actions-runner/_work/test-runners-2-is-x64-postgresql-operator/test-runners-2-is-x64-postgresql-operator/.tox/integration/lib/python3.10/site-packages/pluggy/_manager.py\", line 120, in _hookexec\n    return self._inner_hookexec(hook_name, methods, kwargs, firstresult)\n  File \"/home/ubuntu/actions-runner/_work/test-runners-2-is-x64-postgresql-operator/test-runners-2-is-x64-postgresql-operator/.tox/integration/lib/python3.10/site-packages/pluggy/_callers.py\", line 182, in _multicall\n    return outcome.get_result()\n  File \"/home/ubuntu/actions-runner/_work/test-runners-2-is-x64-postgresql-operator/test-runners-2-is-x64-postgresql-operator/.tox/integration/lib/python3.10/site-packages/pluggy/_result.py\", line 100, in get_result\n    raise exc.with_traceback(exc.__traceback__)\n  File \"/home/ubuntu/actions-runner/_work/test-runners-2-is-x64-postgresql-operator/test-runners-2-is-x64-postgresql-operator/.tox/integration/lib/python3.10/site-packages/pluggy/_callers.py\", line 167, in _multicall\n    teardown.throw(outcome._exception)\n  File \"/home/ubuntu/actions-runner/_work/test-runners-2-is-x64-postgresql-operator/test-runners-2-is-x64-postgresql-operator/.tox/integration/lib/python3.10/site-packages/_pytest/unraisableexception.py\", line 90, in pytest_runtest_setup\n    yield from unraisable_exception_runtest_hook()\n  File \"/home/ubuntu/actions-runner/_work/test-runners-2-is-x64-postgresql-operator/test-runners-2-is-x64-postgresql-operator/.tox/integration/lib/python3.10/site-packages/_pytest/unraisableexception.py\", line 70, in unraisable_exception_runtest_hook\n    yield\n  File \"/home/ubuntu/actions-runner/_work/test-runners-2-is-x64-postgresql-operator/test-runners-2-is-x64-postgresql-operator/.tox/integration/lib/python3.10/site-packages/pluggy/_callers.py\", line 167, in _multicall\n    teardown.throw(outcome._exception)\n  File \"/home/ubuntu/actions-runner/_work/test-runners-2-is-x64-postgresql-operator/test-runners-2-is-x64-postgresql-operator/.tox/integration/lib/python3.10/site-packages/_pytest/logging.py\", line 840, in pytest_runtest_setup\n    yield from self._runtest_for(item, \"setup\")\n  File \"/home/ubuntu/actions-runner/_work/test-runners-2-is-x64-postgresql-operator/test-runners-2-is-x64-postgresql-operator/.tox/integration/lib/python3.10/site-packages/_pytest/logging.py\", line 829, in _runtest_for\n    yield\n  File \"/home/ubuntu/actions-runner/_work/test-runners-2-is-x64-postgresql-operator/test-runners-2-is-x64-postgresql-operator/.tox/integration/lib/python3.10/site-packages/pluggy/_callers.py\", line 167, in _multicall\n    teardown.throw(outcome._exception)\n  File \"/home/ubuntu/actions-runner/_work/test-runners-2-is-x64-postgresql-operator/test-runners-2-is-x64-postgresql-operator/.tox/integration/lib/python3.10/site-packages/_pytest/capture.py\", line 875, in pytest_runtest_setup\n    return (yield)\n  File \"/home/ubuntu/actions-runner/_work/test-runners-2-is-x64-postgresql-operator/test-runners-2-is-x64-postgresql-operator/.tox/integration/lib/python3.10/site-packages/pluggy/_callers.py\", line 167, in _multicall\n    teardown.throw(outcome._exception)\n  File \"/home/ubuntu/actions-runner/_work/test-runners-2-is-x64-postgresql-operator/test-runners-2-is-x64-postgresql-operator/.tox/integration/lib/python3.10/site-packages/_pytest/threadexception.py\", line 87, in pytest_runtest_setup\n    yield from thread_exception_runtest_hook()\n  File \"/home/ubuntu/actions-runner/_work/test-runners-2-is-x64-postgresql-operator/test-runners-2-is-x64-postgresql-operator/.tox/integration/lib/python3.10/site-packages/_pytest/threadexception.py\", line 68, in thread_exception_runtest_hook\n    yield\n  File \"/home/ubuntu/actions-runner/_work/test-runners-2-is-x64-postgresql-operator/test-runners-2-is-x64-postgresql-operator/.tox/integration/lib/python3.10/site-packages/pluggy/_callers.py\", line 103, in _multicall\n    res = hook_impl.function(*args)\n  File \"/home/ubuntu/actions-runner/_work/test-runners-2-is-x64-postgresql-operator/test-runners-2-is-x64-postgresql-operator/.tox/integration/lib/python3.10/site-packages/_pytest/runner.py\", line 160, in pytest_runtest_setup\n    item.session._setupstate.setup(item)\n  File \"/home/ubuntu/actions-runner/_work/test-runners-2-is-x64-postgresql-operator/test-runners-2-is-x64-postgresql-operator/.tox/integration/lib/python3.10/site-packages/_pytest/runner.py\", line 514, in setup\n    col.setup()\n  File \"/home/ubuntu/actions-runner/_work/test-runners-2-is-x64-postgresql-operator/test-runners-2-is-x64-postgresql-operator/.tox/integration/lib/python3.10/site-packages/_pytest/python.py\", line 1630, in setup\n    self._request._fillfixtures()\n  File \"/home/ubuntu/actions-runner/_work/test-runners-2-is-x64-postgresql-operator/test-runners-2-is-x64-postgresql-operator/.tox/integration/lib/python3.10/site-packages/_pytest/fixtures.py\", line 697, in _fillfixtures\n    item.funcargs[argname] = self.getfixturevalue(argname)\n  File \"/home/ubuntu/actions-runner/_work/test-runners-2-is-x64-postgresql-operator/test-runners-2-is-x64-postgresql-operator/.tox/integration/lib/python3.10/site-packages/_pytest/fixtures.py\", line 532, in getfixturevalue\n    fixturedef = self._get_active_fixturedef(argname)\n  File \"/home/ubuntu/actions-runner/_work/test-runners-2-is-x64-postgresql-operator/test-runners-2-is-x64-postgresql-operator/.tox/integration/lib/python3.10/site-packages/_pytest/fixtures.py\", line 617, in _get_active_fixturedef\n    fixturedef.execute(request=subrequest)\n  File \"/home/ubuntu/actions-runner/_work/test-runners-2-is-x64-postgresql-operator/test-runners-2-is-x64-postgresql-operator/.tox/integration/lib/python3.10/site-packages/_pytest/fixtures.py\", line 1091, in execute\n    result = ihook.pytest_fixture_setup(fixturedef=self, request=request)\n  File \"/home/ubuntu/actions-runner/_work/test-runners-2-is-x64-postgresql-operator/test-runners-2-is-x64-postgresql-operator/.tox/integration/lib/python3.10/site-packages/pluggy/_hooks.py\", line 513, in __call__\n    return self._hookexec(self.name, self._hookimpls.copy(), kwargs, firstresult)\n  File \"/home/ubuntu/actions-runner/_work/test-runners-2-is-x64-postgresql-operator/test-runners-2-is-x64-postgresql-operator/.tox/integration/lib/python3.10/site-packages/pluggy/_manager.py\", line 120, in _hookexec\n    return self._inner_hookexec(hook_name, methods, kwargs, firstresult)\n  File \"/home/ubuntu/actions-runner/_work/test-runners-2-is-x64-postgresql-operator/test-runners-2-is-x64-postgresql-operator/.tox/integration/lib/python3.10/site-packages/pluggy/_callers.py\", line 182, in _multicall\n    return outcome.get_result()\n  File \"/home/ubuntu/actions-runner/_work/test-runners-2-is-x64-postgresql-operator/test-runners-2-is-x64-postgresql-operator/.tox/integration/lib/python3.10/site-packages/pluggy/_result.py\", line 100, in get_result\n    raise exc.with_traceback(exc.__traceback__)\n  File \"/home/ubuntu/actions-runner/_work/test-runners-2-is-x64-postgresql-operator/test-runners-2-is-x64-postgresql-operator/.tox/integration/lib/python3.10/site-packages/pluggy/_callers.py\", line 167, in _multicall\n    teardown.throw(outcome._exception)\n  File \"/home/ubuntu/actions-runner/_work/test-runners-2-is-x64-postgresql-operator/test-runners-2-is-x64-postgresql-operator/.tox/integration/lib/python3.10/site-packages/_pytest/setuponly.py\", line 36, in pytest_fixture_setup\n    return (yield)\n  File \"/home/ubuntu/actions-runner/_work/test-runners-2-is-x64-postgresql-operator/test-runners-2-is-x64-postgresql-operator/.tox/integration/lib/python3.10/site-packages/pluggy/_callers.py\", line 103, in _multicall\n    res = hook_impl.function(*args)\n  File \"/home/ubuntu/actions-runner/_work/test-runners-2-is-x64-postgresql-operator/test-runners-2-is-x64-postgresql-operator/.tox/integration/lib/python3.10/site-packages/_pytest/fixtures.py\", line 1140, in pytest_fixture_setup\n    result = call_fixture_func(fixturefunc, request, kwargs)\n  File \"/home/ubuntu/actions-runner/_work/test-runners-2-is-x64-postgresql-operator/test-runners-2-is-x64-postgresql-operator/.tox/integration/lib/python3.10/site-packages/_pytest/fixtures.py\", line 898, in call_fixture_func\n    fixture_result = fixturefunc(**kwargs)\n  File \"/home/ubuntu/actions-runner/_work/test-runners-2-is-x64-postgresql-operator/test-runners-2-is-x64-postgresql-operator/.tox/integration/lib/python3.10/site-packages/pytest_asyncio/plugin.py\", line 302, in _asyncgen_fixture_wrapper\n    result = event_loop.run_until_complete(setup())\n  File \"/usr/lib/python3.10/asyncio/base_events.py\", line 649, in run_until_complete\n    return future.result()\n  File \"/home/ubuntu/actions-runner/_work/test-runners-2-is-x64-postgresql-operator/test-runners-2-is-x64-postgresql-operator/.tox/integration/lib/python3.10/site-packages/pytest_asyncio/plugin.py\", line 284, in setup\n    res = await gen_obj.__anext__()\n  File \"/home/ubuntu/actions-runner/_work/test-runners-2-is-x64-postgresql-operator/test-runners-2-is-x64-postgresql-operator/tests/integration/ha_tests/conftest.py\", line 64, in primary_start_timeout\n    initial_primary_start_timeout = await get_patroni_setting(ops_test, \"primary_start_timeout\")\n  File \"/home/ubuntu/actions-runner/_work/test-runners-2-is-x64-postgresql-operator/test-runners-2-is-x64-postgresql-operator/tests/integration/ha_tests/helpers.py\", line 437, in get_patroni_setting\n    for attempt in Retrying(stop=stop_after_delay(30 * 2), wait=wait_fixed(3)):\n  File \"/home/ubuntu/actions-runner/_work/test-runners-2-is-x64-postgresql-operator/test-runners-2-is-x64-postgresql-operator/.tox/integration/lib/python3.10/site-packages/tenacity/__init__.py\", line 443, in __iter__\n    do = self.iter(retry_state=retry_state)\n  File \"/home/ubuntu/actions-runner/_work/test-runners-2-is-x64-postgresql-operator/test-runners-2-is-x64-postgresql-operator/.tox/integration/lib/python3.10/site-packages/tenacity/__init__.py\", line 376, in iter\n    result = action(retry_state)\n  File \"/home/ubuntu/actions-runner/_work/test-runners-2-is-x64-postgresql-operator/test-runners-2-is-x64-postgresql-operator/.tox/integration/lib/python3.10/site-packages/tenacity/__init__.py\", line 419, in exc_check\n    raise retry_exc from fut.exception()\ntenacity.RetryError: RetryError[<Future at 0x72009b777220 state=finished raised AttributeError>]","flaky":false,"newFailed":false,"newBroken":true,"newPassed":false,"retriesCount":1,"retriesStatusChange":true,"beforeStages":[{"name":"event_loop","time":{"start":1728437833575,"stop":1728437833576,"duration":1},"status":"passed","steps":[],"attachments":[],"parameters":[],"stepsCount":0,"shouldDisplayMessage":false,"attachmentsCount":0,"hasContent":false,"attachmentStep":false},{"name":"ops_test","time":{"start":1728437833576,"stop":1728437833816,"duration":240},"status":"passed","steps":[],"attachments":[],"parameters":[],"stepsCount":0,"shouldDisplayMessage":false,"attachmentsCount":0,"hasContent":false,"attachmentStep":false},{"name":"tmp_path_factory","time":{"start":1728437833576,"stop":1728437833576,"duration":0},"status":"passed","steps":[],"attachments":[],"parameters":[],"stepsCount":0,"shouldDisplayMessage":false,"attachmentsCount":0,"hasContent":false,"attachmentStep":false},{"name":"primary_start_timeout","time":{"start":1728438064395,"stop":1728438229695,"duration":165300},"status":"broken","statusMessage":"tenacity.RetryError: RetryError[<Future at 0x72009b777220 state=finished raised AttributeError>]\n","statusTrace":"  File \"/home/ubuntu/actions-runner/_work/test-runners-2-is-x64-postgresql-operator/test-runners-2-is-x64-postgresql-operator/.tox/integration/lib/python3.10/site-packages/pluggy/_callers.py\", line 167, in _multicall\n    teardown.throw(outcome._exception)\n  File \"/home/ubuntu/actions-runner/_work/test-runners-2-is-x64-postgresql-operator/test-runners-2-is-x64-postgresql-operator/.tox/integration/lib/python3.10/site-packages/_pytest/setuponly.py\", line 36, in pytest_fixture_setup\n    return (yield)\n  File \"/home/ubuntu/actions-runner/_work/test-runners-2-is-x64-postgresql-operator/test-runners-2-is-x64-postgresql-operator/.tox/integration/lib/python3.10/site-packages/pluggy/_callers.py\", line 103, in _multicall\n    res = hook_impl.function(*args)\n  File \"/home/ubuntu/actions-runner/_work/test-runners-2-is-x64-postgresql-operator/test-runners-2-is-x64-postgresql-operator/.tox/integration/lib/python3.10/site-packages/_pytest/fixtures.py\", line 1140, in pytest_fixture_setup\n    result = call_fixture_func(fixturefunc, request, kwargs)\n  File \"/home/ubuntu/actions-runner/_work/test-runners-2-is-x64-postgresql-operator/test-runners-2-is-x64-postgresql-operator/.tox/integration/lib/python3.10/site-packages/_pytest/fixtures.py\", line 898, in call_fixture_func\n    fixture_result = fixturefunc(**kwargs)\n  File \"/home/ubuntu/actions-runner/_work/test-runners-2-is-x64-postgresql-operator/test-runners-2-is-x64-postgresql-operator/.tox/integration/lib/python3.10/site-packages/pytest_asyncio/plugin.py\", line 302, in _asyncgen_fixture_wrapper\n    result = event_loop.run_until_complete(setup())\n  File \"/usr/lib/python3.10/asyncio/base_events.py\", line 649, in run_until_complete\n    return future.result()\n  File \"/home/ubuntu/actions-runner/_work/test-runners-2-is-x64-postgresql-operator/test-runners-2-is-x64-postgresql-operator/.tox/integration/lib/python3.10/site-packages/pytest_asyncio/plugin.py\", line 284, in setup\n    res = await gen_obj.__anext__()\n  File \"/home/ubuntu/actions-runner/_work/test-runners-2-is-x64-postgresql-operator/test-runners-2-is-x64-postgresql-operator/tests/integration/ha_tests/conftest.py\", line 64, in primary_start_timeout\n    initial_primary_start_timeout = await get_patroni_setting(ops_test, \"primary_start_timeout\")\n  File \"/home/ubuntu/actions-runner/_work/test-runners-2-is-x64-postgresql-operator/test-runners-2-is-x64-postgresql-operator/tests/integration/ha_tests/helpers.py\", line 437, in get_patroni_setting\n    for attempt in Retrying(stop=stop_after_delay(30 * 2), wait=wait_fixed(3)):\n  File \"/home/ubuntu/actions-runner/_work/test-runners-2-is-x64-postgresql-operator/test-runners-2-is-x64-postgresql-operator/.tox/integration/lib/python3.10/site-packages/tenacity/__init__.py\", line 443, in __iter__\n    do = self.iter(retry_state=retry_state)\n  File \"/home/ubuntu/actions-runner/_work/test-runners-2-is-x64-postgresql-operator/test-runners-2-is-x64-postgresql-operator/.tox/integration/lib/python3.10/site-packages/tenacity/__init__.py\", line 376, in iter\n    result = action(retry_state)\n  File \"/home/ubuntu/actions-runner/_work/test-runners-2-is-x64-postgresql-operator/test-runners-2-is-x64-postgresql-operator/.tox/integration/lib/python3.10/site-packages/tenacity/__init__.py\", line 419, in exc_check\n    raise retry_exc from fut.exception()\n","steps":[],"attachments":[],"parameters":[],"stepsCount":0,"shouldDisplayMessage":true,"attachmentsCount":0,"hasContent":true,"attachmentStep":false},{"name":"abort_on_fail","time":{"start":1728438229703,"stop":1728438229703,"duration":0},"status":"failed","statusMessage":"_pytest.outcomes.XFailed: aborted\n","statusTrace":"  File \"/home/ubuntu/actions-runner/_work/test-runners-2-is-x64-postgresql-operator/test-runners-2-is-x64-postgresql-operator/.tox/integration/lib/python3.10/site-packages/pluggy/_callers.py\", line 167, in _multicall\n    teardown.throw(outcome._exception)\n  File \"/home/ubuntu/actions-runner/_work/test-runners-2-is-x64-postgresql-operator/test-runners-2-is-x64-postgresql-operator/.tox/integration/lib/python3.10/site-packages/_pytest/setuponly.py\", line 36, in pytest_fixture_setup\n    return (yield)\n  File \"/home/ubuntu/actions-runner/_work/test-runners-2-is-x64-postgresql-operator/test-runners-2-is-x64-postgresql-operator/.tox/integration/lib/python3.10/site-packages/pluggy/_callers.py\", line 103, in _multicall\n    res = hook_impl.function(*args)\n  File \"/home/ubuntu/actions-runner/_work/test-runners-2-is-x64-postgresql-operator/test-runners-2-is-x64-postgresql-operator/.tox/integration/lib/python3.10/site-packages/_pytest/fixtures.py\", line 1140, in pytest_fixture_setup\n    result = call_fixture_func(fixturefunc, request, kwargs)\n  File \"/home/ubuntu/actions-runner/_work/test-runners-2-is-x64-postgresql-operator/test-runners-2-is-x64-postgresql-operator/.tox/integration/lib/python3.10/site-packages/_pytest/fixtures.py\", line 891, in call_fixture_func\n    fixture_result = next(generator)\n  File \"/home/ubuntu/actions-runner/_work/test-runners-2-is-x64-postgresql-operator/test-runners-2-is-x64-postgresql-operator/.tox/integration/lib/python3.10/site-packages/pytest_operator/plugin.py\", line 234, in abort_on_fail\n    pytest.xfail(\"aborted\")\n  File \"/home/ubuntu/actions-runner/_work/test-runners-2-is-x64-postgresql-operator/test-runners-2-is-x64-postgresql-operator/.tox/integration/lib/python3.10/site-packages/_pytest/outcomes.py\", line 206, in xfail\n    raise XFailed(reason)\n","steps":[],"attachments":[],"parameters":[],"stepsCount":0,"shouldDisplayMessage":true,"attachmentsCount":0,"hasContent":true,"attachmentStep":false}],"afterStages":[{"name":"ops_test::finalizer","time":{"start":1728438229707,"stop":1728438230151,"duration":444},"status":"passed","steps":[],"attachments":[],"parameters":[],"stepsCount":0,"shouldDisplayMessage":false,"attachmentsCount":0,"hasContent":false,"attachmentStep":false},{"name":"event_loop::2","time":{"start":1728438230151,"stop":1728438230151,"duration":0},"status":"passed","steps":[],"attachments":[],"parameters":[],"stepsCount":0,"shouldDisplayMessage":false,"attachmentsCount":0,"hasContent":false,"attachmentStep":false},{"name":"event_loop::_close_event_loop","time":{"start":1728438230152,"stop":1728438230152,"duration":0},"status":"passed","steps":[],"attachments":[],"parameters":[],"stepsCount":0,"shouldDisplayMessage":false,"attachmentsCount":0,"hasContent":false,"attachmentStep":false},{"name":"event_loop::_provide_clean_event_loop","time":{"start":1728438230152,"stop":1728438230152,"duration":0},"status":"passed","steps":[],"attachments":[],"parameters":[],"stepsCount":0,"shouldDisplayMessage":false,"attachmentsCount":0,"hasContent":false,"attachmentStep":false}],"labels":[{"name":"tag","value":"group(1)"},{"name":"tag","value":"asyncio"},{"name":"parentSuite","value":"tests.integration.ha_tests"},{"name":"suite","value":"test_replication"},{"name":"host","value":"github-runner"},{"name":"thread","value":"22391-MainThread"},{"name":"framework","value":"pytest"},{"name":"language","value":"cpython3"},{"name":"package","value":"tests.integration.ha_tests.test_replication"},{"name":"resultFormat","value":"allure2"}],"parameters":[],"links":[],"hidden":false,"retry":false,"extra":{"severity":"normal","retries":[{"uid":"b337f7fe459cf681","status":"unknown","time":{}}],"categories":[{"name":"Test defects","matchedStatuses":[],"flaky":false}],"history":{"statistic":{"failed":0,"broken":53,"skipped":3,"passed":65,"unknown":1,"total":122},"items":[{"uid":"8f8f927fcb3406f1","reportUrl":"../198//#testresult/8f8f927fcb3406f1","status":"skipped","statusDetails":"XFAIL reason: aborted\n\n_pytest.outcomes.XFailed: aborted","time":{"start":1728351790579,"stop":1728351790579,"duration":0}},{"uid":"e5f9692b1dd05393","reportUrl":"../197//#testresult/e5f9692b1dd05393","status":"passed","time":{"start":1728265488467,"stop":1728265613887,"duration":125420}},{"uid":"9f6c7b17567a61fd","reportUrl":"../196//#testresult/9f6c7b17567a61fd","status":"passed","time":{"start":1728179365057,"stop":1728179500460,"duration":135403}},{"uid":"7b3019e0bb533a5c","reportUrl":"../195//#testresult/7b3019e0bb533a5c","status":"passed","time":{"start":1728092875740,"stop":1728093001968,"duration":126228}},{"uid":"591f24dda0889b22","reportUrl":"../194//#testresult/591f24dda0889b22","status":"passed","time":{"start":1728006456865,"stop":1728006592655,"duration":135790}},{"uid":"1a7793ca1d19c9e3","reportUrl":"../193//#testresult/1a7793ca1d19c9e3","status":"passed","time":{"start":1727920158880,"stop":1727920270055,"duration":111175}},{"uid":"e9850ffe9e3d7307","reportUrl":"../192//#testresult/e9850ffe9e3d7307","status":"passed","time":{"start":1727833873251,"stop":1727834001329,"duration":128078}},{"uid":"9cd37da766a3de47","reportUrl":"../191//#testresult/9cd37da766a3de47","status":"passed","time":{"start":1727747210350,"stop":1727747344539,"duration":134189}},{"uid":"3ac2f7481d4c8d8e","reportUrl":"../190//#testresult/3ac2f7481d4c8d8e","status":"passed","time":{"start":1727660716919,"stop":1727660853024,"duration":136105}},{"uid":"e67c1321edb48676","reportUrl":"../189//#testresult/e67c1321edb48676","status":"passed","time":{"start":1727574129625,"stop":1727574256114,"duration":126489}},{"uid":"26eac64e3a7b8f5f","reportUrl":"../188//#testresult/26eac64e3a7b8f5f","status":"passed","time":{"start":1727487573183,"stop":1727487694652,"duration":121469}},{"uid":"d1f4b1f413ccf1e1","reportUrl":"../187//#testresult/d1f4b1f413ccf1e1","status":"passed","time":{"start":1727401280649,"stop":1727401430711,"duration":150062}},{"uid":"b851c9fcd603122b","reportUrl":"../186//#testresult/b851c9fcd603122b","status":"passed","time":{"start":1727314990124,"stop":1727315130357,"duration":140233}},{"uid":"35376d8c4cd4eb1e","reportUrl":"../184//#testresult/35376d8c4cd4eb1e","status":"broken","statusDetails":"juju.errors.JujuAPIError: application \"postgresql-test-app\" has no \"first-database\" relation","time":{"start":1727228404800,"stop":1727228404827,"duration":27}},{"uid":"2c0b144dda20cc4d","reportUrl":"../183//#testresult/2c0b144dda20cc4d","status":"broken","statusDetails":"juju.errors.JujuAPIError: application \"postgresql-test-app\" has no \"first-database\" relation","time":{"start":1727142373473,"stop":1727142373502,"duration":29}},{"uid":"b5da6e398111a5bf","reportUrl":"../182//#testresult/b5da6e398111a5bf","status":"broken","statusDetails":"juju.errors.JujuAPIError: application \"postgresql-test-app\" has no \"first-database\" relation","time":{"start":1727055634379,"stop":1727055634410,"duration":31}},{"uid":"fdd44a9342276caa","reportUrl":"../181//#testresult/fdd44a9342276caa","status":"broken","statusDetails":"juju.errors.JujuAPIError: application \"postgresql-test-app\" has no \"first-database\" relation","time":{"start":1726969650010,"stop":1726969650038,"duration":28}},{"uid":"5dc812594576dff0","reportUrl":"../180//#testresult/5dc812594576dff0","status":"broken","statusDetails":"juju.errors.JujuAPIError: application \"postgresql-test-app\" has no \"first-database\" relation","time":{"start":1726882904670,"stop":1726882904698,"duration":28}},{"uid":"32bb10545ba8df39","reportUrl":"../179//#testresult/32bb10545ba8df39","status":"broken","statusDetails":"juju.errors.JujuAPIError: application \"postgresql-test-app\" has no \"first-database\" relation","time":{"start":1726796698945,"stop":1726796698979,"duration":34}},{"uid":"4cbabf39b06f6438","reportUrl":"../178//#testresult/4cbabf39b06f6438","status":"broken","statusDetails":"juju.errors.JujuAPIError: application \"postgresql-test-app\" has no \"first-database\" relation","time":{"start":1726709936781,"stop":1726709936809,"duration":28}}]},"tags":["asyncio","group(1)"]},"source":"5a12b6dbcdc96989.json","parameterValues":[]}