{"uid":"a2d196a46e4af3c2","name":"test_landscape_scalable_bundle_db","fullName":"tests.integration.test_db_admin#test_landscape_scalable_bundle_db","historyId":"59582530be6d9d50d6da4914c77954ea","time":{"start":1726623153029,"stop":1726626180262,"duration":3027233},"description":"Deploy Landscape Scalable Bundle to test the 'db-admin' relation.","descriptionHtml":"<p>Deploy Landscape Scalable Bundle to test the 'db-admin' relation.</p>\n","status":"broken","statusMessage":"asyncio.exceptions.TimeoutError: Timed out waiting for model:\npostgresql/0 [idle] waiting: awaiting for member to start","statusTrace":"Traceback (most recent call last):\n  File \"/home/ubuntu/actions-runner/_work/test-runners-2-is-x64-postgresql-operator/test-runners-2-is-x64-postgresql-operator/.tox/integration/lib/python3.10/site-packages/_pytest/runner.py\", line 341, in from_call\n    result: Optional[TResult] = func()\n  File \"/home/ubuntu/actions-runner/_work/test-runners-2-is-x64-postgresql-operator/test-runners-2-is-x64-postgresql-operator/.tox/integration/lib/python3.10/site-packages/_pytest/runner.py\", line 241, in <lambda>\n    lambda: runtest_hook(item=item, **kwds), when=when, reraise=reraise\n  File \"/home/ubuntu/actions-runner/_work/test-runners-2-is-x64-postgresql-operator/test-runners-2-is-x64-postgresql-operator/.tox/integration/lib/python3.10/site-packages/pluggy/_hooks.py\", line 513, in __call__\n    return self._hookexec(self.name, self._hookimpls.copy(), kwargs, firstresult)\n  File \"/home/ubuntu/actions-runner/_work/test-runners-2-is-x64-postgresql-operator/test-runners-2-is-x64-postgresql-operator/.tox/integration/lib/python3.10/site-packages/pluggy/_manager.py\", line 120, in _hookexec\n    return self._inner_hookexec(hook_name, methods, kwargs, firstresult)\n  File \"/home/ubuntu/actions-runner/_work/test-runners-2-is-x64-postgresql-operator/test-runners-2-is-x64-postgresql-operator/.tox/integration/lib/python3.10/site-packages/pluggy/_callers.py\", line 182, in _multicall\n    return outcome.get_result()\n  File \"/home/ubuntu/actions-runner/_work/test-runners-2-is-x64-postgresql-operator/test-runners-2-is-x64-postgresql-operator/.tox/integration/lib/python3.10/site-packages/pluggy/_result.py\", line 100, in get_result\n    raise exc.with_traceback(exc.__traceback__)\n  File \"/home/ubuntu/actions-runner/_work/test-runners-2-is-x64-postgresql-operator/test-runners-2-is-x64-postgresql-operator/.tox/integration/lib/python3.10/site-packages/pluggy/_callers.py\", line 167, in _multicall\n    teardown.throw(outcome._exception)\n  File \"/home/ubuntu/actions-runner/_work/test-runners-2-is-x64-postgresql-operator/test-runners-2-is-x64-postgresql-operator/.tox/integration/lib/python3.10/site-packages/_pytest/threadexception.py\", line 87, in pytest_runtest_call\n    yield from thread_exception_runtest_hook()\n  File \"/home/ubuntu/actions-runner/_work/test-runners-2-is-x64-postgresql-operator/test-runners-2-is-x64-postgresql-operator/.tox/integration/lib/python3.10/site-packages/_pytest/threadexception.py\", line 63, in thread_exception_runtest_hook\n    yield\n  File \"/home/ubuntu/actions-runner/_work/test-runners-2-is-x64-postgresql-operator/test-runners-2-is-x64-postgresql-operator/.tox/integration/lib/python3.10/site-packages/pluggy/_callers.py\", line 167, in _multicall\n    teardown.throw(outcome._exception)\n  File \"/home/ubuntu/actions-runner/_work/test-runners-2-is-x64-postgresql-operator/test-runners-2-is-x64-postgresql-operator/.tox/integration/lib/python3.10/site-packages/_pytest/unraisableexception.py\", line 90, in pytest_runtest_call\n    yield from unraisable_exception_runtest_hook()\n  File \"/home/ubuntu/actions-runner/_work/test-runners-2-is-x64-postgresql-operator/test-runners-2-is-x64-postgresql-operator/.tox/integration/lib/python3.10/site-packages/_pytest/unraisableexception.py\", line 65, in unraisable_exception_runtest_hook\n    yield\n  File \"/home/ubuntu/actions-runner/_work/test-runners-2-is-x64-postgresql-operator/test-runners-2-is-x64-postgresql-operator/.tox/integration/lib/python3.10/site-packages/pluggy/_callers.py\", line 167, in _multicall\n    teardown.throw(outcome._exception)\n  File \"/home/ubuntu/actions-runner/_work/test-runners-2-is-x64-postgresql-operator/test-runners-2-is-x64-postgresql-operator/.tox/integration/lib/python3.10/site-packages/_pytest/logging.py\", line 850, in pytest_runtest_call\n    yield from self._runtest_for(item, \"call\")\n  File \"/home/ubuntu/actions-runner/_work/test-runners-2-is-x64-postgresql-operator/test-runners-2-is-x64-postgresql-operator/.tox/integration/lib/python3.10/site-packages/_pytest/logging.py\", line 833, in _runtest_for\n    yield\n  File \"/home/ubuntu/actions-runner/_work/test-runners-2-is-x64-postgresql-operator/test-runners-2-is-x64-postgresql-operator/.tox/integration/lib/python3.10/site-packages/pluggy/_callers.py\", line 167, in _multicall\n    teardown.throw(outcome._exception)\n  File \"/home/ubuntu/actions-runner/_work/test-runners-2-is-x64-postgresql-operator/test-runners-2-is-x64-postgresql-operator/.tox/integration/lib/python3.10/site-packages/_pytest/capture.py\", line 878, in pytest_runtest_call\n    return (yield)\n  File \"/home/ubuntu/actions-runner/_work/test-runners-2-is-x64-postgresql-operator/test-runners-2-is-x64-postgresql-operator/.tox/integration/lib/python3.10/site-packages/pluggy/_callers.py\", line 167, in _multicall\n    teardown.throw(outcome._exception)\n  File \"/home/ubuntu/actions-runner/_work/test-runners-2-is-x64-postgresql-operator/test-runners-2-is-x64-postgresql-operator/.tox/integration/lib/python3.10/site-packages/_pytest/skipping.py\", line 257, in pytest_runtest_call\n    return (yield)\n  File \"/home/ubuntu/actions-runner/_work/test-runners-2-is-x64-postgresql-operator/test-runners-2-is-x64-postgresql-operator/.tox/integration/lib/python3.10/site-packages/pluggy/_callers.py\", line 103, in _multicall\n    res = hook_impl.function(*args)\n  File \"/home/ubuntu/actions-runner/_work/test-runners-2-is-x64-postgresql-operator/test-runners-2-is-x64-postgresql-operator/.tox/integration/lib/python3.10/site-packages/_pytest/runner.py\", line 183, in pytest_runtest_call\n    raise e\n  File \"/home/ubuntu/actions-runner/_work/test-runners-2-is-x64-postgresql-operator/test-runners-2-is-x64-postgresql-operator/.tox/integration/lib/python3.10/site-packages/_pytest/runner.py\", line 173, in pytest_runtest_call\n    item.runtest()\n  File \"/home/ubuntu/actions-runner/_work/test-runners-2-is-x64-postgresql-operator/test-runners-2-is-x64-postgresql-operator/.tox/integration/lib/python3.10/site-packages/_pytest/python.py\", line 1632, in runtest\n    self.ihook.pytest_pyfunc_call(pyfuncitem=self)\n  File \"/home/ubuntu/actions-runner/_work/test-runners-2-is-x64-postgresql-operator/test-runners-2-is-x64-postgresql-operator/.tox/integration/lib/python3.10/site-packages/pluggy/_hooks.py\", line 513, in __call__\n    return self._hookexec(self.name, self._hookimpls.copy(), kwargs, firstresult)\n  File \"/home/ubuntu/actions-runner/_work/test-runners-2-is-x64-postgresql-operator/test-runners-2-is-x64-postgresql-operator/.tox/integration/lib/python3.10/site-packages/pluggy/_manager.py\", line 120, in _hookexec\n    return self._inner_hookexec(hook_name, methods, kwargs, firstresult)\n  File \"/home/ubuntu/actions-runner/_work/test-runners-2-is-x64-postgresql-operator/test-runners-2-is-x64-postgresql-operator/.tox/integration/lib/python3.10/site-packages/pluggy/_callers.py\", line 182, in _multicall\n    return outcome.get_result()\n  File \"/home/ubuntu/actions-runner/_work/test-runners-2-is-x64-postgresql-operator/test-runners-2-is-x64-postgresql-operator/.tox/integration/lib/python3.10/site-packages/pluggy/_result.py\", line 100, in get_result\n    raise exc.with_traceback(exc.__traceback__)\n  File \"/home/ubuntu/actions-runner/_work/test-runners-2-is-x64-postgresql-operator/test-runners-2-is-x64-postgresql-operator/.tox/integration/lib/python3.10/site-packages/pluggy/_callers.py\", line 103, in _multicall\n    res = hook_impl.function(*args)\n  File \"/home/ubuntu/actions-runner/_work/test-runners-2-is-x64-postgresql-operator/test-runners-2-is-x64-postgresql-operator/.tox/integration/lib/python3.10/site-packages/_pytest/python.py\", line 162, in pytest_pyfunc_call\n    result = testfunction(**testargs)\n  File \"/home/ubuntu/actions-runner/_work/test-runners-2-is-x64-postgresql-operator/test-runners-2-is-x64-postgresql-operator/.tox/integration/lib/python3.10/site-packages/pytest_asyncio/plugin.py\", line 529, in inner\n    _loop.run_until_complete(task)\n  File \"/usr/lib/python3.10/asyncio/base_events.py\", line 649, in run_until_complete\n    return future.result()\n  File \"/home/ubuntu/actions-runner/_work/test-runners-2-is-x64-postgresql-operator/test-runners-2-is-x64-postgresql-operator/tests/integration/test_db_admin.py\", line 51, in test_landscape_scalable_bundle_db\n    relation_id = await deploy_and_relate_bundle_with_postgresql(\n  File \"/home/ubuntu/actions-runner/_work/test-runners-2-is-x64-postgresql-operator/test-runners-2-is-x64-postgresql-operator/tests/integration/helpers.py\", line 449, in deploy_and_relate_bundle_with_postgresql\n    await asyncio.gather(*awaits)\n  File \"/home/ubuntu/actions-runner/_work/test-runners-2-is-x64-postgresql-operator/test-runners-2-is-x64-postgresql-operator/.tox/integration/lib/python3.10/site-packages/juju/model.py\", line 2969, in wait_for_idle\n    raise jasyncio.TimeoutError(\"Timed out waiting for model:\\n\" + busy)\nasyncio.exceptions.TimeoutError: Timed out waiting for model:\npostgresql/0 [idle] waiting: awaiting for member to start","flaky":false,"newFailed":false,"newBroken":true,"newPassed":false,"retriesCount":1,"retriesStatusChange":true,"beforeStages":[{"name":"event_loop","time":{"start":1726623152840,"stop":1726623152840,"duration":0},"status":"passed","steps":[],"attachments":[],"parameters":[],"stepsCount":0,"shouldDisplayMessage":false,"attachmentsCount":0,"hasContent":false,"attachmentStep":false},{"name":"tmp_path_factory","time":{"start":1726623152841,"stop":1726623152841,"duration":0},"status":"passed","steps":[],"attachments":[],"parameters":[],"stepsCount":0,"shouldDisplayMessage":false,"attachmentsCount":0,"hasContent":false,"attachmentStep":false},{"name":"ops_test","time":{"start":1726623152841,"stop":1726623153026,"duration":185},"status":"passed","steps":[],"attachments":[],"parameters":[],"stepsCount":0,"shouldDisplayMessage":false,"attachmentsCount":0,"hasContent":false,"attachmentStep":false},{"name":"charm","time":{"start":1726623153026,"stop":1726623153028,"duration":2},"status":"passed","steps":[],"attachments":[],"parameters":[],"stepsCount":0,"shouldDisplayMessage":false,"attachmentsCount":0,"hasContent":false,"attachmentStep":false},{"name":"abort_on_fail","time":{"start":1726623153028,"stop":1726623153028,"duration":0},"status":"passed","steps":[],"attachments":[],"parameters":[],"stepsCount":0,"shouldDisplayMessage":false,"attachmentsCount":0,"hasContent":false,"attachmentStep":false}],"testStage":{"description":"Deploy Landscape Scalable Bundle to test the 'db-admin' relation.","status":"broken","statusMessage":"asyncio.exceptions.TimeoutError: Timed out waiting for model:\npostgresql/0 [idle] waiting: awaiting for member to start","statusTrace":"Traceback (most recent call last):\n  File \"/home/ubuntu/actions-runner/_work/test-runners-2-is-x64-postgresql-operator/test-runners-2-is-x64-postgresql-operator/.tox/integration/lib/python3.10/site-packages/_pytest/runner.py\", line 341, in from_call\n    result: Optional[TResult] = func()\n  File \"/home/ubuntu/actions-runner/_work/test-runners-2-is-x64-postgresql-operator/test-runners-2-is-x64-postgresql-operator/.tox/integration/lib/python3.10/site-packages/_pytest/runner.py\", line 241, in <lambda>\n    lambda: runtest_hook(item=item, **kwds), when=when, reraise=reraise\n  File \"/home/ubuntu/actions-runner/_work/test-runners-2-is-x64-postgresql-operator/test-runners-2-is-x64-postgresql-operator/.tox/integration/lib/python3.10/site-packages/pluggy/_hooks.py\", line 513, in __call__\n    return self._hookexec(self.name, self._hookimpls.copy(), kwargs, firstresult)\n  File \"/home/ubuntu/actions-runner/_work/test-runners-2-is-x64-postgresql-operator/test-runners-2-is-x64-postgresql-operator/.tox/integration/lib/python3.10/site-packages/pluggy/_manager.py\", line 120, in _hookexec\n    return self._inner_hookexec(hook_name, methods, kwargs, firstresult)\n  File \"/home/ubuntu/actions-runner/_work/test-runners-2-is-x64-postgresql-operator/test-runners-2-is-x64-postgresql-operator/.tox/integration/lib/python3.10/site-packages/pluggy/_callers.py\", line 182, in _multicall\n    return outcome.get_result()\n  File \"/home/ubuntu/actions-runner/_work/test-runners-2-is-x64-postgresql-operator/test-runners-2-is-x64-postgresql-operator/.tox/integration/lib/python3.10/site-packages/pluggy/_result.py\", line 100, in get_result\n    raise exc.with_traceback(exc.__traceback__)\n  File \"/home/ubuntu/actions-runner/_work/test-runners-2-is-x64-postgresql-operator/test-runners-2-is-x64-postgresql-operator/.tox/integration/lib/python3.10/site-packages/pluggy/_callers.py\", line 167, in _multicall\n    teardown.throw(outcome._exception)\n  File \"/home/ubuntu/actions-runner/_work/test-runners-2-is-x64-postgresql-operator/test-runners-2-is-x64-postgresql-operator/.tox/integration/lib/python3.10/site-packages/_pytest/threadexception.py\", line 87, in pytest_runtest_call\n    yield from thread_exception_runtest_hook()\n  File \"/home/ubuntu/actions-runner/_work/test-runners-2-is-x64-postgresql-operator/test-runners-2-is-x64-postgresql-operator/.tox/integration/lib/python3.10/site-packages/_pytest/threadexception.py\", line 63, in thread_exception_runtest_hook\n    yield\n  File \"/home/ubuntu/actions-runner/_work/test-runners-2-is-x64-postgresql-operator/test-runners-2-is-x64-postgresql-operator/.tox/integration/lib/python3.10/site-packages/pluggy/_callers.py\", line 167, in _multicall\n    teardown.throw(outcome._exception)\n  File \"/home/ubuntu/actions-runner/_work/test-runners-2-is-x64-postgresql-operator/test-runners-2-is-x64-postgresql-operator/.tox/integration/lib/python3.10/site-packages/_pytest/unraisableexception.py\", line 90, in pytest_runtest_call\n    yield from unraisable_exception_runtest_hook()\n  File \"/home/ubuntu/actions-runner/_work/test-runners-2-is-x64-postgresql-operator/test-runners-2-is-x64-postgresql-operator/.tox/integration/lib/python3.10/site-packages/_pytest/unraisableexception.py\", line 65, in unraisable_exception_runtest_hook\n    yield\n  File \"/home/ubuntu/actions-runner/_work/test-runners-2-is-x64-postgresql-operator/test-runners-2-is-x64-postgresql-operator/.tox/integration/lib/python3.10/site-packages/pluggy/_callers.py\", line 167, in _multicall\n    teardown.throw(outcome._exception)\n  File \"/home/ubuntu/actions-runner/_work/test-runners-2-is-x64-postgresql-operator/test-runners-2-is-x64-postgresql-operator/.tox/integration/lib/python3.10/site-packages/_pytest/logging.py\", line 850, in pytest_runtest_call\n    yield from self._runtest_for(item, \"call\")\n  File \"/home/ubuntu/actions-runner/_work/test-runners-2-is-x64-postgresql-operator/test-runners-2-is-x64-postgresql-operator/.tox/integration/lib/python3.10/site-packages/_pytest/logging.py\", line 833, in _runtest_for\n    yield\n  File \"/home/ubuntu/actions-runner/_work/test-runners-2-is-x64-postgresql-operator/test-runners-2-is-x64-postgresql-operator/.tox/integration/lib/python3.10/site-packages/pluggy/_callers.py\", line 167, in _multicall\n    teardown.throw(outcome._exception)\n  File \"/home/ubuntu/actions-runner/_work/test-runners-2-is-x64-postgresql-operator/test-runners-2-is-x64-postgresql-operator/.tox/integration/lib/python3.10/site-packages/_pytest/capture.py\", line 878, in pytest_runtest_call\n    return (yield)\n  File \"/home/ubuntu/actions-runner/_work/test-runners-2-is-x64-postgresql-operator/test-runners-2-is-x64-postgresql-operator/.tox/integration/lib/python3.10/site-packages/pluggy/_callers.py\", line 167, in _multicall\n    teardown.throw(outcome._exception)\n  File \"/home/ubuntu/actions-runner/_work/test-runners-2-is-x64-postgresql-operator/test-runners-2-is-x64-postgresql-operator/.tox/integration/lib/python3.10/site-packages/_pytest/skipping.py\", line 257, in pytest_runtest_call\n    return (yield)\n  File \"/home/ubuntu/actions-runner/_work/test-runners-2-is-x64-postgresql-operator/test-runners-2-is-x64-postgresql-operator/.tox/integration/lib/python3.10/site-packages/pluggy/_callers.py\", line 103, in _multicall\n    res = hook_impl.function(*args)\n  File \"/home/ubuntu/actions-runner/_work/test-runners-2-is-x64-postgresql-operator/test-runners-2-is-x64-postgresql-operator/.tox/integration/lib/python3.10/site-packages/_pytest/runner.py\", line 183, in pytest_runtest_call\n    raise e\n  File \"/home/ubuntu/actions-runner/_work/test-runners-2-is-x64-postgresql-operator/test-runners-2-is-x64-postgresql-operator/.tox/integration/lib/python3.10/site-packages/_pytest/runner.py\", line 173, in pytest_runtest_call\n    item.runtest()\n  File \"/home/ubuntu/actions-runner/_work/test-runners-2-is-x64-postgresql-operator/test-runners-2-is-x64-postgresql-operator/.tox/integration/lib/python3.10/site-packages/_pytest/python.py\", line 1632, in runtest\n    self.ihook.pytest_pyfunc_call(pyfuncitem=self)\n  File \"/home/ubuntu/actions-runner/_work/test-runners-2-is-x64-postgresql-operator/test-runners-2-is-x64-postgresql-operator/.tox/integration/lib/python3.10/site-packages/pluggy/_hooks.py\", line 513, in __call__\n    return self._hookexec(self.name, self._hookimpls.copy(), kwargs, firstresult)\n  File \"/home/ubuntu/actions-runner/_work/test-runners-2-is-x64-postgresql-operator/test-runners-2-is-x64-postgresql-operator/.tox/integration/lib/python3.10/site-packages/pluggy/_manager.py\", line 120, in _hookexec\n    return self._inner_hookexec(hook_name, methods, kwargs, firstresult)\n  File \"/home/ubuntu/actions-runner/_work/test-runners-2-is-x64-postgresql-operator/test-runners-2-is-x64-postgresql-operator/.tox/integration/lib/python3.10/site-packages/pluggy/_callers.py\", line 182, in _multicall\n    return outcome.get_result()\n  File \"/home/ubuntu/actions-runner/_work/test-runners-2-is-x64-postgresql-operator/test-runners-2-is-x64-postgresql-operator/.tox/integration/lib/python3.10/site-packages/pluggy/_result.py\", line 100, in get_result\n    raise exc.with_traceback(exc.__traceback__)\n  File \"/home/ubuntu/actions-runner/_work/test-runners-2-is-x64-postgresql-operator/test-runners-2-is-x64-postgresql-operator/.tox/integration/lib/python3.10/site-packages/pluggy/_callers.py\", line 103, in _multicall\n    res = hook_impl.function(*args)\n  File \"/home/ubuntu/actions-runner/_work/test-runners-2-is-x64-postgresql-operator/test-runners-2-is-x64-postgresql-operator/.tox/integration/lib/python3.10/site-packages/_pytest/python.py\", line 162, in pytest_pyfunc_call\n    result = testfunction(**testargs)\n  File \"/home/ubuntu/actions-runner/_work/test-runners-2-is-x64-postgresql-operator/test-runners-2-is-x64-postgresql-operator/.tox/integration/lib/python3.10/site-packages/pytest_asyncio/plugin.py\", line 529, in inner\n    _loop.run_until_complete(task)\n  File \"/usr/lib/python3.10/asyncio/base_events.py\", line 649, in run_until_complete\n    return future.result()\n  File \"/home/ubuntu/actions-runner/_work/test-runners-2-is-x64-postgresql-operator/test-runners-2-is-x64-postgresql-operator/tests/integration/test_db_admin.py\", line 51, in test_landscape_scalable_bundle_db\n    relation_id = await deploy_and_relate_bundle_with_postgresql(\n  File \"/home/ubuntu/actions-runner/_work/test-runners-2-is-x64-postgresql-operator/test-runners-2-is-x64-postgresql-operator/tests/integration/helpers.py\", line 449, in deploy_and_relate_bundle_with_postgresql\n    await asyncio.gather(*awaits)\n  File \"/home/ubuntu/actions-runner/_work/test-runners-2-is-x64-postgresql-operator/test-runners-2-is-x64-postgresql-operator/.tox/integration/lib/python3.10/site-packages/juju/model.py\", line 2969, in wait_for_idle\n    raise jasyncio.TimeoutError(\"Timed out waiting for model:\\n\" + busy)\nasyncio.exceptions.TimeoutError: Timed out waiting for model:\npostgresql/0 [idle] waiting: awaiting for member to start","steps":[],"attachments":[{"uid":"a5072f31c166f418","name":"log","source":"a5072f31c166f418.txt","type":"text/plain","size":24031}],"parameters":[],"stepsCount":0,"shouldDisplayMessage":true,"attachmentsCount":1,"hasContent":true,"attachmentStep":false},"afterStages":[{"name":"abort_on_fail::0","time":{"start":1726626180266,"stop":1726626180266,"duration":0},"status":"passed","steps":[],"attachments":[],"parameters":[],"stepsCount":0,"shouldDisplayMessage":false,"attachmentsCount":0,"hasContent":false,"attachmentStep":false},{"name":"charm::finalizer","time":{"start":1726626180267,"stop":1726626180267,"duration":0},"status":"passed","steps":[],"attachments":[],"parameters":[],"stepsCount":0,"shouldDisplayMessage":false,"attachmentsCount":0,"hasContent":false,"attachmentStep":false},{"name":"ops_test::finalizer","time":{"start":1726626180267,"stop":1726626180735,"duration":468},"status":"passed","steps":[],"attachments":[],"parameters":[],"stepsCount":0,"shouldDisplayMessage":false,"attachmentsCount":0,"hasContent":false,"attachmentStep":false},{"name":"event_loop::2","time":{"start":1726626180736,"stop":1726626180736,"duration":0},"status":"passed","steps":[],"attachments":[],"parameters":[],"stepsCount":0,"shouldDisplayMessage":false,"attachmentsCount":0,"hasContent":false,"attachmentStep":false},{"name":"event_loop::_close_event_loop","time":{"start":1726626180736,"stop":1726626180736,"duration":0},"status":"passed","steps":[],"attachments":[],"parameters":[],"stepsCount":0,"shouldDisplayMessage":false,"attachmentsCount":0,"hasContent":false,"attachmentStep":false},{"name":"event_loop::_provide_clean_event_loop","time":{"start":1726626180736,"stop":1726626180736,"duration":0},"status":"passed","steps":[],"attachments":[],"parameters":[],"stepsCount":0,"shouldDisplayMessage":false,"attachmentsCount":0,"hasContent":false,"attachmentStep":false}],"labels":[{"name":"tag","value":"group(1)"},{"name":"tag","value":"asyncio"},{"name":"parentSuite","value":"tests.integration"},{"name":"suite","value":"test_db_admin"},{"name":"host","value":"github-runner"},{"name":"thread","value":"12130-MainThread"},{"name":"framework","value":"pytest"},{"name":"language","value":"cpython3"},{"name":"package","value":"tests.integration.test_db_admin"},{"name":"resultFormat","value":"allure2"}],"parameters":[],"links":[],"hidden":false,"retry":false,"extra":{"severity":"normal","retries":[{"uid":"91b6a5d45b17070b","status":"unknown","time":{}}],"categories":[{"name":"Test defects","matchedStatuses":[],"flaky":false}],"history":{"statistic":{"failed":1,"broken":47,"skipped":0,"passed":50,"unknown":3,"total":101},"items":[{"uid":"8b418a6141f7becb","reportUrl":"../176//#testresult/8b418a6141f7becb","status":"passed","time":{"start":1726537083777,"stop":1726538296848,"duration":1213071}},{"uid":"63c72c6cb489cf10","reportUrl":"../175//#testresult/63c72c6cb489cf10","status":"passed","time":{"start":1726450650038,"stop":1726452275237,"duration":1625199}},{"uid":"e6645f579ca94856","reportUrl":"../174//#testresult/e6645f579ca94856","status":"passed","time":{"start":1726364344220,"stop":1726365685228,"duration":1341008}},{"uid":"e9f2869e94d2576a","reportUrl":"../173//#testresult/e9f2869e94d2576a","status":"passed","time":{"start":1726277793588,"stop":1726279336256,"duration":1542668}},{"uid":"be959a1b6a45c0c2","reportUrl":"../172//#testresult/be959a1b6a45c0c2","status":"passed","time":{"start":1726191369215,"stop":1726192712305,"duration":1343090}},{"uid":"dcf57638c442b72d","reportUrl":"../171//#testresult/dcf57638c442b72d","status":"passed","time":{"start":1726104947482,"stop":1726106277677,"duration":1330195}},{"uid":"50b09708df63cd0e","reportUrl":"../170//#testresult/50b09708df63cd0e","status":"unknown","time":{}},{"uid":"47e0c4c879d2130b","reportUrl":"../169//#testresult/47e0c4c879d2130b","status":"passed","time":{"start":1725934008928,"stop":1725935081428,"duration":1072500}},{"uid":"333cdafc6cf75b49","reportUrl":"../168//#testresult/333cdafc6cf75b49","status":"passed","time":{"start":1725845749145,"stop":1725846692233,"duration":943088}},{"uid":"c40e07ebd15eb0c6","reportUrl":"../167//#testresult/c40e07ebd15eb0c6","status":"passed","time":{"start":1725759473997,"stop":1725761278248,"duration":1804251}},{"uid":"1eb688ab594750d","reportUrl":"../166//#testresult/1eb688ab594750d","status":"passed","time":{"start":1725672940134,"stop":1725674446208,"duration":1506074}},{"uid":"ef47867fe8c001e8","reportUrl":"../165//#testresult/ef47867fe8c001e8","status":"passed","time":{"start":1725586562150,"stop":1725588036131,"duration":1473981}},{"uid":"61a7e0cf65d99228","reportUrl":"../164//#testresult/61a7e0cf65d99228","status":"passed","time":{"start":1725500150294,"stop":1725501644845,"duration":1494551}},{"uid":"3e3ff69fa245fc0a","reportUrl":"../163//#testresult/3e3ff69fa245fc0a","status":"passed","time":{"start":1725413837980,"stop":1725415625962,"duration":1787982}},{"uid":"f28452dda0045af9","reportUrl":"../162//#testresult/f28452dda0045af9","status":"passed","time":{"start":1725327355364,"stop":1725328265586,"duration":910222}},{"uid":"517e61d8f84efa05","reportUrl":"../161//#testresult/517e61d8f84efa05","status":"passed","time":{"start":1725240932669,"stop":1725242390005,"duration":1457336}},{"uid":"e9f01cae4649537a","reportUrl":"../160//#testresult/e9f01cae4649537a","status":"passed","time":{"start":1725154557570,"stop":1725155844099,"duration":1286529}},{"uid":"4481de3bbb7eb7bd","reportUrl":"../159//#testresult/4481de3bbb7eb7bd","status":"passed","time":{"start":1725068261549,"stop":1725069553920,"duration":1292371}},{"uid":"eae07537d5ead824","reportUrl":"../158//#testresult/eae07537d5ead824","status":"broken","statusDetails":"asyncio.exceptions.TimeoutError: Timed out waiting for model:\npostgresql/1 [idle] waiting: awaiting for member to start","time":{"start":1724981729984,"stop":1724984752174,"duration":3022190}},{"uid":"6f0f07dfdefa0c8e","reportUrl":"../157//#testresult/6f0f07dfdefa0c8e","status":"passed","time":{"start":1724895418703,"stop":1724896678322,"duration":1259619}}]},"tags":["asyncio","group(1)"]},"source":"a2d196a46e4af3c2.json","parameterValues":[]}