{"uid":"e10d63ed8b24ef0c","name":"test_network_cut_without_ip_change","fullName":"tests.integration.ha_tests.test_self_healing#test_network_cut_without_ip_change","historyId":"c42817a2584f9afe9bfa320de7305305","time":{"start":1722477786405,"stop":1722477786405,"duration":0},"description":"Completely cut and restore network (situation when the unit IP doesn't change).","descriptionHtml":"<p>Completely cut and restore network (situation when the unit IP doesn't change).</p>\n","status":"skipped","statusMessage":"XFAIL reason: aborted\n\n_pytest.outcomes.XFailed: aborted","statusTrace":"Traceback (most recent call last):\n  File \"/home/ubuntu/github-runner/_work/test-runners-2-is-x64-postgresql-operator/test-runners-2-is-x64-postgresql-operator/.tox/integration/lib/python3.10/site-packages/_pytest/runner.py\", line 341, in from_call\n    result: Optional[TResult] = func()\n  File \"/home/ubuntu/github-runner/_work/test-runners-2-is-x64-postgresql-operator/test-runners-2-is-x64-postgresql-operator/.tox/integration/lib/python3.10/site-packages/_pytest/runner.py\", line 241, in <lambda>\n    lambda: runtest_hook(item=item, **kwds), when=when, reraise=reraise\n  File \"/home/ubuntu/github-runner/_work/test-runners-2-is-x64-postgresql-operator/test-runners-2-is-x64-postgresql-operator/.tox/integration/lib/python3.10/site-packages/pluggy/_hooks.py\", line 513, in __call__\n    return self._hookexec(self.name, self._hookimpls.copy(), kwargs, firstresult)\n  File \"/home/ubuntu/github-runner/_work/test-runners-2-is-x64-postgresql-operator/test-runners-2-is-x64-postgresql-operator/.tox/integration/lib/python3.10/site-packages/pluggy/_manager.py\", line 120, in _hookexec\n    return self._inner_hookexec(hook_name, methods, kwargs, firstresult)\n  File \"/home/ubuntu/github-runner/_work/test-runners-2-is-x64-postgresql-operator/test-runners-2-is-x64-postgresql-operator/.tox/integration/lib/python3.10/site-packages/pluggy/_callers.py\", line 182, in _multicall\n    return outcome.get_result()\n  File \"/home/ubuntu/github-runner/_work/test-runners-2-is-x64-postgresql-operator/test-runners-2-is-x64-postgresql-operator/.tox/integration/lib/python3.10/site-packages/pluggy/_result.py\", line 100, in get_result\n    raise exc.with_traceback(exc.__traceback__)\n  File \"/home/ubuntu/github-runner/_work/test-runners-2-is-x64-postgresql-operator/test-runners-2-is-x64-postgresql-operator/.tox/integration/lib/python3.10/site-packages/pluggy/_callers.py\", line 167, in _multicall\n    teardown.throw(outcome._exception)\n  File \"/home/ubuntu/github-runner/_work/test-runners-2-is-x64-postgresql-operator/test-runners-2-is-x64-postgresql-operator/.tox/integration/lib/python3.10/site-packages/_pytest/unraisableexception.py\", line 85, in pytest_runtest_setup\n    yield from unraisable_exception_runtest_hook()\n  File \"/home/ubuntu/github-runner/_work/test-runners-2-is-x64-postgresql-operator/test-runners-2-is-x64-postgresql-operator/.tox/integration/lib/python3.10/site-packages/_pytest/unraisableexception.py\", line 65, in unraisable_exception_runtest_hook\n    yield\n  File \"/home/ubuntu/github-runner/_work/test-runners-2-is-x64-postgresql-operator/test-runners-2-is-x64-postgresql-operator/.tox/integration/lib/python3.10/site-packages/pluggy/_callers.py\", line 167, in _multicall\n    teardown.throw(outcome._exception)\n  File \"/home/ubuntu/github-runner/_work/test-runners-2-is-x64-postgresql-operator/test-runners-2-is-x64-postgresql-operator/.tox/integration/lib/python3.10/site-packages/_pytest/logging.py\", line 844, in pytest_runtest_setup\n    yield from self._runtest_for(item, \"setup\")\n  File \"/home/ubuntu/github-runner/_work/test-runners-2-is-x64-postgresql-operator/test-runners-2-is-x64-postgresql-operator/.tox/integration/lib/python3.10/site-packages/_pytest/logging.py\", line 833, in _runtest_for\n    yield\n  File \"/home/ubuntu/github-runner/_work/test-runners-2-is-x64-postgresql-operator/test-runners-2-is-x64-postgresql-operator/.tox/integration/lib/python3.10/site-packages/pluggy/_callers.py\", line 167, in _multicall\n    teardown.throw(outcome._exception)\n  File \"/home/ubuntu/github-runner/_work/test-runners-2-is-x64-postgresql-operator/test-runners-2-is-x64-postgresql-operator/.tox/integration/lib/python3.10/site-packages/_pytest/capture.py\", line 873, in pytest_runtest_setup\n    return (yield)\n  File \"/home/ubuntu/github-runner/_work/test-runners-2-is-x64-postgresql-operator/test-runners-2-is-x64-postgresql-operator/.tox/integration/lib/python3.10/site-packages/pluggy/_callers.py\", line 167, in _multicall\n    teardown.throw(outcome._exception)\n  File \"/home/ubuntu/github-runner/_work/test-runners-2-is-x64-postgresql-operator/test-runners-2-is-x64-postgresql-operator/.tox/integration/lib/python3.10/site-packages/_pytest/threadexception.py\", line 82, in pytest_runtest_setup\n    yield from thread_exception_runtest_hook()\n  File \"/home/ubuntu/github-runner/_work/test-runners-2-is-x64-postgresql-operator/test-runners-2-is-x64-postgresql-operator/.tox/integration/lib/python3.10/site-packages/_pytest/threadexception.py\", line 63, in thread_exception_runtest_hook\n    yield\n  File \"/home/ubuntu/github-runner/_work/test-runners-2-is-x64-postgresql-operator/test-runners-2-is-x64-postgresql-operator/.tox/integration/lib/python3.10/site-packages/pluggy/_callers.py\", line 103, in _multicall\n    res = hook_impl.function(*args)\n  File \"/home/ubuntu/github-runner/_work/test-runners-2-is-x64-postgresql-operator/test-runners-2-is-x64-postgresql-operator/.tox/integration/lib/python3.10/site-packages/_pytest/runner.py\", line 159, in pytest_runtest_setup\n    item.session._setupstate.setup(item)\n  File \"/home/ubuntu/github-runner/_work/test-runners-2-is-x64-postgresql-operator/test-runners-2-is-x64-postgresql-operator/.tox/integration/lib/python3.10/site-packages/_pytest/runner.py\", line 517, in setup\n    raise exc\n  File \"/home/ubuntu/github-runner/_work/test-runners-2-is-x64-postgresql-operator/test-runners-2-is-x64-postgresql-operator/.tox/integration/lib/python3.10/site-packages/_pytest/runner.py\", line 514, in setup\n    col.setup()\n  File \"/home/ubuntu/github-runner/_work/test-runners-2-is-x64-postgresql-operator/test-runners-2-is-x64-postgresql-operator/.tox/integration/lib/python3.10/site-packages/_pytest/python.py\", line 1635, in setup\n    self._request._fillfixtures()\n  File \"/home/ubuntu/github-runner/_work/test-runners-2-is-x64-postgresql-operator/test-runners-2-is-x64-postgresql-operator/.tox/integration/lib/python3.10/site-packages/_pytest/fixtures.py\", line 686, in _fillfixtures\n    item.funcargs[argname] = self.getfixturevalue(argname)\n  File \"/home/ubuntu/github-runner/_work/test-runners-2-is-x64-postgresql-operator/test-runners-2-is-x64-postgresql-operator/.tox/integration/lib/python3.10/site-packages/_pytest/fixtures.py\", line 521, in getfixturevalue\n    fixturedef = self._get_active_fixturedef(argname)\n  File \"/home/ubuntu/github-runner/_work/test-runners-2-is-x64-postgresql-operator/test-runners-2-is-x64-postgresql-operator/.tox/integration/lib/python3.10/site-packages/_pytest/fixtures.py\", line 606, in _get_active_fixturedef\n    fixturedef.execute(request=subrequest)\n  File \"/home/ubuntu/github-runner/_work/test-runners-2-is-x64-postgresql-operator/test-runners-2-is-x64-postgresql-operator/.tox/integration/lib/python3.10/site-packages/_pytest/fixtures.py\", line 1076, in execute\n    result = ihook.pytest_fixture_setup(fixturedef=self, request=request)\n  File \"/home/ubuntu/github-runner/_work/test-runners-2-is-x64-postgresql-operator/test-runners-2-is-x64-postgresql-operator/.tox/integration/lib/python3.10/site-packages/pluggy/_hooks.py\", line 513, in __call__\n    return self._hookexec(self.name, self._hookimpls.copy(), kwargs, firstresult)\n  File \"/home/ubuntu/github-runner/_work/test-runners-2-is-x64-postgresql-operator/test-runners-2-is-x64-postgresql-operator/.tox/integration/lib/python3.10/site-packages/pluggy/_manager.py\", line 120, in _hookexec\n    return self._inner_hookexec(hook_name, methods, kwargs, firstresult)\n  File \"/home/ubuntu/github-runner/_work/test-runners-2-is-x64-postgresql-operator/test-runners-2-is-x64-postgresql-operator/.tox/integration/lib/python3.10/site-packages/pluggy/_callers.py\", line 182, in _multicall\n    return outcome.get_result()\n  File \"/home/ubuntu/github-runner/_work/test-runners-2-is-x64-postgresql-operator/test-runners-2-is-x64-postgresql-operator/.tox/integration/lib/python3.10/site-packages/pluggy/_result.py\", line 100, in get_result\n    raise exc.with_traceback(exc.__traceback__)\n  File \"/home/ubuntu/github-runner/_work/test-runners-2-is-x64-postgresql-operator/test-runners-2-is-x64-postgresql-operator/.tox/integration/lib/python3.10/site-packages/pluggy/_callers.py\", line 167, in _multicall\n    teardown.throw(outcome._exception)\n  File \"/home/ubuntu/github-runner/_work/test-runners-2-is-x64-postgresql-operator/test-runners-2-is-x64-postgresql-operator/.tox/integration/lib/python3.10/site-packages/_pytest/setuponly.py\", line 36, in pytest_fixture_setup\n    return (yield)\n  File \"/home/ubuntu/github-runner/_work/test-runners-2-is-x64-postgresql-operator/test-runners-2-is-x64-postgresql-operator/.tox/integration/lib/python3.10/site-packages/pluggy/_callers.py\", line 103, in _multicall\n    res = hook_impl.function(*args)\n  File \"/home/ubuntu/github-runner/_work/test-runners-2-is-x64-postgresql-operator/test-runners-2-is-x64-postgresql-operator/.tox/integration/lib/python3.10/site-packages/_pytest/fixtures.py\", line 1125, in pytest_fixture_setup\n    result = call_fixture_func(fixturefunc, request, kwargs)\n  File \"/home/ubuntu/github-runner/_work/test-runners-2-is-x64-postgresql-operator/test-runners-2-is-x64-postgresql-operator/.tox/integration/lib/python3.10/site-packages/_pytest/fixtures.py\", line 880, in call_fixture_func\n    fixture_result = next(generator)\n  File \"/home/ubuntu/github-runner/_work/test-runners-2-is-x64-postgresql-operator/test-runners-2-is-x64-postgresql-operator/.tox/integration/lib/python3.10/site-packages/pytest_operator/plugin.py\", line 228, in abort_on_fail\n    pytest.xfail(\"aborted\")\n  File \"/home/ubuntu/github-runner/_work/test-runners-2-is-x64-postgresql-operator/test-runners-2-is-x64-postgresql-operator/.tox/integration/lib/python3.10/site-packages/_pytest/outcomes.py\", line 205, in xfail\n    raise XFailed(reason)\n_pytest.outcomes.XFailed: aborted","flaky":false,"newFailed":false,"newBroken":false,"newPassed":false,"retriesCount":1,"retriesStatusChange":true,"beforeStages":[{"name":"ops_test","time":{"start":1722475800313,"stop":1722475800541,"duration":228},"status":"passed","steps":[],"attachments":[],"parameters":[],"stepsCount":0,"shouldDisplayMessage":false,"attachmentsCount":0,"hasContent":false,"attachmentStep":false},{"name":"tmp_path_factory","time":{"start":1722475800313,"stop":1722475800313,"duration":0},"status":"passed","steps":[],"attachments":[],"parameters":[],"stepsCount":0,"shouldDisplayMessage":false,"attachmentsCount":0,"hasContent":false,"attachmentStep":false},{"name":"event_loop","time":{"start":1722475800313,"stop":1722475800313,"duration":0},"status":"passed","steps":[],"attachments":[],"parameters":[],"stepsCount":0,"shouldDisplayMessage":false,"attachmentsCount":0,"hasContent":false,"attachmentStep":false},{"name":"primary_start_timeout","time":{"start":1722477004219,"stop":1722477008377,"duration":4158},"status":"passed","steps":[],"attachments":[],"parameters":[],"stepsCount":0,"shouldDisplayMessage":false,"attachmentsCount":0,"hasContent":false,"attachmentStep":false},{"name":"abort_on_fail","time":{"start":1722477786405,"stop":1722477786405,"duration":0},"status":"failed","statusMessage":"_pytest.outcomes.XFailed: aborted\n","statusTrace":"  File \"/home/ubuntu/github-runner/_work/test-runners-2-is-x64-postgresql-operator/test-runners-2-is-x64-postgresql-operator/.tox/integration/lib/python3.10/site-packages/pluggy/_callers.py\", line 167, in _multicall\n    teardown.throw(outcome._exception)\n  File \"/home/ubuntu/github-runner/_work/test-runners-2-is-x64-postgresql-operator/test-runners-2-is-x64-postgresql-operator/.tox/integration/lib/python3.10/site-packages/_pytest/setuponly.py\", line 36, in pytest_fixture_setup\n    return (yield)\n  File \"/home/ubuntu/github-runner/_work/test-runners-2-is-x64-postgresql-operator/test-runners-2-is-x64-postgresql-operator/.tox/integration/lib/python3.10/site-packages/pluggy/_callers.py\", line 103, in _multicall\n    res = hook_impl.function(*args)\n  File \"/home/ubuntu/github-runner/_work/test-runners-2-is-x64-postgresql-operator/test-runners-2-is-x64-postgresql-operator/.tox/integration/lib/python3.10/site-packages/_pytest/fixtures.py\", line 1125, in pytest_fixture_setup\n    result = call_fixture_func(fixturefunc, request, kwargs)\n  File \"/home/ubuntu/github-runner/_work/test-runners-2-is-x64-postgresql-operator/test-runners-2-is-x64-postgresql-operator/.tox/integration/lib/python3.10/site-packages/_pytest/fixtures.py\", line 880, in call_fixture_func\n    fixture_result = next(generator)\n  File \"/home/ubuntu/github-runner/_work/test-runners-2-is-x64-postgresql-operator/test-runners-2-is-x64-postgresql-operator/.tox/integration/lib/python3.10/site-packages/pytest_operator/plugin.py\", line 228, in abort_on_fail\n    pytest.xfail(\"aborted\")\n  File \"/home/ubuntu/github-runner/_work/test-runners-2-is-x64-postgresql-operator/test-runners-2-is-x64-postgresql-operator/.tox/integration/lib/python3.10/site-packages/_pytest/outcomes.py\", line 205, in xfail\n    raise XFailed(reason)\n","steps":[],"attachments":[],"parameters":[],"stepsCount":0,"shouldDisplayMessage":true,"attachmentsCount":0,"hasContent":true,"attachmentStep":false}],"testStage":{"description":"Completely cut and restore network (situation when the unit IP doesn't change).","status":"skipped","statusMessage":"XFAIL reason: aborted\n\n_pytest.outcomes.XFailed: aborted","statusTrace":"Traceback (most recent call last):\n  File \"/home/ubuntu/github-runner/_work/test-runners-2-is-x64-postgresql-operator/test-runners-2-is-x64-postgresql-operator/.tox/integration/lib/python3.10/site-packages/_pytest/runner.py\", line 341, in from_call\n    result: Optional[TResult] = func()\n  File \"/home/ubuntu/github-runner/_work/test-runners-2-is-x64-postgresql-operator/test-runners-2-is-x64-postgresql-operator/.tox/integration/lib/python3.10/site-packages/_pytest/runner.py\", line 241, in <lambda>\n    lambda: runtest_hook(item=item, **kwds), when=when, reraise=reraise\n  File \"/home/ubuntu/github-runner/_work/test-runners-2-is-x64-postgresql-operator/test-runners-2-is-x64-postgresql-operator/.tox/integration/lib/python3.10/site-packages/pluggy/_hooks.py\", line 513, in __call__\n    return self._hookexec(self.name, self._hookimpls.copy(), kwargs, firstresult)\n  File \"/home/ubuntu/github-runner/_work/test-runners-2-is-x64-postgresql-operator/test-runners-2-is-x64-postgresql-operator/.tox/integration/lib/python3.10/site-packages/pluggy/_manager.py\", line 120, in _hookexec\n    return self._inner_hookexec(hook_name, methods, kwargs, firstresult)\n  File \"/home/ubuntu/github-runner/_work/test-runners-2-is-x64-postgresql-operator/test-runners-2-is-x64-postgresql-operator/.tox/integration/lib/python3.10/site-packages/pluggy/_callers.py\", line 182, in _multicall\n    return outcome.get_result()\n  File \"/home/ubuntu/github-runner/_work/test-runners-2-is-x64-postgresql-operator/test-runners-2-is-x64-postgresql-operator/.tox/integration/lib/python3.10/site-packages/pluggy/_result.py\", line 100, in get_result\n    raise exc.with_traceback(exc.__traceback__)\n  File \"/home/ubuntu/github-runner/_work/test-runners-2-is-x64-postgresql-operator/test-runners-2-is-x64-postgresql-operator/.tox/integration/lib/python3.10/site-packages/pluggy/_callers.py\", line 167, in _multicall\n    teardown.throw(outcome._exception)\n  File \"/home/ubuntu/github-runner/_work/test-runners-2-is-x64-postgresql-operator/test-runners-2-is-x64-postgresql-operator/.tox/integration/lib/python3.10/site-packages/_pytest/unraisableexception.py\", line 85, in pytest_runtest_setup\n    yield from unraisable_exception_runtest_hook()\n  File \"/home/ubuntu/github-runner/_work/test-runners-2-is-x64-postgresql-operator/test-runners-2-is-x64-postgresql-operator/.tox/integration/lib/python3.10/site-packages/_pytest/unraisableexception.py\", line 65, in unraisable_exception_runtest_hook\n    yield\n  File \"/home/ubuntu/github-runner/_work/test-runners-2-is-x64-postgresql-operator/test-runners-2-is-x64-postgresql-operator/.tox/integration/lib/python3.10/site-packages/pluggy/_callers.py\", line 167, in _multicall\n    teardown.throw(outcome._exception)\n  File \"/home/ubuntu/github-runner/_work/test-runners-2-is-x64-postgresql-operator/test-runners-2-is-x64-postgresql-operator/.tox/integration/lib/python3.10/site-packages/_pytest/logging.py\", line 844, in pytest_runtest_setup\n    yield from self._runtest_for(item, \"setup\")\n  File \"/home/ubuntu/github-runner/_work/test-runners-2-is-x64-postgresql-operator/test-runners-2-is-x64-postgresql-operator/.tox/integration/lib/python3.10/site-packages/_pytest/logging.py\", line 833, in _runtest_for\n    yield\n  File \"/home/ubuntu/github-runner/_work/test-runners-2-is-x64-postgresql-operator/test-runners-2-is-x64-postgresql-operator/.tox/integration/lib/python3.10/site-packages/pluggy/_callers.py\", line 167, in _multicall\n    teardown.throw(outcome._exception)\n  File \"/home/ubuntu/github-runner/_work/test-runners-2-is-x64-postgresql-operator/test-runners-2-is-x64-postgresql-operator/.tox/integration/lib/python3.10/site-packages/_pytest/capture.py\", line 873, in pytest_runtest_setup\n    return (yield)\n  File \"/home/ubuntu/github-runner/_work/test-runners-2-is-x64-postgresql-operator/test-runners-2-is-x64-postgresql-operator/.tox/integration/lib/python3.10/site-packages/pluggy/_callers.py\", line 167, in _multicall\n    teardown.throw(outcome._exception)\n  File \"/home/ubuntu/github-runner/_work/test-runners-2-is-x64-postgresql-operator/test-runners-2-is-x64-postgresql-operator/.tox/integration/lib/python3.10/site-packages/_pytest/threadexception.py\", line 82, in pytest_runtest_setup\n    yield from thread_exception_runtest_hook()\n  File \"/home/ubuntu/github-runner/_work/test-runners-2-is-x64-postgresql-operator/test-runners-2-is-x64-postgresql-operator/.tox/integration/lib/python3.10/site-packages/_pytest/threadexception.py\", line 63, in thread_exception_runtest_hook\n    yield\n  File \"/home/ubuntu/github-runner/_work/test-runners-2-is-x64-postgresql-operator/test-runners-2-is-x64-postgresql-operator/.tox/integration/lib/python3.10/site-packages/pluggy/_callers.py\", line 103, in _multicall\n    res = hook_impl.function(*args)\n  File \"/home/ubuntu/github-runner/_work/test-runners-2-is-x64-postgresql-operator/test-runners-2-is-x64-postgresql-operator/.tox/integration/lib/python3.10/site-packages/_pytest/runner.py\", line 159, in pytest_runtest_setup\n    item.session._setupstate.setup(item)\n  File \"/home/ubuntu/github-runner/_work/test-runners-2-is-x64-postgresql-operator/test-runners-2-is-x64-postgresql-operator/.tox/integration/lib/python3.10/site-packages/_pytest/runner.py\", line 517, in setup\n    raise exc\n  File \"/home/ubuntu/github-runner/_work/test-runners-2-is-x64-postgresql-operator/test-runners-2-is-x64-postgresql-operator/.tox/integration/lib/python3.10/site-packages/_pytest/runner.py\", line 514, in setup\n    col.setup()\n  File \"/home/ubuntu/github-runner/_work/test-runners-2-is-x64-postgresql-operator/test-runners-2-is-x64-postgresql-operator/.tox/integration/lib/python3.10/site-packages/_pytest/python.py\", line 1635, in setup\n    self._request._fillfixtures()\n  File \"/home/ubuntu/github-runner/_work/test-runners-2-is-x64-postgresql-operator/test-runners-2-is-x64-postgresql-operator/.tox/integration/lib/python3.10/site-packages/_pytest/fixtures.py\", line 686, in _fillfixtures\n    item.funcargs[argname] = self.getfixturevalue(argname)\n  File \"/home/ubuntu/github-runner/_work/test-runners-2-is-x64-postgresql-operator/test-runners-2-is-x64-postgresql-operator/.tox/integration/lib/python3.10/site-packages/_pytest/fixtures.py\", line 521, in getfixturevalue\n    fixturedef = self._get_active_fixturedef(argname)\n  File \"/home/ubuntu/github-runner/_work/test-runners-2-is-x64-postgresql-operator/test-runners-2-is-x64-postgresql-operator/.tox/integration/lib/python3.10/site-packages/_pytest/fixtures.py\", line 606, in _get_active_fixturedef\n    fixturedef.execute(request=subrequest)\n  File \"/home/ubuntu/github-runner/_work/test-runners-2-is-x64-postgresql-operator/test-runners-2-is-x64-postgresql-operator/.tox/integration/lib/python3.10/site-packages/_pytest/fixtures.py\", line 1076, in execute\n    result = ihook.pytest_fixture_setup(fixturedef=self, request=request)\n  File \"/home/ubuntu/github-runner/_work/test-runners-2-is-x64-postgresql-operator/test-runners-2-is-x64-postgresql-operator/.tox/integration/lib/python3.10/site-packages/pluggy/_hooks.py\", line 513, in __call__\n    return self._hookexec(self.name, self._hookimpls.copy(), kwargs, firstresult)\n  File \"/home/ubuntu/github-runner/_work/test-runners-2-is-x64-postgresql-operator/test-runners-2-is-x64-postgresql-operator/.tox/integration/lib/python3.10/site-packages/pluggy/_manager.py\", line 120, in _hookexec\n    return self._inner_hookexec(hook_name, methods, kwargs, firstresult)\n  File \"/home/ubuntu/github-runner/_work/test-runners-2-is-x64-postgresql-operator/test-runners-2-is-x64-postgresql-operator/.tox/integration/lib/python3.10/site-packages/pluggy/_callers.py\", line 182, in _multicall\n    return outcome.get_result()\n  File \"/home/ubuntu/github-runner/_work/test-runners-2-is-x64-postgresql-operator/test-runners-2-is-x64-postgresql-operator/.tox/integration/lib/python3.10/site-packages/pluggy/_result.py\", line 100, in get_result\n    raise exc.with_traceback(exc.__traceback__)\n  File \"/home/ubuntu/github-runner/_work/test-runners-2-is-x64-postgresql-operator/test-runners-2-is-x64-postgresql-operator/.tox/integration/lib/python3.10/site-packages/pluggy/_callers.py\", line 167, in _multicall\n    teardown.throw(outcome._exception)\n  File \"/home/ubuntu/github-runner/_work/test-runners-2-is-x64-postgresql-operator/test-runners-2-is-x64-postgresql-operator/.tox/integration/lib/python3.10/site-packages/_pytest/setuponly.py\", line 36, in pytest_fixture_setup\n    return (yield)\n  File \"/home/ubuntu/github-runner/_work/test-runners-2-is-x64-postgresql-operator/test-runners-2-is-x64-postgresql-operator/.tox/integration/lib/python3.10/site-packages/pluggy/_callers.py\", line 103, in _multicall\n    res = hook_impl.function(*args)\n  File \"/home/ubuntu/github-runner/_work/test-runners-2-is-x64-postgresql-operator/test-runners-2-is-x64-postgresql-operator/.tox/integration/lib/python3.10/site-packages/_pytest/fixtures.py\", line 1125, in pytest_fixture_setup\n    result = call_fixture_func(fixturefunc, request, kwargs)\n  File \"/home/ubuntu/github-runner/_work/test-runners-2-is-x64-postgresql-operator/test-runners-2-is-x64-postgresql-operator/.tox/integration/lib/python3.10/site-packages/_pytest/fixtures.py\", line 880, in call_fixture_func\n    fixture_result = next(generator)\n  File \"/home/ubuntu/github-runner/_work/test-runners-2-is-x64-postgresql-operator/test-runners-2-is-x64-postgresql-operator/.tox/integration/lib/python3.10/site-packages/pytest_operator/plugin.py\", line 228, in abort_on_fail\n    pytest.xfail(\"aborted\")\n  File \"/home/ubuntu/github-runner/_work/test-runners-2-is-x64-postgresql-operator/test-runners-2-is-x64-postgresql-operator/.tox/integration/lib/python3.10/site-packages/_pytest/outcomes.py\", line 205, in xfail\n    raise XFailed(reason)\n_pytest.outcomes.XFailed: aborted","steps":[],"attachments":[{"uid":"263e5ee04dc775e0","name":"log","source":"263e5ee04dc775e0.txt","type":"text/plain","size":4311}],"parameters":[],"stepsCount":0,"shouldDisplayMessage":true,"attachmentsCount":1,"hasContent":true,"attachmentStep":false},"afterStages":[{"name":"primary_start_timeout::finalizer","time":{"start":1722477786407,"stop":1722477786444,"duration":37},"status":"passed","steps":[],"attachments":[],"parameters":[],"stepsCount":0,"shouldDisplayMessage":false,"attachmentsCount":0,"hasContent":false,"attachmentStep":false},{"name":"ops_test::finalizer","time":{"start":1722477786446,"stop":1722477786966,"duration":520},"status":"passed","steps":[],"attachments":[],"parameters":[],"stepsCount":0,"shouldDisplayMessage":false,"attachmentsCount":0,"hasContent":false,"attachmentStep":false},{"name":"event_loop::2","time":{"start":1722477786967,"stop":1722477786968,"duration":1},"status":"passed","steps":[],"attachments":[],"parameters":[],"stepsCount":0,"shouldDisplayMessage":false,"attachmentsCount":0,"hasContent":false,"attachmentStep":false},{"name":"event_loop::_close_event_loop","time":{"start":1722477786968,"stop":1722477786968,"duration":0},"status":"passed","steps":[],"attachments":[],"parameters":[],"stepsCount":0,"shouldDisplayMessage":false,"attachmentsCount":0,"hasContent":false,"attachmentStep":false},{"name":"event_loop::_provide_clean_event_loop","time":{"start":1722477786968,"stop":1722477786969,"duration":1},"status":"passed","steps":[],"attachments":[],"parameters":[],"stepsCount":0,"shouldDisplayMessage":false,"attachmentsCount":0,"hasContent":false,"attachmentStep":false}],"labels":[{"name":"tag","value":"abort_on_fail"},{"name":"tag","value":"group(1)"},{"name":"tag","value":"asyncio"},{"name":"parentSuite","value":"tests.integration.ha_tests"},{"name":"suite","value":"test_self_healing"},{"name":"host","value":"large-454-61b7b436041558588ab113b7"},{"name":"thread","value":"9759-MainThread"},{"name":"framework","value":"pytest"},{"name":"language","value":"cpython3"},{"name":"package","value":"tests.integration.ha_tests.test_self_healing"},{"name":"resultFormat","value":"allure2"}],"parameters":[],"links":[],"hidden":false,"retry":false,"extra":{"severity":"normal","retries":[{"uid":"e52151f6bcc4a345","status":"unknown","time":{}}],"categories":[],"history":{"statistic":{"failed":2,"broken":11,"skipped":14,"passed":21,"unknown":6,"total":54},"items":[{"uid":"490d8a7b29f0e6ed","reportUrl":"../128//#testresult/490d8a7b29f0e6ed","status":"skipped","statusDetails":"XFAIL reason: aborted\n\n_pytest.outcomes.XFailed: aborted","time":{"start":1722391986588,"stop":1722391986588,"duration":0}},{"uid":"6ffd6695a731d0dd","reportUrl":"../127//#testresult/6ffd6695a731d0dd","status":"skipped","statusDetails":"XFAIL reason: aborted\n\n_pytest.outcomes.XFailed: aborted","time":{"start":1722304829564,"stop":1722304829564,"duration":0}},{"uid":"e72e3e8a2a96a45","reportUrl":"../126//#testresult/e72e3e8a2a96a45","status":"skipped","statusDetails":"XFAIL reason: aborted\n\n_pytest.outcomes.XFailed: aborted","time":{"start":1722217994645,"stop":1722217994645,"duration":0}},{"uid":"57e1ee577a6af117","reportUrl":"../125//#testresult/57e1ee577a6af117","status":"skipped","statusDetails":"XFAIL reason: aborted\n\n_pytest.outcomes.XFailed: aborted","time":{"start":1722132092206,"stop":1722132092206,"duration":0}},{"uid":"d6b3ae84d79126e2","reportUrl":"../124//#testresult/d6b3ae84d79126e2","status":"skipped","statusDetails":"XFAIL reason: aborted\n\n_pytest.outcomes.XFailed: aborted","time":{"start":1722045644673,"stop":1722045644673,"duration":0}},{"uid":"90545888e8432b4","reportUrl":"../123//#testresult/90545888e8432b4","status":"skipped","statusDetails":"XFAIL reason: aborted\n\n_pytest.outcomes.XFailed: aborted","time":{"start":1721959236588,"stop":1721959236588,"duration":0}},{"uid":"aa9593a1e24743f3","reportUrl":"../122//#testresult/aa9593a1e24743f3","status":"skipped","statusDetails":"XFAIL reason: aborted\n\n_pytest.outcomes.XFailed: aborted","time":{"start":1721872724659,"stop":1721872724659,"duration":0}},{"uid":"597764b8bf529d2d","reportUrl":"../121//#testresult/597764b8bf529d2d","status":"skipped","statusDetails":"XFAIL reason: aborted\n\n_pytest.outcomes.XFailed: aborted","time":{"start":1721786814111,"stop":1721786814111,"duration":0}},{"uid":"a2d519e99156a7b2","reportUrl":"../120//#testresult/a2d519e99156a7b2","status":"passed","time":{"start":1721701216227,"stop":1721701421880,"duration":205653}},{"uid":"c3db43c3ac8b9bf2","reportUrl":"../119//#testresult/c3db43c3ac8b9bf2","status":"skipped","statusDetails":"XFAIL reason: aborted\n\n_pytest.outcomes.XFailed: aborted","time":{"start":1721616281088,"stop":1721616281088,"duration":0}},{"uid":"31dcaae189d4a3c5","reportUrl":"../118//#testresult/31dcaae189d4a3c5","status":"skipped","statusDetails":"XFAIL reason: aborted\n\n_pytest.outcomes.XFailed: aborted","time":{"start":1721527383975,"stop":1721527383975,"duration":0}},{"uid":"d872d707e6a70756","reportUrl":"../117//#testresult/d872d707e6a70756","status":"skipped","statusDetails":"XFAIL reason: aborted\n\n_pytest.outcomes.XFailed: aborted","time":{"start":1721444060484,"stop":1721444060484,"duration":0}},{"uid":"89d0067fb91b385e","reportUrl":"../113//#testresult/89d0067fb91b385e","status":"skipped","statusDetails":"XFAIL reason: aborted\n\n_pytest.outcomes.XFailed: aborted","time":{"start":1721268068640,"stop":1721268068640,"duration":0}},{"uid":"a3da4103353234fd","reportUrl":"../111//#testresult/a3da4103353234fd","status":"unknown","time":{}},{"uid":"f3e0d5fd19cdd166","reportUrl":"../110//#testresult/f3e0d5fd19cdd166","status":"broken","statusDetails":"Exception: ('Expected command %s to succeed instead it failed: %s', 'hostname', 1)","time":{"start":1721095701317,"stop":1721096010335,"duration":309018}},{"uid":"c6a64356ad3004f1","reportUrl":"../109//#testresult/c6a64356ad3004f1","status":"passed","time":{"start":1721009923017,"stop":1721010116154,"duration":193137}},{"uid":"75a21f9fd5613d7d","reportUrl":"../108//#testresult/75a21f9fd5613d7d","status":"skipped","statusDetails":"XFAIL reason: aborted\n\n_pytest.outcomes.XFailed: aborted","time":{"start":1720921345270,"stop":1720921345270,"duration":0}},{"uid":"1a3d74d831b42c19","reportUrl":"../107//#testresult/1a3d74d831b42c19","status":"passed","time":{"start":1720837341777,"stop":1720837562045,"duration":220268}},{"uid":"4e1f3520e4c5eb9e","reportUrl":"../106//#testresult/4e1f3520e4c5eb9e","status":"broken","statusDetails":"tenacity.RetryError: RetryError[<Future at 0x7cccaf1de380 state=finished raised AssertionError>]","time":{"start":1720752269599,"stop":1720752452808,"duration":183209}},{"uid":"509f2c553c5d8f59","reportUrl":"../105//#testresult/509f2c553c5d8f59","status":"passed","time":{"start":1720664245453,"stop":1720664458537,"duration":213084}}]},"tags":["asyncio","abort_on_fail","group(1)"]},"source":"e10d63ed8b24ef0c.json","parameterValues":[]}